<?xml version="1.0" encoding="UTF-8"?>
<testsuite name="com.fastcampus.javaallinone.project3.mycontact.controller.PersonControllerTest" tests="1" skipped="0" failures="0" errors="0" timestamp="2021-04-01T06:23:53" hostname="KH-NOTE" time="1.207">
  <properties/>
  <testcase name="modifyPerson()" classname="com.fastcampus.javaallinone.project3.mycontact.controller.PersonControllerTest" time="1.207"/>
  <system-out><![CDATA[15:23:45.035 [Test worker] DEBUG org.springframework.test.context.BootstrapUtils - Instantiating CacheAwareContextLoaderDelegate from class [org.springframework.test.context.cache.DefaultCacheAwareContextLoaderDelegate]
15:23:45.054 [Test worker] DEBUG org.springframework.test.context.BootstrapUtils - Instantiating BootstrapContext using constructor [public org.springframework.test.context.support.DefaultBootstrapContext(java.lang.Class,org.springframework.test.context.CacheAwareContextLoaderDelegate)]
15:23:45.098 [Test worker] DEBUG org.springframework.test.context.BootstrapUtils - Instantiating TestContextBootstrapper for test class [com.fastcampus.javaallinone.project3.mycontact.controller.PersonControllerTest] from class [org.springframework.boot.test.context.SpringBootTestContextBootstrapper]
15:23:45.114 [Test worker] INFO org.springframework.boot.test.context.SpringBootTestContextBootstrapper - Neither @ContextConfiguration nor @ContextHierarchy found for test class [com.fastcampus.javaallinone.project3.mycontact.controller.PersonControllerTest], using SpringBootContextLoader
15:23:45.119 [Test worker] DEBUG org.springframework.test.context.support.AbstractContextLoader - Did not detect default resource location for test class [com.fastcampus.javaallinone.project3.mycontact.controller.PersonControllerTest]: class path resource [com/fastcampus/javaallinone/project3/mycontact/controller/PersonControllerTest-context.xml] does not exist
15:23:45.120 [Test worker] DEBUG org.springframework.test.context.support.AbstractContextLoader - Did not detect default resource location for test class [com.fastcampus.javaallinone.project3.mycontact.controller.PersonControllerTest]: class path resource [com/fastcampus/javaallinone/project3/mycontact/controller/PersonControllerTestContext.groovy] does not exist
15:23:45.120 [Test worker] INFO org.springframework.test.context.support.AbstractContextLoader - Could not detect default resource locations for test class [com.fastcampus.javaallinone.project3.mycontact.controller.PersonControllerTest]: no resource found for suffixes {-context.xml, Context.groovy}.
15:23:45.121 [Test worker] INFO org.springframework.test.context.support.AnnotationConfigContextLoaderUtils - Could not detect default configuration classes for test class [com.fastcampus.javaallinone.project3.mycontact.controller.PersonControllerTest]: PersonControllerTest does not declare any static, non-private, non-final, nested classes annotated with @Configuration.
15:23:45.186 [Test worker] DEBUG org.springframework.test.context.support.ActiveProfilesUtils - Could not find an 'annotation declaring class' for annotation type [org.springframework.test.context.ActiveProfiles] and class [com.fastcampus.javaallinone.project3.mycontact.controller.PersonControllerTest]
15:23:45.306 [Test worker] DEBUG org.springframework.context.annotation.ClassPathScanningCandidateComponentProvider - Identified candidate component class: file [C:\Users\newon\Desktop\demo\mycontact\build\classes\java\main\com\fastcampus\javaallinone\project3\mycontact\MycontactApplication.class]
15:23:45.308 [Test worker] INFO org.springframework.boot.test.context.SpringBootTestContextBootstrapper - Found @SpringBootConfiguration com.fastcampus.javaallinone.project3.mycontact.MycontactApplication for test class com.fastcampus.javaallinone.project3.mycontact.controller.PersonControllerTest
15:23:45.464 [Test worker] DEBUG org.springframework.boot.test.context.SpringBootTestContextBootstrapper - @TestExecutionListeners is not present for class [com.fastcampus.javaallinone.project3.mycontact.controller.PersonControllerTest]: using defaults.
15:23:45.468 [Test worker] INFO org.springframework.boot.test.context.SpringBootTestContextBootstrapper - Loaded default TestExecutionListener class names from location [META-INF/spring.factories]: [org.springframework.boot.test.autoconfigure.restdocs.RestDocsTestExecutionListener, org.springframework.boot.test.autoconfigure.web.client.MockRestServiceServerResetTestExecutionListener, org.springframework.boot.test.autoconfigure.web.servlet.MockMvcPrintOnlyOnFailureTestExecutionListener, org.springframework.boot.test.autoconfigure.web.servlet.WebDriverTestExecutionListener, org.springframework.boot.test.autoconfigure.webservices.client.MockWebServiceServerTestExecutionListener, org.springframework.boot.test.mock.mockito.MockitoTestExecutionListener, org.springframework.boot.test.mock.mockito.ResetMocksTestExecutionListener, org.springframework.test.context.web.ServletTestExecutionListener, org.springframework.test.context.support.DirtiesContextBeforeModesTestExecutionListener, org.springframework.test.context.event.ApplicationEventsTestExecutionListener, org.springframework.test.context.support.DependencyInjectionTestExecutionListener, org.springframework.test.context.support.DirtiesContextTestExecutionListener, org.springframework.test.context.transaction.TransactionalTestExecutionListener, org.springframework.test.context.jdbc.SqlScriptsTestExecutionListener, org.springframework.test.context.event.EventPublishingTestExecutionListener]
15:23:45.490 [Test worker] INFO org.springframework.boot.test.context.SpringBootTestContextBootstrapper - Using TestExecutionListeners: [org.springframework.test.context.web.ServletTestExecutionListener@2794f1ec, org.springframework.test.context.support.DirtiesContextBeforeModesTestExecutionListener@2cf084c7, org.springframework.test.context.event.ApplicationEventsTestExecutionListener@26da8e08, org.springframework.boot.test.mock.mockito.MockitoTestExecutionListener@1ba3939b, org.springframework.boot.test.autoconfigure.SpringBootDependencyInjectionTestExecutionListener@1b381a92, org.springframework.test.context.support.DirtiesContextTestExecutionListener@3346638e, org.springframework.test.context.transaction.TransactionalTestExecutionListener@411e0120, org.springframework.test.context.jdbc.SqlScriptsTestExecutionListener@46266dd3, org.springframework.test.context.event.EventPublishingTestExecutionListener@1d91130f, org.springframework.boot.test.autoconfigure.restdocs.RestDocsTestExecutionListener@1dcb4920, org.springframework.boot.test.autoconfigure.web.client.MockRestServiceServerResetTestExecutionListener@2ced4cb8, org.springframework.boot.test.autoconfigure.web.servlet.MockMvcPrintOnlyOnFailureTestExecutionListener@5950e403, org.springframework.boot.test.autoconfigure.web.servlet.WebDriverTestExecutionListener@4c4c8d4d, org.springframework.boot.test.autoconfigure.webservices.client.MockWebServiceServerTestExecutionListener@b094fad, org.springframework.boot.test.mock.mockito.ResetMocksTestExecutionListener@4d475af8]
15:23:45.494 [Test worker] DEBUG org.springframework.test.context.support.AbstractDirtiesContextTestExecutionListener - Before test class: context [DefaultTestContext@3280c8c7 testClass = PersonControllerTest, testInstance = [null], testMethod = [null], testException = [null], mergedContextConfiguration = [WebMergedContextConfiguration@5f870c64 testClass = PersonControllerTest, locations = '{}', classes = '{class com.fastcampus.javaallinone.project3.mycontact.MycontactApplication}', contextInitializerClasses = '[]', activeProfiles = '{}', propertySourceLocations = '{}', propertySourceProperties = '{org.springframework.boot.test.context.SpringBootTestContextBootstrapper=true}', contextCustomizers = set[org.springframework.boot.test.autoconfigure.actuate.metrics.MetricsExportContextCustomizerFactory$DisableMetricExportContextCustomizer@75a8437a, org.springframework.boot.test.autoconfigure.properties.PropertyMappingContextCustomizer@0, org.springframework.boot.test.autoconfigure.web.servlet.WebDriverContextCustomizerFactory$Customizer@240fac92, org.springframework.boot.test.context.filter.ExcludeFilterContextCustomizer@24ccbdb, org.springframework.boot.test.json.DuplicateJsonObjectContextCustomizerFactory$DuplicateJsonObjectContextCustomizer@76749389, org.springframework.boot.test.mock.mockito.MockitoContextCustomizer@0, org.springframework.boot.test.web.client.TestRestTemplateContextCustomizer@a310b7a, org.springframework.boot.test.context.SpringBootTestArgs@1, org.springframework.boot.test.context.SpringBootTestWebEnvironment@3f83c246], resourceBasePath = 'src/main/webapp', contextLoader = 'org.springframework.boot.test.context.SpringBootContextLoader', parent = [null]], attributes = map['org.springframework.test.context.web.ServletTestExecutionListener.activateListener' -> true]], class annotated with @DirtiesContext [false] with mode [null].
15:23:45.537 [Test worker] DEBUG org.springframework.test.context.support.TestPropertySourceUtils - Adding inlined properties to environment: {spring.jmx.enabled=false, org.springframework.boot.test.context.SpringBootTestContextBootstrapper=true}

  .   ____          _            __ _ _
 /\\ / ___'_ __ _ _(_)_ __  __ _ \ \ \ \
( ( )\___ | '_ | '_| | '_ \/ _` | \ \ \ \
 \\/  ___)| |_)| | | | | || (_| |  ) ) ) )
  '  |____| .__|_| |_|_| |_\__, | / / / /
 =========|_|==============|___/=/_/_/_/
 :: Spring Boot ::                (v2.4.3)

2021-04-01 15:23:46.144  INFO 9220 --- [    Test worker] c.f.j.p.m.c.PersonControllerTest         : Starting PersonControllerTest using Java 15.0.1 on KH-note with PID 9220 (started by newon in C:\Users\newon\Desktop\demo\mycontact)
2021-04-01 15:23:46.148  INFO 9220 --- [    Test worker] c.f.j.p.m.c.PersonControllerTest         : No active profile set, falling back to default profiles: default
2021-04-01 15:23:47.702  INFO 9220 --- [    Test worker] .s.d.r.c.RepositoryConfigurationDelegate : Bootstrapping Spring Data JPA repositories in DEFAULT mode.
2021-04-01 15:23:47.779  INFO 9220 --- [    Test worker] .s.d.r.c.RepositoryConfigurationDelegate : Finished Spring Data repository scanning in 66 ms. Found 1 JPA repository interfaces.
2021-04-01 15:23:49.315  INFO 9220 --- [    Test worker] com.zaxxer.hikari.HikariDataSource       : HikariPool-1 - Starting...
2021-04-01 15:23:50.072  INFO 9220 --- [    Test worker] com.zaxxer.hikari.HikariDataSource       : HikariPool-1 - Start completed.
2021-04-01 15:23:50.289  INFO 9220 --- [    Test worker] o.hibernate.jpa.internal.util.LogHelper  : HHH000204: Processing PersistenceUnitInfo [name: default]
2021-04-01 15:23:50.383  INFO 9220 --- [    Test worker] org.hibernate.Version                    : HHH000412: Hibernate ORM core version 5.4.28.Final
2021-04-01 15:23:50.623  INFO 9220 --- [    Test worker] o.hibernate.annotations.common.Version   : HCANN000001: Hibernate Commons Annotations {5.1.2.Final}
2021-04-01 15:23:50.828  INFO 9220 --- [    Test worker] org.hibernate.dialect.Dialect            : HHH000400: Using dialect: org.hibernate.dialect.H2Dialect
Hibernate: drop table if exists person CASCADE 
Hibernate: create table person (id bigint generated by default as identity, address varchar(255), day_of_birthday integer, month_of_birthday integer, year_of_birthday integer, deleted boolean default 0 not null, hobby varchar(255), job varchar(255), name varchar(255) not null, phone_number varchar(255), primary key (id))
2021-04-01 15:23:51.746  INFO 9220 --- [    Test worker] o.h.e.t.j.p.i.JtaPlatformInitiator       : HHH000490: Using JtaPlatform implementation: [org.hibernate.engine.transaction.jta.platform.internal.NoJtaPlatform]
2021-04-01 15:23:51.757  INFO 9220 --- [    Test worker] j.LocalContainerEntityManagerFactoryBean : Initialized JPA EntityManagerFactory for persistence unit 'default'
2021-04-01 15:23:52.722  WARN 9220 --- [    Test worker] JpaBaseConfiguration$JpaWebConfiguration : spring.jpa.open-in-view is enabled by default. Therefore, database queries may be performed during view rendering. Explicitly configure spring.jpa.open-in-view to disable this warning
2021-04-01 15:23:53.056  INFO 9220 --- [    Test worker] o.s.s.concurrent.ThreadPoolTaskExecutor  : Initializing ExecutorService 'applicationTaskExecutor'
2021-04-01 15:23:53.594  INFO 9220 --- [    Test worker] c.f.j.p.m.c.PersonControllerTest         : Started PersonControllerTest in 8.046 seconds (JVM running for 9.878)
2021-04-01 15:23:53.651  INFO 9220 --- [    Test worker] o.s.t.c.transaction.TransactionContext   : Began transaction (1) for test context [DefaultTestContext@3280c8c7 testClass = PersonControllerTest, testInstance = com.fastcampus.javaallinone.project3.mycontact.controller.PersonControllerTest@7ab68d5d, testMethod = modifyPerson@PersonControllerTest, testException = [null], mergedContextConfiguration = [WebMergedContextConfiguration@5f870c64 testClass = PersonControllerTest, locations = '{}', classes = '{class com.fastcampus.javaallinone.project3.mycontact.MycontactApplication}', contextInitializerClasses = '[]', activeProfiles = '{}', propertySourceLocations = '{}', propertySourceProperties = '{org.springframework.boot.test.context.SpringBootTestContextBootstrapper=true}', contextCustomizers = set[org.springframework.boot.test.autoconfigure.actuate.metrics.MetricsExportContextCustomizerFactory$DisableMetricExportContextCustomizer@75a8437a, org.springframework.boot.test.autoconfigure.properties.PropertyMappingContextCustomizer@0, org.springframework.boot.test.autoconfigure.web.servlet.WebDriverContextCustomizerFactory$Customizer@240fac92, org.springframework.boot.test.context.filter.ExcludeFilterContextCustomizer@24ccbdb, org.springframework.boot.test.json.DuplicateJsonObjectContextCustomizerFactory$DuplicateJsonObjectContextCustomizer@76749389, org.springframework.boot.test.mock.mockito.MockitoContextCustomizer@0, org.springframework.boot.test.web.client.TestRestTemplateContextCustomizer@a310b7a, org.springframework.boot.test.context.SpringBootTestArgs@1, org.springframework.boot.test.context.SpringBootTestWebEnvironment@3f83c246], resourceBasePath = 'src/main/webapp', contextLoader = 'org.springframework.boot.test.context.SpringBootContextLoader', parent = [null]], attributes = map['org.springframework.test.context.web.ServletTestExecutionListener.activateListener' -> true, 'org.springframework.test.context.web.ServletTestExecutionListener.populatedRequestContextHolder' -> true, 'org.springframework.test.context.web.ServletTestExecutionListener.resetRequestContextHolder' -> true, 'org.springframework.test.context.event.ApplicationEventsTestExecutionListener.recordApplicationEvents' -> false]]; transaction manager [org.springframework.orm.jpa.JpaTransactionManager@4647f288]; rollback [true]
2021-04-01 15:23:54.146  INFO 9220 --- [    Test worker] o.s.mock.web.MockServletContext          : Initializing Spring TestDispatcherServlet ''
2021-04-01 15:23:54.146  INFO 9220 --- [    Test worker] o.s.t.web.servlet.TestDispatcherServlet  : Initializing Servlet ''
2021-04-01 15:23:54.147  INFO 9220 --- [    Test worker] o.s.t.web.servlet.TestDispatcherServlet  : Completed initialization in 1 ms
Hibernate: select person0_.id as id1_0_0_, person0_.address as address2_0_0_, person0_.day_of_birthday as day_of_b3_0_0_, person0_.month_of_birthday as month_of4_0_0_, person0_.year_of_birthday as year_of_5_0_0_, person0_.deleted as deleted6_0_0_, person0_.hobby as hobby7_0_0_, person0_.job as job8_0_0_, person0_.name as name9_0_0_, person0_.phone_number as phone_n10_0_0_ from person person0_ where person0_.id=? and ( person0_.deleted = 0)

MockHttpServletRequest:
      HTTP Method = PUT
      Request URI = /api/person/1
       Parameters = {}
          Headers = [Content-Type:"application/json;charset=UTF-8", Content-Length:"131"]
             Body = {"name":"martin","hobby":"programming","address":"판교","birthday":"2021-04-01","job":"programmer","phoneNumber":"010-1111-2222"}
    Session Attrs = {}

Handler:
             Type = com.fastcampus.javaallinone.project3.mycontact.controller.PersonController
           Method = com.fastcampus.javaallinone.project3.mycontact.controller.PersonController#modifyPerson(Long, PersonDto)

Async:
    Async started = false
     Async result = null

Resolved Exception:
             Type = null

ModelAndView:
        View name = null
             View = null
            Model = null

FlashMap:
       Attributes = null

MockHttpServletResponse:
           Status = 200
    Error message = null
          Headers = []
     Content type = null
             Body = 
    Forwarded URL = null
   Redirected URL = null
          Cookies = []
2021-04-01 15:23:54.834  INFO 9220 --- [    Test worker] o.s.t.c.transaction.TransactionContext   : Rolled back transaction for test: [DefaultTestContext@3280c8c7 testClass = PersonControllerTest, testInstance = com.fastcampus.javaallinone.project3.mycontact.controller.PersonControllerTest@7ab68d5d, testMethod = modifyPerson@PersonControllerTest, testException = [null], mergedContextConfiguration = [WebMergedContextConfiguration@5f870c64 testClass = PersonControllerTest, locations = '{}', classes = '{class com.fastcampus.javaallinone.project3.mycontact.MycontactApplication}', contextInitializerClasses = '[]', activeProfiles = '{}', propertySourceLocations = '{}', propertySourceProperties = '{org.springframework.boot.test.context.SpringBootTestContextBootstrapper=true}', contextCustomizers = set[org.springframework.boot.test.autoconfigure.actuate.metrics.MetricsExportContextCustomizerFactory$DisableMetricExportContextCustomizer@75a8437a, org.springframework.boot.test.autoconfigure.properties.PropertyMappingContextCustomizer@0, org.springframework.boot.test.autoconfigure.web.servlet.WebDriverContextCustomizerFactory$Customizer@240fac92, org.springframework.boot.test.context.filter.ExcludeFilterContextCustomizer@24ccbdb, org.springframework.boot.test.json.DuplicateJsonObjectContextCustomizerFactory$DuplicateJsonObjectContextCustomizer@76749389, org.springframework.boot.test.mock.mockito.MockitoContextCustomizer@0, org.springframework.boot.test.web.client.TestRestTemplateContextCustomizer@a310b7a, org.springframework.boot.test.context.SpringBootTestArgs@1, org.springframework.boot.test.context.SpringBootTestWebEnvironment@3f83c246], resourceBasePath = 'src/main/webapp', contextLoader = 'org.springframework.boot.test.context.SpringBootContextLoader', parent = [null]], attributes = map['org.springframework.test.context.web.ServletTestExecutionListener.activateListener' -> true, 'org.springframework.test.context.web.ServletTestExecutionListener.populatedRequestContextHolder' -> true, 'org.springframework.test.context.web.ServletTestExecutionListener.resetRequestContextHolder' -> true, 'org.springframework.test.context.event.ApplicationEventsTestExecutionListener.recordApplicationEvents' -> false]]
]]></system-out>
  <system-err><![CDATA[]]></system-err>
</testsuite>
