<?xml version="1.0" encoding="UTF-8"?>
<testsuite name="com.fastcampus.javaallinone.project3.mycontact.service.PersonServiceTest" tests="3" skipped="0" failures="0" errors="0" timestamp="2021-03-23T09:39:08" hostname="KH-NOTE" time="0.155">
  <properties/>
  <testcase name="getPeopleByNames()" classname="com.fastcampus.javaallinone.project3.mycontact.service.PersonServiceTest" time="0.079"/>
  <testcase name="getPeopleExcludeBlocks()" classname="com.fastcampus.javaallinone.project3.mycontact.service.PersonServiceTest" time="0.022"/>
  <testcase name="getPerson()" classname="com.fastcampus.javaallinone.project3.mycontact.service.PersonServiceTest" time="0.048"/>
  <system-out><![CDATA[2021-03-23 18:39:08.196  INFO 14428 --- [    Test worker] .b.t.c.SpringBootTestContextBootstrapper : Neither @ContextConfiguration nor @ContextHierarchy found for test class [com.fastcampus.javaallinone.project3.mycontact.service.PersonServiceTest], using SpringBootContextLoader
2021-03-23 18:39:08.199  INFO 14428 --- [    Test worker] o.s.t.c.support.AbstractContextLoader    : Could not detect default resource locations for test class [com.fastcampus.javaallinone.project3.mycontact.service.PersonServiceTest]: no resource found for suffixes {-context.xml, Context.groovy}.
2021-03-23 18:39:08.200  INFO 14428 --- [    Test worker] t.c.s.AnnotationConfigContextLoaderUtils : Could not detect default configuration classes for test class [com.fastcampus.javaallinone.project3.mycontact.service.PersonServiceTest]: PersonServiceTest does not declare any static, non-private, non-final, nested classes annotated with @Configuration.
2021-03-23 18:39:08.220  INFO 14428 --- [    Test worker] .b.t.c.SpringBootTestContextBootstrapper : Found @SpringBootConfiguration com.fastcampus.javaallinone.project3.mycontact.MycontactApplication for test class com.fastcampus.javaallinone.project3.mycontact.service.PersonServiceTest
2021-03-23 18:39:08.230  INFO 14428 --- [    Test worker] .b.t.c.SpringBootTestContextBootstrapper : Loaded default TestExecutionListener class names from location [META-INF/spring.factories]: [org.springframework.boot.test.autoconfigure.restdocs.RestDocsTestExecutionListener, org.springframework.boot.test.autoconfigure.web.client.MockRestServiceServerResetTestExecutionListener, org.springframework.boot.test.autoconfigure.web.servlet.MockMvcPrintOnlyOnFailureTestExecutionListener, org.springframework.boot.test.autoconfigure.web.servlet.WebDriverTestExecutionListener, org.springframework.boot.test.autoconfigure.webservices.client.MockWebServiceServerTestExecutionListener, org.springframework.boot.test.mock.mockito.MockitoTestExecutionListener, org.springframework.boot.test.mock.mockito.ResetMocksTestExecutionListener, org.springframework.test.context.web.ServletTestExecutionListener, org.springframework.test.context.support.DirtiesContextBeforeModesTestExecutionListener, org.springframework.test.context.event.ApplicationEventsTestExecutionListener, org.springframework.test.context.support.DependencyInjectionTestExecutionListener, org.springframework.test.context.support.DirtiesContextTestExecutionListener, org.springframework.test.context.transaction.TransactionalTestExecutionListener, org.springframework.test.context.jdbc.SqlScriptsTestExecutionListener, org.springframework.test.context.event.EventPublishingTestExecutionListener]
2021-03-23 18:39:08.231  INFO 14428 --- [    Test worker] .b.t.c.SpringBootTestContextBootstrapper : Using TestExecutionListeners: [org.springframework.test.context.web.ServletTestExecutionListener@204d030e, org.springframework.test.context.support.DirtiesContextBeforeModesTestExecutionListener@9b5d6b2, org.springframework.test.context.event.ApplicationEventsTestExecutionListener@75d0d84a, org.springframework.boot.test.mock.mockito.MockitoTestExecutionListener@4016e740, org.springframework.boot.test.autoconfigure.SpringBootDependencyInjectionTestExecutionListener@80bd93f, org.springframework.test.context.support.DirtiesContextTestExecutionListener@2f2c8eca, org.springframework.test.context.transaction.TransactionalTestExecutionListener@5ccd01ed, org.springframework.test.context.jdbc.SqlScriptsTestExecutionListener@2b96c1d3, org.springframework.test.context.event.EventPublishingTestExecutionListener@7d8227bf, org.springframework.boot.test.autoconfigure.restdocs.RestDocsTestExecutionListener@3613bc1b, org.springframework.boot.test.autoconfigure.web.client.MockRestServiceServerResetTestExecutionListener@2e5115d, org.springframework.boot.test.autoconfigure.web.servlet.MockMvcPrintOnlyOnFailureTestExecutionListener@1fe0d08b, org.springframework.boot.test.autoconfigure.web.servlet.WebDriverTestExecutionListener@73b3a317, org.springframework.boot.test.autoconfigure.webservices.client.MockWebServiceServerTestExecutionListener@58eb3a1e, org.springframework.boot.test.mock.mockito.ResetMocksTestExecutionListener@72aeb7a7]
Hibernate: select person0_.id as id1_1_, person0_.address as address2_1_, person0_.age as age3_1_, person0_.day_of_birthday as day_of_b4_1_, person0_.month_of_birthday as month_of5_1_, person0_.year_of_birthday as year_of_6_1_, person0_.block_id as block_i12_1_, person0_.blood_type as blood_ty7_1_, person0_.hobby as hobby8_1_, person0_.job as job9_1_, person0_.name as name10_1_, person0_.phone_number as phone_n11_1_ from person person0_ where person0_.name=?
Hibernate: select person0_.id as id1_1_, person0_.address as address2_1_, person0_.age as age3_1_, person0_.day_of_birthday as day_of_b4_1_, person0_.month_of_birthday as month_of5_1_, person0_.year_of_birthday as year_of_6_1_, person0_.block_id as block_i12_1_, person0_.blood_type as blood_ty7_1_, person0_.hobby as hobby8_1_, person0_.job as job9_1_, person0_.name as name10_1_, person0_.phone_number as phone_n11_1_ from person person0_ where person0_.block_id is null
Hibernate: select person0_.id as id1_1_0_, person0_.address as address2_1_0_, person0_.age as age3_1_0_, person0_.day_of_birthday as day_of_b4_1_0_, person0_.month_of_birthday as month_of5_1_0_, person0_.year_of_birthday as year_of_6_1_0_, person0_.block_id as block_i12_1_0_, person0_.blood_type as blood_ty7_1_0_, person0_.hobby as hobby8_1_0_, person0_.job as job9_1_0_, person0_.name as name10_1_0_, person0_.phone_number as phone_n11_1_0_, block1_.id as id1_0_1_, block1_.end_date as end_date2_0_1_, block1_.name as name3_0_1_, block1_.reason as reason4_0_1_, block1_.start_date as start_da5_0_1_ from person person0_ left outer join block block1_ on person0_.block_id=block1_.id where person0_.id=?
2021-03-23 18:39:08.365  INFO 14428 --- [    Test worker] c.f.j.p.mycontact.service.PersonService  : person: Person(id=3, name=dennis, age=8, hobby=null, bloodType=O, address=null, birthday=Birthday(yearOfBirthday=1991, monthOfBirthday=10, dayOfBirthday=15), job=null)
]]></system-out>
  <system-err><![CDATA[]]></system-err>
</testsuite>
