<?xml version="1.0" encoding="UTF-8"?>
<testsuite name="com.fastcampus.javaallinone.project3.mycontact.repository.PersonRepositoryTest" tests="1" skipped="0" failures="0" errors="0" timestamp="2021-03-15T13:27:03" hostname="KH-NOTE" time="0.276">
  <properties/>
  <testcase name="hashCodeandEquals()" classname="com.fastcampus.javaallinone.project3.mycontact.repository.PersonRepositoryTest" time="0.276"/>
  <system-out><![CDATA[22:26:55.914 [Test worker] DEBUG org.springframework.test.context.BootstrapUtils - Instantiating CacheAwareContextLoaderDelegate from class [org.springframework.test.context.cache.DefaultCacheAwareContextLoaderDelegate]
22:26:55.933 [Test worker] DEBUG org.springframework.test.context.BootstrapUtils - Instantiating BootstrapContext using constructor [public org.springframework.test.context.support.DefaultBootstrapContext(java.lang.Class,org.springframework.test.context.CacheAwareContextLoaderDelegate)]
22:26:55.980 [Test worker] DEBUG org.springframework.test.context.BootstrapUtils - Instantiating TestContextBootstrapper for test class [com.fastcampus.javaallinone.project3.mycontact.repository.PersonRepositoryTest] from class [org.springframework.boot.test.context.SpringBootTestContextBootstrapper]
22:26:55.995 [Test worker] INFO org.springframework.boot.test.context.SpringBootTestContextBootstrapper - Neither @ContextConfiguration nor @ContextHierarchy found for test class [com.fastcampus.javaallinone.project3.mycontact.repository.PersonRepositoryTest], using SpringBootContextLoader
22:26:56.002 [Test worker] DEBUG org.springframework.test.context.support.AbstractContextLoader - Did not detect default resource location for test class [com.fastcampus.javaallinone.project3.mycontact.repository.PersonRepositoryTest]: class path resource [com/fastcampus/javaallinone/project3/mycontact/repository/PersonRepositoryTest-context.xml] does not exist
22:26:56.003 [Test worker] DEBUG org.springframework.test.context.support.AbstractContextLoader - Did not detect default resource location for test class [com.fastcampus.javaallinone.project3.mycontact.repository.PersonRepositoryTest]: class path resource [com/fastcampus/javaallinone/project3/mycontact/repository/PersonRepositoryTestContext.groovy] does not exist
22:26:56.003 [Test worker] INFO org.springframework.test.context.support.AbstractContextLoader - Could not detect default resource locations for test class [com.fastcampus.javaallinone.project3.mycontact.repository.PersonRepositoryTest]: no resource found for suffixes {-context.xml, Context.groovy}.
22:26:56.004 [Test worker] INFO org.springframework.test.context.support.AnnotationConfigContextLoaderUtils - Could not detect default configuration classes for test class [com.fastcampus.javaallinone.project3.mycontact.repository.PersonRepositoryTest]: PersonRepositoryTest does not declare any static, non-private, non-final, nested classes annotated with @Configuration.
22:26:56.072 [Test worker] DEBUG org.springframework.test.context.support.ActiveProfilesUtils - Could not find an 'annotation declaring class' for annotation type [org.springframework.test.context.ActiveProfiles] and class [com.fastcampus.javaallinone.project3.mycontact.repository.PersonRepositoryTest]
22:26:56.170 [Test worker] DEBUG org.springframework.context.annotation.ClassPathScanningCandidateComponentProvider - Identified candidate component class: file [C:\Users\newon\Desktop\demo\mycontact\build\classes\java\main\com\fastcampus\javaallinone\project3\mycontact\MycontactApplication.class]
22:26:56.172 [Test worker] INFO org.springframework.boot.test.context.SpringBootTestContextBootstrapper - Found @SpringBootConfiguration com.fastcampus.javaallinone.project3.mycontact.MycontactApplication for test class com.fastcampus.javaallinone.project3.mycontact.repository.PersonRepositoryTest
22:26:56.319 [Test worker] DEBUG org.springframework.boot.test.context.SpringBootTestContextBootstrapper - @TestExecutionListeners is not present for class [com.fastcampus.javaallinone.project3.mycontact.repository.PersonRepositoryTest]: using defaults.
22:26:56.320 [Test worker] INFO org.springframework.boot.test.context.SpringBootTestContextBootstrapper - Loaded default TestExecutionListener class names from location [META-INF/spring.factories]: [org.springframework.boot.test.autoconfigure.restdocs.RestDocsTestExecutionListener, org.springframework.boot.test.autoconfigure.web.client.MockRestServiceServerResetTestExecutionListener, org.springframework.boot.test.autoconfigure.web.servlet.MockMvcPrintOnlyOnFailureTestExecutionListener, org.springframework.boot.test.autoconfigure.web.servlet.WebDriverTestExecutionListener, org.springframework.boot.test.autoconfigure.webservices.client.MockWebServiceServerTestExecutionListener, org.springframework.boot.test.mock.mockito.MockitoTestExecutionListener, org.springframework.boot.test.mock.mockito.ResetMocksTestExecutionListener, org.springframework.test.context.web.ServletTestExecutionListener, org.springframework.test.context.support.DirtiesContextBeforeModesTestExecutionListener, org.springframework.test.context.event.ApplicationEventsTestExecutionListener, org.springframework.test.context.support.DependencyInjectionTestExecutionListener, org.springframework.test.context.support.DirtiesContextTestExecutionListener, org.springframework.test.context.transaction.TransactionalTestExecutionListener, org.springframework.test.context.jdbc.SqlScriptsTestExecutionListener, org.springframework.test.context.event.EventPublishingTestExecutionListener]
22:26:56.345 [Test worker] INFO org.springframework.boot.test.context.SpringBootTestContextBootstrapper - Using TestExecutionListeners: [org.springframework.test.context.web.ServletTestExecutionListener@f1d5a53, org.springframework.test.context.support.DirtiesContextBeforeModesTestExecutionListener@52fc1477, org.springframework.test.context.event.ApplicationEventsTestExecutionListener@220f0351, org.springframework.boot.test.mock.mockito.MockitoTestExecutionListener@9b93c0b, org.springframework.boot.test.autoconfigure.SpringBootDependencyInjectionTestExecutionListener@6c9320ad, org.springframework.test.context.support.DirtiesContextTestExecutionListener@5e7edee4, org.springframework.test.context.transaction.TransactionalTestExecutionListener@4b15bf1, org.springframework.test.context.jdbc.SqlScriptsTestExecutionListener@44a86608, org.springframework.test.context.event.EventPublishingTestExecutionListener@31cbb078, org.springframework.boot.test.autoconfigure.restdocs.RestDocsTestExecutionListener@196ad15b, org.springframework.boot.test.autoconfigure.web.client.MockRestServiceServerResetTestExecutionListener@178a7f54, org.springframework.boot.test.autoconfigure.web.servlet.MockMvcPrintOnlyOnFailureTestExecutionListener@1015c38b, org.springframework.boot.test.autoconfigure.web.servlet.WebDriverTestExecutionListener@7cb1f981, org.springframework.boot.test.autoconfigure.webservices.client.MockWebServiceServerTestExecutionListener@339e0f45, org.springframework.boot.test.mock.mockito.ResetMocksTestExecutionListener@77aaa6bd]
22:26:56.350 [Test worker] DEBUG org.springframework.test.context.support.AbstractDirtiesContextTestExecutionListener - Before test class: context [DefaultTestContext@279f0f0c testClass = PersonRepositoryTest, testInstance = [null], testMethod = [null], testException = [null], mergedContextConfiguration = [WebMergedContextConfiguration@25c69d23 testClass = PersonRepositoryTest, locations = '{}', classes = '{class com.fastcampus.javaallinone.project3.mycontact.MycontactApplication}', contextInitializerClasses = '[]', activeProfiles = '{}', propertySourceLocations = '{}', propertySourceProperties = '{org.springframework.boot.test.context.SpringBootTestContextBootstrapper=true}', contextCustomizers = set[org.springframework.boot.test.autoconfigure.actuate.metrics.MetricsExportContextCustomizerFactory$DisableMetricExportContextCustomizer@22cf49f5, org.springframework.boot.test.autoconfigure.properties.PropertyMappingContextCustomizer@0, org.springframework.boot.test.autoconfigure.web.servlet.WebDriverContextCustomizerFactory$Customizer@4cf2cb03, org.springframework.boot.test.context.filter.ExcludeFilterContextCustomizer@779a66c8, org.springframework.boot.test.json.DuplicateJsonObjectContextCustomizerFactory$DuplicateJsonObjectContextCustomizer@6bcc323d, org.springframework.boot.test.mock.mockito.MockitoContextCustomizer@0, org.springframework.boot.test.web.client.TestRestTemplateContextCustomizer@12d807a6, org.springframework.boot.test.context.SpringBootTestArgs@1, org.springframework.boot.test.context.SpringBootTestWebEnvironment@338c5a04], resourceBasePath = 'src/main/webapp', contextLoader = 'org.springframework.boot.test.context.SpringBootContextLoader', parent = [null]], attributes = map['org.springframework.test.context.web.ServletTestExecutionListener.activateListener' -> true]], class annotated with @DirtiesContext [false] with mode [null].
22:26:56.393 [Test worker] DEBUG org.springframework.test.context.support.TestPropertySourceUtils - Adding inlined properties to environment: {spring.jmx.enabled=false, org.springframework.boot.test.context.SpringBootTestContextBootstrapper=true}

  .   ____          _            __ _ _
 /\\ / ___'_ __ _ _(_)_ __  __ _ \ \ \ \
( ( )\___ | '_ | '_| | '_ \/ _` | \ \ \ \
 \\/  ___)| |_)| | | | | || (_| |  ) ) ) )
  '  |____| .__|_| |_|_| |_\__, | / / / /
 =========|_|==============|___/=/_/_/_/
 :: Spring Boot ::                (v2.4.3)

2021-03-15 22:26:56.866  INFO 4932 --- [    Test worker] c.f.j.p.m.r.PersonRepositoryTest         : Starting PersonRepositoryTest using Java 15.0.1 on KH-note with PID 4932 (started by newon in C:\Users\newon\Desktop\demo\mycontact)
2021-03-15 22:26:56.873  INFO 4932 --- [    Test worker] c.f.j.p.m.r.PersonRepositoryTest         : No active profile set, falling back to default profiles: default
2021-03-15 22:26:57.819  INFO 4932 --- [    Test worker] .s.d.r.c.RepositoryConfigurationDelegate : Bootstrapping Spring Data JPA repositories in DEFAULT mode.
2021-03-15 22:26:57.898  INFO 4932 --- [    Test worker] .s.d.r.c.RepositoryConfigurationDelegate : Finished Spring Data repository scanning in 66 ms. Found 1 JPA repository interfaces.
2021-03-15 22:26:58.573  INFO 4932 --- [    Test worker] com.zaxxer.hikari.HikariDataSource       : HikariPool-1 - Starting...
2021-03-15 22:26:58.863  INFO 4932 --- [    Test worker] com.zaxxer.hikari.HikariDataSource       : HikariPool-1 - Start completed.
2021-03-15 22:26:59.048  INFO 4932 --- [    Test worker] o.hibernate.jpa.internal.util.LogHelper  : HHH000204: Processing PersistenceUnitInfo [name: default]
2021-03-15 22:26:59.266  INFO 4932 --- [    Test worker] org.hibernate.Version                    : HHH000412: Hibernate ORM core version 5.4.28.Final
2021-03-15 22:26:59.708  INFO 4932 --- [    Test worker] o.hibernate.annotations.common.Version   : HCANN000001: Hibernate Commons Annotations {5.1.2.Final}
2021-03-15 22:27:00.170  INFO 4932 --- [    Test worker] org.hibernate.dialect.Dialect            : HHH000400: Using dialect: org.hibernate.dialect.H2Dialect
Hibernate: drop table if exists person CASCADE 
Hibernate: drop sequence if exists hibernate_sequence
Hibernate: create sequence hibernate_sequence start with 1 increment by 1
Hibernate: create table person (id bigint not null, address varchar(255), age integer not null, birthday date, blood_type varchar(255), hobby varchar(255), job varchar(255), name varchar(255), phone_number varchar(255), primary key (id))
2021-03-15 22:27:01.468  INFO 4932 --- [    Test worker] o.h.e.t.j.p.i.JtaPlatformInitiator       : HHH000490: Using JtaPlatform implementation: [org.hibernate.engine.transaction.jta.platform.internal.NoJtaPlatform]
2021-03-15 22:27:01.480  INFO 4932 --- [    Test worker] j.LocalContainerEntityManagerFactoryBean : Initialized JPA EntityManagerFactory for persistence unit 'default'
2021-03-15 22:27:01.864  WARN 4932 --- [    Test worker] JpaBaseConfiguration$JpaWebConfiguration : spring.jpa.open-in-view is enabled by default. Therefore, database queries may be performed during view rendering. Explicitly configure spring.jpa.open-in-view to disable this warning
2021-03-15 22:27:02.233  INFO 4932 --- [    Test worker] o.s.s.concurrent.ThreadPoolTaskExecutor  : Initializing ExecutorService 'applicationTaskExecutor'
2021-03-15 22:27:03.364  INFO 4932 --- [    Test worker] c.f.j.p.m.r.PersonRepositoryTest         : Started PersonRepositoryTest in 6.962 seconds (JVM running for 8.591)
true
-659411013
-659411013
{Person(id=null, name=martin, age=10, hobby=null, bloodType=A, address=null, birthday=null, job=null)=10}
10
]]></system-out>
  <system-err><![CDATA[]]></system-err>
</testsuite>
