<?xml version="1.0" encoding="UTF-8"?>
<testsuite name="com.fastcampus.javaallinone.project3.mycontact.repository.PersonRepositoryTest" tests="1" skipped="0" failures="0" errors="0" timestamp="2021-03-14T14:48:39" hostname="KH-NOTE" time="1.768">
  <properties/>
  <testcase name="curd()" classname="com.fastcampus.javaallinone.project3.mycontact.repository.PersonRepositoryTest" time="1.768"/>
  <system-out><![CDATA[23:48:15.980 [Test worker] DEBUG org.springframework.test.context.BootstrapUtils - Instantiating CacheAwareContextLoaderDelegate from class [org.springframework.test.context.cache.DefaultCacheAwareContextLoaderDelegate]
23:48:16.015 [Test worker] DEBUG org.springframework.test.context.BootstrapUtils - Instantiating BootstrapContext using constructor [public org.springframework.test.context.support.DefaultBootstrapContext(java.lang.Class,org.springframework.test.context.CacheAwareContextLoaderDelegate)]
23:48:16.104 [Test worker] DEBUG org.springframework.test.context.BootstrapUtils - Instantiating TestContextBootstrapper for test class [com.fastcampus.javaallinone.project3.mycontact.repository.PersonRepositoryTest] from class [org.springframework.boot.test.context.SpringBootTestContextBootstrapper]
23:48:16.144 [Test worker] INFO org.springframework.boot.test.context.SpringBootTestContextBootstrapper - Neither @ContextConfiguration nor @ContextHierarchy found for test class [com.fastcampus.javaallinone.project3.mycontact.repository.PersonRepositoryTest], using SpringBootContextLoader
23:48:16.153 [Test worker] DEBUG org.springframework.test.context.support.AbstractContextLoader - Did not detect default resource location for test class [com.fastcampus.javaallinone.project3.mycontact.repository.PersonRepositoryTest]: class path resource [com/fastcampus/javaallinone/project3/mycontact/repository/PersonRepositoryTest-context.xml] does not exist
23:48:16.156 [Test worker] DEBUG org.springframework.test.context.support.AbstractContextLoader - Did not detect default resource location for test class [com.fastcampus.javaallinone.project3.mycontact.repository.PersonRepositoryTest]: class path resource [com/fastcampus/javaallinone/project3/mycontact/repository/PersonRepositoryTestContext.groovy] does not exist
23:48:16.157 [Test worker] INFO org.springframework.test.context.support.AbstractContextLoader - Could not detect default resource locations for test class [com.fastcampus.javaallinone.project3.mycontact.repository.PersonRepositoryTest]: no resource found for suffixes {-context.xml, Context.groovy}.
23:48:16.160 [Test worker] INFO org.springframework.test.context.support.AnnotationConfigContextLoaderUtils - Could not detect default configuration classes for test class [com.fastcampus.javaallinone.project3.mycontact.repository.PersonRepositoryTest]: PersonRepositoryTest does not declare any static, non-private, non-final, nested classes annotated with @Configuration.
23:48:16.315 [Test worker] DEBUG org.springframework.test.context.support.ActiveProfilesUtils - Could not find an 'annotation declaring class' for annotation type [org.springframework.test.context.ActiveProfiles] and class [com.fastcampus.javaallinone.project3.mycontact.repository.PersonRepositoryTest]
23:48:16.596 [Test worker] DEBUG org.springframework.context.annotation.ClassPathScanningCandidateComponentProvider - Identified candidate component class: file [C:\Users\newon\Desktop\demo\mycontact\build\classes\java\main\com\fastcampus\javaallinone\project3\mycontact\MycontactApplication.class]
23:48:16.601 [Test worker] INFO org.springframework.boot.test.context.SpringBootTestContextBootstrapper - Found @SpringBootConfiguration com.fastcampus.javaallinone.project3.mycontact.MycontactApplication for test class com.fastcampus.javaallinone.project3.mycontact.repository.PersonRepositoryTest
23:48:17.292 [Test worker] DEBUG org.springframework.boot.test.context.SpringBootTestContextBootstrapper - @TestExecutionListeners is not present for class [com.fastcampus.javaallinone.project3.mycontact.repository.PersonRepositoryTest]: using defaults.
23:48:17.294 [Test worker] INFO org.springframework.boot.test.context.SpringBootTestContextBootstrapper - Loaded default TestExecutionListener class names from location [META-INF/spring.factories]: [org.springframework.boot.test.autoconfigure.restdocs.RestDocsTestExecutionListener, org.springframework.boot.test.autoconfigure.web.client.MockRestServiceServerResetTestExecutionListener, org.springframework.boot.test.autoconfigure.web.servlet.MockMvcPrintOnlyOnFailureTestExecutionListener, org.springframework.boot.test.autoconfigure.web.servlet.WebDriverTestExecutionListener, org.springframework.boot.test.autoconfigure.webservices.client.MockWebServiceServerTestExecutionListener, org.springframework.boot.test.mock.mockito.MockitoTestExecutionListener, org.springframework.boot.test.mock.mockito.ResetMocksTestExecutionListener, org.springframework.test.context.web.ServletTestExecutionListener, org.springframework.test.context.support.DirtiesContextBeforeModesTestExecutionListener, org.springframework.test.context.event.ApplicationEventsTestExecutionListener, org.springframework.test.context.support.DependencyInjectionTestExecutionListener, org.springframework.test.context.support.DirtiesContextTestExecutionListener, org.springframework.test.context.transaction.TransactionalTestExecutionListener, org.springframework.test.context.jdbc.SqlScriptsTestExecutionListener, org.springframework.test.context.event.EventPublishingTestExecutionListener]
23:48:17.392 [Test worker] INFO org.springframework.boot.test.context.SpringBootTestContextBootstrapper - Using TestExecutionListeners: [org.springframework.test.context.web.ServletTestExecutionListener@71302667, org.springframework.test.context.support.DirtiesContextBeforeModesTestExecutionListener@6d68dead, org.springframework.test.context.event.ApplicationEventsTestExecutionListener@f1d5a53, org.springframework.boot.test.mock.mockito.MockitoTestExecutionListener@52fc1477, org.springframework.boot.test.autoconfigure.SpringBootDependencyInjectionTestExecutionListener@220f0351, org.springframework.test.context.support.DirtiesContextTestExecutionListener@9b93c0b, org.springframework.test.context.transaction.TransactionalTestExecutionListener@6c9320ad, org.springframework.test.context.jdbc.SqlScriptsTestExecutionListener@5e7edee4, org.springframework.test.context.event.EventPublishingTestExecutionListener@4b15bf1, org.springframework.boot.test.autoconfigure.restdocs.RestDocsTestExecutionListener@44a86608, org.springframework.boot.test.autoconfigure.web.client.MockRestServiceServerResetTestExecutionListener@31cbb078, org.springframework.boot.test.autoconfigure.web.servlet.MockMvcPrintOnlyOnFailureTestExecutionListener@196ad15b, org.springframework.boot.test.autoconfigure.web.servlet.WebDriverTestExecutionListener@178a7f54, org.springframework.boot.test.autoconfigure.webservices.client.MockWebServiceServerTestExecutionListener@1015c38b, org.springframework.boot.test.mock.mockito.ResetMocksTestExecutionListener@7cb1f981]
23:48:17.418 [Test worker] DEBUG org.springframework.test.context.support.AbstractDirtiesContextTestExecutionListener - Before test class: context [DefaultTestContext@4c56d5b2 testClass = PersonRepositoryTest, testInstance = [null], testMethod = [null], testException = [null], mergedContextConfiguration = [WebMergedContextConfiguration@5c02b8b4 testClass = PersonRepositoryTest, locations = '{}', classes = '{class com.fastcampus.javaallinone.project3.mycontact.MycontactApplication}', contextInitializerClasses = '[]', activeProfiles = '{}', propertySourceLocations = '{}', propertySourceProperties = '{org.springframework.boot.test.context.SpringBootTestContextBootstrapper=true}', contextCustomizers = set[org.springframework.boot.test.autoconfigure.actuate.metrics.MetricsExportContextCustomizerFactory$DisableMetricExportContextCustomizer@703d8531, org.springframework.boot.test.autoconfigure.properties.PropertyMappingContextCustomizer@0, org.springframework.boot.test.autoconfigure.web.servlet.WebDriverContextCustomizerFactory$Customizer@37fb5aaf, org.springframework.boot.test.context.filter.ExcludeFilterContextCustomizer@1da8bcf7, org.springframework.boot.test.json.DuplicateJsonObjectContextCustomizerFactory$DuplicateJsonObjectContextCustomizer@32b64808, org.springframework.boot.test.mock.mockito.MockitoContextCustomizer@0, org.springframework.boot.test.web.client.TestRestTemplateContextCustomizer@3aecc8df, org.springframework.boot.test.context.SpringBootTestArgs@1, org.springframework.boot.test.context.SpringBootTestWebEnvironment@483748c9], resourceBasePath = 'src/main/webapp', contextLoader = 'org.springframework.boot.test.context.SpringBootContextLoader', parent = [null]], attributes = map['org.springframework.test.context.web.ServletTestExecutionListener.activateListener' -> true]], class annotated with @DirtiesContext [false] with mode [null].
23:48:17.666 [Test worker] DEBUG org.springframework.test.context.support.TestPropertySourceUtils - Adding inlined properties to environment: {spring.jmx.enabled=false, org.springframework.boot.test.context.SpringBootTestContextBootstrapper=true}

  .   ____          _            __ _ _
 /\\ / ___'_ __ _ _(_)_ __  __ _ \ \ \ \
( ( )\___ | '_ | '_| | '_ \/ _` | \ \ \ \
 \\/  ___)| |_)| | | | | || (_| |  ) ) ) )
  '  |____| .__|_| |_|_| |_\__, | / / / /
 =========|_|==============|___/=/_/_/_/
 :: Spring Boot ::                (v2.4.3)

2021-03-14 23:48:19.427  INFO 12640 --- [    Test worker] c.f.j.p.m.r.PersonRepositoryTest         : Starting PersonRepositoryTest using Java 15.0.1 on KH-note with PID 12640 (started by newon in C:\Users\newon\Desktop\demo\mycontact)
2021-03-14 23:48:19.449  INFO 12640 --- [    Test worker] c.f.j.p.m.r.PersonRepositoryTest         : No active profile set, falling back to default profiles: default
2021-03-14 23:48:23.021  INFO 12640 --- [    Test worker] .s.d.r.c.RepositoryConfigurationDelegate : Bootstrapping Spring Data JPA repositories in DEFAULT mode.
2021-03-14 23:48:23.260  INFO 12640 --- [    Test worker] .s.d.r.c.RepositoryConfigurationDelegate : Finished Spring Data repository scanning in 207 ms. Found 1 JPA repository interfaces.
2021-03-14 23:48:25.401  INFO 12640 --- [    Test worker] com.zaxxer.hikari.HikariDataSource       : HikariPool-1 - Starting...
2021-03-14 23:48:25.850  INFO 12640 --- [    Test worker] com.zaxxer.hikari.HikariDataSource       : HikariPool-1 - Start completed.
2021-03-14 23:48:26.134  INFO 12640 --- [    Test worker] o.hibernate.jpa.internal.util.LogHelper  : HHH000204: Processing PersistenceUnitInfo [name: default]
2021-03-14 23:48:26.344  INFO 12640 --- [    Test worker] org.hibernate.Version                    : HHH000412: Hibernate ORM core version 5.4.28.Final
2021-03-14 23:48:26.796  INFO 12640 --- [    Test worker] o.hibernate.annotations.common.Version   : HCANN000001: Hibernate Commons Annotations {5.1.2.Final}
2021-03-14 23:48:27.673  INFO 12640 --- [    Test worker] org.hibernate.dialect.Dialect            : HHH000400: Using dialect: org.hibernate.dialect.H2Dialect
Hibernate: drop table if exists person CASCADE 
Hibernate: drop sequence if exists hibernate_sequence
Hibernate: create sequence hibernate_sequence start with 1 increment by 1
Hibernate: create table person (id bigint not null, age integer not null, name varchar(255), primary key (id))
2021-03-14 23:48:31.833  INFO 12640 --- [    Test worker] o.h.e.t.j.p.i.JtaPlatformInitiator       : HHH000490: Using JtaPlatform implementation: [org.hibernate.engine.transaction.jta.platform.internal.NoJtaPlatform]
2021-03-14 23:48:31.888  INFO 12640 --- [    Test worker] j.LocalContainerEntityManagerFactoryBean : Initialized JPA EntityManagerFactory for persistence unit 'default'
2021-03-14 23:48:33.325  WARN 12640 --- [    Test worker] JpaBaseConfiguration$JpaWebConfiguration : spring.jpa.open-in-view is enabled by default. Therefore, database queries may be performed during view rendering. Explicitly configure spring.jpa.open-in-view to disable this warning
2021-03-14 23:48:34.923  INFO 12640 --- [    Test worker] o.s.s.concurrent.ThreadPoolTaskExecutor  : Initializing ExecutorService 'applicationTaskExecutor'
2021-03-14 23:48:39.748  INFO 12640 --- [    Test worker] c.f.j.p.m.r.PersonRepositoryTest         : Started PersonRepositoryTest in 22.058 seconds (JVM running for 28.311)
Hibernate: call next value for hibernate_sequence
Hibernate: insert into person (age, name, id) values (?, ?, ?)
Hibernate: select person0_.id as id1_0_, person0_.age as age2_0_, person0_.name as name3_0_ from person person0_
]]></system-out>
  <system-err><![CDATA[]]></system-err>
</testsuite>
