<?xml version="1.0" encoding="UTF-8"?>
<testsuite name="com.fastcampus.javaallinone.project3.mycontact.repository.PersonRepositoryTest" tests="1" skipped="0" failures="0" errors="0" timestamp="2021-03-20T12:13:50" hostname="KH-NOTE" time="1.107">
  <properties/>
  <testcase name="findByBirthdatBetween()" classname="com.fastcampus.javaallinone.project3.mycontact.repository.PersonRepositoryTest" time="1.107"/>
  <system-out><![CDATA[21:13:42.955 [Test worker] DEBUG org.springframework.test.context.BootstrapUtils - Instantiating CacheAwareContextLoaderDelegate from class [org.springframework.test.context.cache.DefaultCacheAwareContextLoaderDelegate]
21:13:42.995 [Test worker] DEBUG org.springframework.test.context.BootstrapUtils - Instantiating BootstrapContext using constructor [public org.springframework.test.context.support.DefaultBootstrapContext(java.lang.Class,org.springframework.test.context.CacheAwareContextLoaderDelegate)]
21:13:43.077 [Test worker] DEBUG org.springframework.test.context.BootstrapUtils - Instantiating TestContextBootstrapper for test class [com.fastcampus.javaallinone.project3.mycontact.repository.PersonRepositoryTest] from class [org.springframework.boot.test.context.SpringBootTestContextBootstrapper]
21:13:43.095 [Test worker] INFO org.springframework.boot.test.context.SpringBootTestContextBootstrapper - Neither @ContextConfiguration nor @ContextHierarchy found for test class [com.fastcampus.javaallinone.project3.mycontact.repository.PersonRepositoryTest], using SpringBootContextLoader
21:13:43.102 [Test worker] DEBUG org.springframework.test.context.support.AbstractContextLoader - Did not detect default resource location for test class [com.fastcampus.javaallinone.project3.mycontact.repository.PersonRepositoryTest]: class path resource [com/fastcampus/javaallinone/project3/mycontact/repository/PersonRepositoryTest-context.xml] does not exist
21:13:43.102 [Test worker] DEBUG org.springframework.test.context.support.AbstractContextLoader - Did not detect default resource location for test class [com.fastcampus.javaallinone.project3.mycontact.repository.PersonRepositoryTest]: class path resource [com/fastcampus/javaallinone/project3/mycontact/repository/PersonRepositoryTestContext.groovy] does not exist
21:13:43.103 [Test worker] INFO org.springframework.test.context.support.AbstractContextLoader - Could not detect default resource locations for test class [com.fastcampus.javaallinone.project3.mycontact.repository.PersonRepositoryTest]: no resource found for suffixes {-context.xml, Context.groovy}.
21:13:43.104 [Test worker] INFO org.springframework.test.context.support.AnnotationConfigContextLoaderUtils - Could not detect default configuration classes for test class [com.fastcampus.javaallinone.project3.mycontact.repository.PersonRepositoryTest]: PersonRepositoryTest does not declare any static, non-private, non-final, nested classes annotated with @Configuration.
21:13:43.166 [Test worker] DEBUG org.springframework.test.context.support.ActiveProfilesUtils - Could not find an 'annotation declaring class' for annotation type [org.springframework.test.context.ActiveProfiles] and class [com.fastcampus.javaallinone.project3.mycontact.repository.PersonRepositoryTest]
21:13:43.300 [Test worker] DEBUG org.springframework.context.annotation.ClassPathScanningCandidateComponentProvider - Identified candidate component class: file [C:\Users\newon\Desktop\demo\mycontact\build\classes\java\main\com\fastcampus\javaallinone\project3\mycontact\MycontactApplication.class]
21:13:43.301 [Test worker] INFO org.springframework.boot.test.context.SpringBootTestContextBootstrapper - Found @SpringBootConfiguration com.fastcampus.javaallinone.project3.mycontact.MycontactApplication for test class com.fastcampus.javaallinone.project3.mycontact.repository.PersonRepositoryTest
21:13:43.463 [Test worker] DEBUG org.springframework.boot.test.context.SpringBootTestContextBootstrapper - @TestExecutionListeners is not present for class [com.fastcampus.javaallinone.project3.mycontact.repository.PersonRepositoryTest]: using defaults.
21:13:43.464 [Test worker] INFO org.springframework.boot.test.context.SpringBootTestContextBootstrapper - Loaded default TestExecutionListener class names from location [META-INF/spring.factories]: [org.springframework.boot.test.autoconfigure.restdocs.RestDocsTestExecutionListener, org.springframework.boot.test.autoconfigure.web.client.MockRestServiceServerResetTestExecutionListener, org.springframework.boot.test.autoconfigure.web.servlet.MockMvcPrintOnlyOnFailureTestExecutionListener, org.springframework.boot.test.autoconfigure.web.servlet.WebDriverTestExecutionListener, org.springframework.boot.test.autoconfigure.webservices.client.MockWebServiceServerTestExecutionListener, org.springframework.boot.test.mock.mockito.MockitoTestExecutionListener, org.springframework.boot.test.mock.mockito.ResetMocksTestExecutionListener, org.springframework.test.context.web.ServletTestExecutionListener, org.springframework.test.context.support.DirtiesContextBeforeModesTestExecutionListener, org.springframework.test.context.event.ApplicationEventsTestExecutionListener, org.springframework.test.context.support.DependencyInjectionTestExecutionListener, org.springframework.test.context.support.DirtiesContextTestExecutionListener, org.springframework.test.context.transaction.TransactionalTestExecutionListener, org.springframework.test.context.jdbc.SqlScriptsTestExecutionListener, org.springframework.test.context.event.EventPublishingTestExecutionListener]
21:13:43.488 [Test worker] INFO org.springframework.boot.test.context.SpringBootTestContextBootstrapper - Using TestExecutionListeners: [org.springframework.test.context.web.ServletTestExecutionListener@5e7edee4, org.springframework.test.context.support.DirtiesContextBeforeModesTestExecutionListener@4b15bf1, org.springframework.test.context.event.ApplicationEventsTestExecutionListener@44a86608, org.springframework.boot.test.mock.mockito.MockitoTestExecutionListener@31cbb078, org.springframework.boot.test.autoconfigure.SpringBootDependencyInjectionTestExecutionListener@196ad15b, org.springframework.test.context.support.DirtiesContextTestExecutionListener@178a7f54, org.springframework.test.context.transaction.TransactionalTestExecutionListener@1015c38b, org.springframework.test.context.jdbc.SqlScriptsTestExecutionListener@7cb1f981, org.springframework.test.context.event.EventPublishingTestExecutionListener@339e0f45, org.springframework.boot.test.autoconfigure.restdocs.RestDocsTestExecutionListener@77aaa6bd, org.springframework.boot.test.autoconfigure.web.client.MockRestServiceServerResetTestExecutionListener@491d3a58, org.springframework.boot.test.autoconfigure.web.servlet.MockMvcPrintOnlyOnFailureTestExecutionListener@3a13af0b, org.springframework.boot.test.autoconfigure.web.servlet.WebDriverTestExecutionListener@79347b2b, org.springframework.boot.test.autoconfigure.webservices.client.MockWebServiceServerTestExecutionListener@5b89a5fe, org.springframework.boot.test.mock.mockito.ResetMocksTestExecutionListener@7b669b2d]
21:13:43.492 [Test worker] DEBUG org.springframework.test.context.support.AbstractDirtiesContextTestExecutionListener - Before test class: context [DefaultTestContext@584fda1a testClass = PersonRepositoryTest, testInstance = [null], testMethod = [null], testException = [null], mergedContextConfiguration = [WebMergedContextConfiguration@3e55ea28 testClass = PersonRepositoryTest, locations = '{}', classes = '{class com.fastcampus.javaallinone.project3.mycontact.MycontactApplication}', contextInitializerClasses = '[]', activeProfiles = '{}', propertySourceLocations = '{}', propertySourceProperties = '{org.springframework.boot.test.context.SpringBootTestContextBootstrapper=true}', contextCustomizers = set[org.springframework.boot.test.autoconfigure.actuate.metrics.MetricsExportContextCustomizerFactory$DisableMetricExportContextCustomizer@4768784d, org.springframework.boot.test.autoconfigure.properties.PropertyMappingContextCustomizer@0, org.springframework.boot.test.autoconfigure.web.servlet.WebDriverContextCustomizerFactory$Customizer@51a2997a, org.springframework.boot.test.context.filter.ExcludeFilterContextCustomizer@6a2105ad, org.springframework.boot.test.json.DuplicateJsonObjectContextCustomizerFactory$DuplicateJsonObjectContextCustomizer@4fb25252, org.springframework.boot.test.mock.mockito.MockitoContextCustomizer@0, org.springframework.boot.test.web.client.TestRestTemplateContextCustomizer@4788b8b1, org.springframework.boot.test.context.SpringBootTestArgs@1, org.springframework.boot.test.context.SpringBootTestWebEnvironment@6c2bccf2], resourceBasePath = 'src/main/webapp', contextLoader = 'org.springframework.boot.test.context.SpringBootContextLoader', parent = [null]], attributes = map['org.springframework.test.context.web.ServletTestExecutionListener.activateListener' -> true]], class annotated with @DirtiesContext [false] with mode [null].
21:13:43.532 [Test worker] DEBUG org.springframework.test.context.support.TestPropertySourceUtils - Adding inlined properties to environment: {spring.jmx.enabled=false, org.springframework.boot.test.context.SpringBootTestContextBootstrapper=true}

  .   ____          _            __ _ _
 /\\ / ___'_ __ _ _(_)_ __  __ _ \ \ \ \
( ( )\___ | '_ | '_| | '_ \/ _` | \ \ \ \
 \\/  ___)| |_)| | | | | || (_| |  ) ) ) )
  '  |____| .__|_| |_|_| |_\__, | / / / /
 =========|_|==============|___/=/_/_/_/
 :: Spring Boot ::                (v2.4.3)

2021-03-20 21:13:43.950  INFO 19700 --- [    Test worker] c.f.j.p.m.r.PersonRepositoryTest         : Starting PersonRepositoryTest using Java 15.0.1 on KH-note with PID 19700 (started by newon in C:\Users\newon\Desktop\demo\mycontact)
2021-03-20 21:13:43.954  INFO 19700 --- [    Test worker] c.f.j.p.m.r.PersonRepositoryTest         : No active profile set, falling back to default profiles: default
2021-03-20 21:13:45.589  INFO 19700 --- [    Test worker] .s.d.r.c.RepositoryConfigurationDelegate : Bootstrapping Spring Data JPA repositories in DEFAULT mode.
2021-03-20 21:13:45.749  INFO 19700 --- [    Test worker] .s.d.r.c.RepositoryConfigurationDelegate : Finished Spring Data repository scanning in 138 ms. Found 2 JPA repository interfaces.
2021-03-20 21:13:46.743  INFO 19700 --- [    Test worker] com.zaxxer.hikari.HikariDataSource       : HikariPool-1 - Starting...
2021-03-20 21:13:46.996  INFO 19700 --- [    Test worker] com.zaxxer.hikari.HikariDataSource       : HikariPool-1 - Start completed.
2021-03-20 21:13:47.104  INFO 19700 --- [    Test worker] o.hibernate.jpa.internal.util.LogHelper  : HHH000204: Processing PersistenceUnitInfo [name: default]
2021-03-20 21:13:47.194  INFO 19700 --- [    Test worker] org.hibernate.Version                    : HHH000412: Hibernate ORM core version 5.4.28.Final
2021-03-20 21:13:47.397  INFO 19700 --- [    Test worker] o.hibernate.annotations.common.Version   : HCANN000001: Hibernate Commons Annotations {5.1.2.Final}
2021-03-20 21:13:47.599  INFO 19700 --- [    Test worker] org.hibernate.dialect.Dialect            : HHH000400: Using dialect: org.hibernate.dialect.H2Dialect
Hibernate: drop table if exists block CASCADE 
Hibernate: drop table if exists person CASCADE 
Hibernate: drop sequence if exists hibernate_sequence
Hibernate: create sequence hibernate_sequence start with 1 increment by 1
Hibernate: create table block (id bigint not null, end_date date, name varchar(255), reason varchar(255), start_date date, primary key (id))
Hibernate: create table person (id bigint not null, address varchar(255), age integer not null, birthday date, blood_type varchar(255), hobby varchar(255), job varchar(255), name varchar(255), phone_number varchar(255), block_id bigint, primary key (id))
Hibernate: alter table person add constraint FK8twkg0bra1qk7s5hqqsq34dpa foreign key (block_id) references block
2021-03-20 21:13:48.421  INFO 19700 --- [    Test worker] o.h.e.t.j.p.i.JtaPlatformInitiator       : HHH000490: Using JtaPlatform implementation: [org.hibernate.engine.transaction.jta.platform.internal.NoJtaPlatform]
2021-03-20 21:13:48.432  INFO 19700 --- [    Test worker] j.LocalContainerEntityManagerFactoryBean : Initialized JPA EntityManagerFactory for persistence unit 'default'
2021-03-20 21:13:49.298  WARN 19700 --- [    Test worker] JpaBaseConfiguration$JpaWebConfiguration : spring.jpa.open-in-view is enabled by default. Therefore, database queries may be performed during view rendering. Explicitly configure spring.jpa.open-in-view to disable this warning
2021-03-20 21:13:49.617  INFO 19700 --- [    Test worker] o.s.s.concurrent.ThreadPoolTaskExecutor  : Initializing ExecutorService 'applicationTaskExecutor'
2021-03-20 21:13:50.434  INFO 19700 --- [    Test worker] c.f.j.p.m.r.PersonRepositoryTest         : Started PersonRepositoryTest in 6.89 seconds (JVM running for 8.652)
Hibernate: call next value for hibernate_sequence
Hibernate: insert into person (address, age, birthday, block_id, blood_type, hobby, job, name, phone_number, id) values (?, ?, ?, ?, ?, ?, ?, ?, ?, ?)
Hibernate: call next value for hibernate_sequence
Hibernate: insert into person (address, age, birthday, block_id, blood_type, hobby, job, name, phone_number, id) values (?, ?, ?, ?, ?, ?, ?, ?, ?, ?)
Hibernate: call next value for hibernate_sequence
Hibernate: insert into person (address, age, birthday, block_id, blood_type, hobby, job, name, phone_number, id) values (?, ?, ?, ?, ?, ?, ?, ?, ?, ?)
Hibernate: call next value for hibernate_sequence
Hibernate: insert into person (address, age, birthday, block_id, blood_type, hobby, job, name, phone_number, id) values (?, ?, ?, ?, ?, ?, ?, ?, ?, ?)
Hibernate: call next value for hibernate_sequence
Hibernate: insert into person (address, age, birthday, block_id, blood_type, hobby, job, name, phone_number, id) values (?, ?, ?, ?, ?, ?, ?, ?, ?, ?)
Hibernate: select person0_.id as id1_1_, person0_.address as address2_1_, person0_.age as age3_1_, person0_.birthday as birthday4_1_, person0_.block_id as block_i10_1_, person0_.blood_type as blood_ty5_1_, person0_.hobby as hobby6_1_, person0_.job as job7_1_, person0_.name as name8_1_, person0_.phone_number as phone_nu9_1_ from person person0_ where person0_.birthday between ? and ?
Person(id=1, name=martin, age=10, hobby=null, bloodType=A, address=null, birthday=1991-08-15, job=null)
]]></system-out>
  <system-err><![CDATA[]]></system-err>
</testsuite>
