<?xml version="1.0" encoding="UTF-8"?>
<testsuite name="com.fastcampus.javaallinone.project3.mycontact.MycontactApplicationTests" tests="1" skipped="0" failures="0" errors="0" timestamp="2021-03-29T06:44:49" hostname="KH-NOTE" time="0.023">
  <properties/>
  <testcase name="contextLoads()" classname="com.fastcampus.javaallinone.project3.mycontact.MycontactApplicationTests" time="0.023"/>
  <system-out><![CDATA[2021-03-29 15:44:49.226  INFO 21408 --- [    Test worker] .b.t.c.SpringBootTestContextBootstrapper : Neither @ContextConfiguration nor @ContextHierarchy found for test class [com.fastcampus.javaallinone.project3.mycontact.MycontactApplicationTests], using SpringBootContextLoader
2021-03-29 15:44:49.230  INFO 21408 --- [    Test worker] o.s.t.c.support.AbstractContextLoader    : Could not detect default resource locations for test class [com.fastcampus.javaallinone.project3.mycontact.MycontactApplicationTests]: no resource found for suffixes {-context.xml, Context.groovy}.
2021-03-29 15:44:49.232  INFO 21408 --- [    Test worker] t.c.s.AnnotationConfigContextLoaderUtils : Could not detect default configuration classes for test class [com.fastcampus.javaallinone.project3.mycontact.MycontactApplicationTests]: MycontactApplicationTests does not declare any static, non-private, non-final, nested classes annotated with @Configuration.
2021-03-29 15:44:49.316  INFO 21408 --- [    Test worker] .b.t.c.SpringBootTestContextBootstrapper : Found @SpringBootConfiguration com.fastcampus.javaallinone.project3.mycontact.MycontactApplication for test class com.fastcampus.javaallinone.project3.mycontact.MycontactApplicationTests
2021-03-29 15:44:49.327  INFO 21408 --- [    Test worker] .b.t.c.SpringBootTestContextBootstrapper : Loaded default TestExecutionListener class names from location [META-INF/spring.factories]: [org.springframework.boot.test.autoconfigure.restdocs.RestDocsTestExecutionListener, org.springframework.boot.test.autoconfigure.web.client.MockRestServiceServerResetTestExecutionListener, org.springframework.boot.test.autoconfigure.web.servlet.MockMvcPrintOnlyOnFailureTestExecutionListener, org.springframework.boot.test.autoconfigure.web.servlet.WebDriverTestExecutionListener, org.springframework.boot.test.autoconfigure.webservices.client.MockWebServiceServerTestExecutionListener, org.springframework.boot.test.mock.mockito.MockitoTestExecutionListener, org.springframework.boot.test.mock.mockito.ResetMocksTestExecutionListener, org.springframework.test.context.web.ServletTestExecutionListener, org.springframework.test.context.support.DirtiesContextBeforeModesTestExecutionListener, org.springframework.test.context.event.ApplicationEventsTestExecutionListener, org.springframework.test.context.support.DependencyInjectionTestExecutionListener, org.springframework.test.context.support.DirtiesContextTestExecutionListener, org.springframework.test.context.transaction.TransactionalTestExecutionListener, org.springframework.test.context.jdbc.SqlScriptsTestExecutionListener, org.springframework.test.context.event.EventPublishingTestExecutionListener]
2021-03-29 15:44:49.329  INFO 21408 --- [    Test worker] .b.t.c.SpringBootTestContextBootstrapper : Using TestExecutionListeners: [org.springframework.test.context.web.ServletTestExecutionListener@2ad59d5e, org.springframework.test.context.support.DirtiesContextBeforeModesTestExecutionListener@30ad0b41, org.springframework.test.context.event.ApplicationEventsTestExecutionListener@4271b481, org.springframework.boot.test.mock.mockito.MockitoTestExecutionListener@69e40680, org.springframework.boot.test.autoconfigure.SpringBootDependencyInjectionTestExecutionListener@6fdd598f, org.springframework.test.context.support.DirtiesContextTestExecutionListener@37f2a036, org.springframework.test.context.transaction.TransactionalTestExecutionListener@78e8dff5, org.springframework.test.context.jdbc.SqlScriptsTestExecutionListener@3171066e, org.springframework.test.context.event.EventPublishingTestExecutionListener@34e530ee, org.springframework.boot.test.autoconfigure.restdocs.RestDocsTestExecutionListener@1634c554, org.springframework.boot.test.autoconfigure.web.client.MockRestServiceServerResetTestExecutionListener@281db710, org.springframework.boot.test.autoconfigure.web.servlet.MockMvcPrintOnlyOnFailureTestExecutionListener@11e6960b, org.springframework.boot.test.autoconfigure.web.servlet.WebDriverTestExecutionListener@c19b699, org.springframework.boot.test.autoconfigure.webservices.client.MockWebServiceServerTestExecutionListener@3c37dc2b, org.springframework.boot.test.mock.mockito.ResetMocksTestExecutionListener@79d7598a]
]]></system-out>
  <system-err><![CDATA[]]></system-err>
</testsuite>
