<?xml version="1.0" encoding="UTF-8"?>
<testsuite name="com.fastcampus.javaallinone.project3.mycontact.repository.blockRepositoryTest" tests="1" skipped="0" failures="0" errors="0" timestamp="2021-03-23T09:39:07" hostname="KH-NOTE" time="0.109">
  <properties/>
  <testcase name="crud()" classname="com.fastcampus.javaallinone.project3.mycontact.repository.blockRepositoryTest" time="0.109"/>
  <system-out><![CDATA[2021-03-23 18:39:07.880  INFO 14428 --- [    Test worker] .b.t.c.SpringBootTestContextBootstrapper : Neither @ContextConfiguration nor @ContextHierarchy found for test class [com.fastcampus.javaallinone.project3.mycontact.repository.blockRepositoryTest], using SpringBootContextLoader
2021-03-23 18:39:07.881  INFO 14428 --- [    Test worker] o.s.t.c.support.AbstractContextLoader    : Could not detect default resource locations for test class [com.fastcampus.javaallinone.project3.mycontact.repository.blockRepositoryTest]: no resource found for suffixes {-context.xml, Context.groovy}.
2021-03-23 18:39:07.882  INFO 14428 --- [    Test worker] t.c.s.AnnotationConfigContextLoaderUtils : Could not detect default configuration classes for test class [com.fastcampus.javaallinone.project3.mycontact.repository.blockRepositoryTest]: blockRepositoryTest does not declare any static, non-private, non-final, nested classes annotated with @Configuration.
2021-03-23 18:39:07.902  INFO 14428 --- [    Test worker] .b.t.c.SpringBootTestContextBootstrapper : Found @SpringBootConfiguration com.fastcampus.javaallinone.project3.mycontact.MycontactApplication for test class com.fastcampus.javaallinone.project3.mycontact.repository.blockRepositoryTest
2021-03-23 18:39:07.904  INFO 14428 --- [    Test worker] .b.t.c.SpringBootTestContextBootstrapper : Loaded default TestExecutionListener class names from location [META-INF/spring.factories]: [org.springframework.boot.test.autoconfigure.restdocs.RestDocsTestExecutionListener, org.springframework.boot.test.autoconfigure.web.client.MockRestServiceServerResetTestExecutionListener, org.springframework.boot.test.autoconfigure.web.servlet.MockMvcPrintOnlyOnFailureTestExecutionListener, org.springframework.boot.test.autoconfigure.web.servlet.WebDriverTestExecutionListener, org.springframework.boot.test.autoconfigure.webservices.client.MockWebServiceServerTestExecutionListener, org.springframework.boot.test.mock.mockito.MockitoTestExecutionListener, org.springframework.boot.test.mock.mockito.ResetMocksTestExecutionListener, org.springframework.test.context.web.ServletTestExecutionListener, org.springframework.test.context.support.DirtiesContextBeforeModesTestExecutionListener, org.springframework.test.context.event.ApplicationEventsTestExecutionListener, org.springframework.test.context.support.DependencyInjectionTestExecutionListener, org.springframework.test.context.support.DirtiesContextTestExecutionListener, org.springframework.test.context.transaction.TransactionalTestExecutionListener, org.springframework.test.context.jdbc.SqlScriptsTestExecutionListener, org.springframework.test.context.event.EventPublishingTestExecutionListener]
2021-03-23 18:39:07.904  INFO 14428 --- [    Test worker] .b.t.c.SpringBootTestContextBootstrapper : Using TestExecutionListeners: [org.springframework.test.context.web.ServletTestExecutionListener@6d78ecd4, org.springframework.test.context.support.DirtiesContextBeforeModesTestExecutionListener@53605522, org.springframework.test.context.event.ApplicationEventsTestExecutionListener@59db57d0, org.springframework.boot.test.mock.mockito.MockitoTestExecutionListener@c81c4e7, org.springframework.boot.test.autoconfigure.SpringBootDependencyInjectionTestExecutionListener@263597ef, org.springframework.test.context.support.DirtiesContextTestExecutionListener@77ad0f4e, org.springframework.test.context.transaction.TransactionalTestExecutionListener@744ba3bc, org.springframework.test.context.jdbc.SqlScriptsTestExecutionListener@76eff72e, org.springframework.test.context.event.EventPublishingTestExecutionListener@7c6f9cf3, org.springframework.boot.test.autoconfigure.restdocs.RestDocsTestExecutionListener@63273b4f, org.springframework.boot.test.autoconfigure.web.client.MockRestServiceServerResetTestExecutionListener@4a5832d4, org.springframework.boot.test.autoconfigure.web.servlet.MockMvcPrintOnlyOnFailureTestExecutionListener@4307fa36, org.springframework.boot.test.autoconfigure.web.servlet.WebDriverTestExecutionListener@438f6ea1, org.springframework.boot.test.autoconfigure.webservices.client.MockWebServiceServerTestExecutionListener@19a8c8dc, org.springframework.boot.test.mock.mockito.ResetMocksTestExecutionListener@126d97af]
Hibernate: insert into block (id, end_date, name, reason, start_date) values (null, ?, ?, ?, ?)
Hibernate: select block0_.id as id1_0_, block0_.end_date as end_date2_0_, block0_.name as name3_0_, block0_.reason as reason4_0_, block0_.start_date as start_da5_0_ from block block0_
]]></system-out>
  <system-err><![CDATA[]]></system-err>
</testsuite>
