<?xml version="1.0" encoding="UTF-8"?>
<testsuite name="com.fastcampus.javaallinone.project3.mycontact.MycontactApplicationTests" tests="1" skipped="0" failures="0" errors="0" timestamp="2021-03-23T09:39:07" hostname="KH-NOTE" time="0.005">
  <properties/>
  <testcase name="contextLoads()" classname="com.fastcampus.javaallinone.project3.mycontact.MycontactApplicationTests" time="0.005"/>
  <system-out><![CDATA[2021-03-23 18:39:07.861  INFO 14428 --- [    Test worker] .b.t.c.SpringBootTestContextBootstrapper : Neither @ContextConfiguration nor @ContextHierarchy found for test class [com.fastcampus.javaallinone.project3.mycontact.MycontactApplicationTests], using SpringBootContextLoader
2021-03-23 18:39:07.862  INFO 14428 --- [    Test worker] o.s.t.c.support.AbstractContextLoader    : Could not detect default resource locations for test class [com.fastcampus.javaallinone.project3.mycontact.MycontactApplicationTests]: no resource found for suffixes {-context.xml, Context.groovy}.
2021-03-23 18:39:07.862  INFO 14428 --- [    Test worker] t.c.s.AnnotationConfigContextLoaderUtils : Could not detect default configuration classes for test class [com.fastcampus.javaallinone.project3.mycontact.MycontactApplicationTests]: MycontactApplicationTests does not declare any static, non-private, non-final, nested classes annotated with @Configuration.
2021-03-23 18:39:07.868  INFO 14428 --- [    Test worker] .b.t.c.SpringBootTestContextBootstrapper : Found @SpringBootConfiguration com.fastcampus.javaallinone.project3.mycontact.MycontactApplication for test class com.fastcampus.javaallinone.project3.mycontact.MycontactApplicationTests
2021-03-23 18:39:07.870  INFO 14428 --- [    Test worker] .b.t.c.SpringBootTestContextBootstrapper : Loaded default TestExecutionListener class names from location [META-INF/spring.factories]: [org.springframework.boot.test.autoconfigure.restdocs.RestDocsTestExecutionListener, org.springframework.boot.test.autoconfigure.web.client.MockRestServiceServerResetTestExecutionListener, org.springframework.boot.test.autoconfigure.web.servlet.MockMvcPrintOnlyOnFailureTestExecutionListener, org.springframework.boot.test.autoconfigure.web.servlet.WebDriverTestExecutionListener, org.springframework.boot.test.autoconfigure.webservices.client.MockWebServiceServerTestExecutionListener, org.springframework.boot.test.mock.mockito.MockitoTestExecutionListener, org.springframework.boot.test.mock.mockito.ResetMocksTestExecutionListener, org.springframework.test.context.web.ServletTestExecutionListener, org.springframework.test.context.support.DirtiesContextBeforeModesTestExecutionListener, org.springframework.test.context.event.ApplicationEventsTestExecutionListener, org.springframework.test.context.support.DependencyInjectionTestExecutionListener, org.springframework.test.context.support.DirtiesContextTestExecutionListener, org.springframework.test.context.transaction.TransactionalTestExecutionListener, org.springframework.test.context.jdbc.SqlScriptsTestExecutionListener, org.springframework.test.context.event.EventPublishingTestExecutionListener]
2021-03-23 18:39:07.870  INFO 14428 --- [    Test worker] .b.t.c.SpringBootTestContextBootstrapper : Using TestExecutionListeners: [org.springframework.test.context.web.ServletTestExecutionListener@541c4792, org.springframework.test.context.support.DirtiesContextBeforeModesTestExecutionListener@72b184b1, org.springframework.test.context.event.ApplicationEventsTestExecutionListener@6a3288ce, org.springframework.boot.test.mock.mockito.MockitoTestExecutionListener@413841b7, org.springframework.boot.test.autoconfigure.SpringBootDependencyInjectionTestExecutionListener@772ebed5, org.springframework.test.context.support.DirtiesContextTestExecutionListener@944288d, org.springframework.test.context.transaction.TransactionalTestExecutionListener@774eb593, org.springframework.test.context.jdbc.SqlScriptsTestExecutionListener@74f86734, org.springframework.test.context.event.EventPublishingTestExecutionListener@7622a768, org.springframework.boot.test.autoconfigure.restdocs.RestDocsTestExecutionListener@5e8ae961, org.springframework.boot.test.autoconfigure.web.client.MockRestServiceServerResetTestExecutionListener@5cea3d0e, org.springframework.boot.test.autoconfigure.web.servlet.MockMvcPrintOnlyOnFailureTestExecutionListener@6b9c3060, org.springframework.boot.test.autoconfigure.web.servlet.WebDriverTestExecutionListener@8e6d39c, org.springframework.boot.test.autoconfigure.webservices.client.MockWebServiceServerTestExecutionListener@1aee200, org.springframework.boot.test.mock.mockito.ResetMocksTestExecutionListener@ca1ad76]
]]></system-out>
  <system-err><![CDATA[]]></system-err>
</testsuite>
