<?xml version="1.0" encoding="UTF-8"?>
<testsuite name="com.fastcampus.javaallinone.project3.mycontact.MycontactApplicationTests" tests="1" skipped="0" failures="0" errors="0" timestamp="2021-03-31T10:01:43" hostname="KH-NOTE" time="0.008">
  <properties/>
  <testcase name="contextLoads()" classname="com.fastcampus.javaallinone.project3.mycontact.MycontactApplicationTests" time="0.008"/>
  <system-out><![CDATA[2021-03-31 19:01:43.291  INFO 7532 --- [    Test worker] .b.t.c.SpringBootTestContextBootstrapper : Neither @ContextConfiguration nor @ContextHierarchy found for test class [com.fastcampus.javaallinone.project3.mycontact.MycontactApplicationTests], using SpringBootContextLoader
2021-03-31 19:01:43.293  INFO 7532 --- [    Test worker] o.s.t.c.support.AbstractContextLoader    : Could not detect default resource locations for test class [com.fastcampus.javaallinone.project3.mycontact.MycontactApplicationTests]: no resource found for suffixes {-context.xml, Context.groovy}.
2021-03-31 19:01:43.293  INFO 7532 --- [    Test worker] t.c.s.AnnotationConfigContextLoaderUtils : Could not detect default configuration classes for test class [com.fastcampus.javaallinone.project3.mycontact.MycontactApplicationTests]: MycontactApplicationTests does not declare any static, non-private, non-final, nested classes annotated with @Configuration.
2021-03-31 19:01:43.300  INFO 7532 --- [    Test worker] .b.t.c.SpringBootTestContextBootstrapper : Found @SpringBootConfiguration com.fastcampus.javaallinone.project3.mycontact.MycontactApplication for test class com.fastcampus.javaallinone.project3.mycontact.MycontactApplicationTests
2021-03-31 19:01:43.303  INFO 7532 --- [    Test worker] .b.t.c.SpringBootTestContextBootstrapper : Loaded default TestExecutionListener class names from location [META-INF/spring.factories]: [org.springframework.boot.test.autoconfigure.restdocs.RestDocsTestExecutionListener, org.springframework.boot.test.autoconfigure.web.client.MockRestServiceServerResetTestExecutionListener, org.springframework.boot.test.autoconfigure.web.servlet.MockMvcPrintOnlyOnFailureTestExecutionListener, org.springframework.boot.test.autoconfigure.web.servlet.WebDriverTestExecutionListener, org.springframework.boot.test.autoconfigure.webservices.client.MockWebServiceServerTestExecutionListener, org.springframework.boot.test.mock.mockito.MockitoTestExecutionListener, org.springframework.boot.test.mock.mockito.ResetMocksTestExecutionListener, org.springframework.test.context.web.ServletTestExecutionListener, org.springframework.test.context.support.DirtiesContextBeforeModesTestExecutionListener, org.springframework.test.context.event.ApplicationEventsTestExecutionListener, org.springframework.test.context.support.DependencyInjectionTestExecutionListener, org.springframework.test.context.support.DirtiesContextTestExecutionListener, org.springframework.test.context.transaction.TransactionalTestExecutionListener, org.springframework.test.context.jdbc.SqlScriptsTestExecutionListener, org.springframework.test.context.event.EventPublishingTestExecutionListener]
2021-03-31 19:01:43.303  INFO 7532 --- [    Test worker] .b.t.c.SpringBootTestContextBootstrapper : Using TestExecutionListeners: [org.springframework.test.context.web.ServletTestExecutionListener@1e39311d, org.springframework.test.context.support.DirtiesContextBeforeModesTestExecutionListener@347bfdec, org.springframework.test.context.event.ApplicationEventsTestExecutionListener@10301aff, org.springframework.boot.test.mock.mockito.MockitoTestExecutionListener@2f3b0af3, org.springframework.boot.test.autoconfigure.SpringBootDependencyInjectionTestExecutionListener@78dd77d0, org.springframework.test.context.support.DirtiesContextTestExecutionListener@132261ba, org.springframework.test.context.transaction.TransactionalTestExecutionListener@3d576c3, org.springframework.test.context.jdbc.SqlScriptsTestExecutionListener@74ce98d8, org.springframework.test.context.event.EventPublishingTestExecutionListener@67be1266, org.springframework.boot.test.autoconfigure.restdocs.RestDocsTestExecutionListener@6711909a, org.springframework.boot.test.autoconfigure.web.client.MockRestServiceServerResetTestExecutionListener@4f5a91d5, org.springframework.boot.test.autoconfigure.web.servlet.MockMvcPrintOnlyOnFailureTestExecutionListener@4fd2c8be, org.springframework.boot.test.autoconfigure.web.servlet.WebDriverTestExecutionListener@58e8de00, org.springframework.boot.test.autoconfigure.webservices.client.MockWebServiceServerTestExecutionListener@339610c7, org.springframework.boot.test.mock.mockito.ResetMocksTestExecutionListener@28d9fb59]
]]></system-out>
  <system-err><![CDATA[]]></system-err>
</testsuite>
