<?xml version="1.0" encoding="UTF-8"?>
<testsuite name="com.fastcampus.javaallinone.project3.mycontact.service.PersonServiceTest" tests="2" skipped="0" failures="0" errors="0" timestamp="2021-03-31T10:01:43" hostname="KH-NOTE" time="0.043">
  <properties/>
  <testcase name="getPeopleByNames()" classname="com.fastcampus.javaallinone.project3.mycontact.service.PersonServiceTest" time="0.033"/>
  <testcase name="getPerson()" classname="com.fastcampus.javaallinone.project3.mycontact.service.PersonServiceTest" time="0.009"/>
  <system-out><![CDATA[2021-03-31 19:01:43.396  INFO 7532 --- [    Test worker] .b.t.c.SpringBootTestContextBootstrapper : Neither @ContextConfiguration nor @ContextHierarchy found for test class [com.fastcampus.javaallinone.project3.mycontact.service.PersonServiceTest], using SpringBootContextLoader
2021-03-31 19:01:43.397  INFO 7532 --- [    Test worker] o.s.t.c.support.AbstractContextLoader    : Could not detect default resource locations for test class [com.fastcampus.javaallinone.project3.mycontact.service.PersonServiceTest]: no resource found for suffixes {-context.xml, Context.groovy}.
2021-03-31 19:01:43.397  INFO 7532 --- [    Test worker] t.c.s.AnnotationConfigContextLoaderUtils : Could not detect default configuration classes for test class [com.fastcampus.javaallinone.project3.mycontact.service.PersonServiceTest]: PersonServiceTest does not declare any static, non-private, non-final, nested classes annotated with @Configuration.
2021-03-31 19:01:43.410  INFO 7532 --- [    Test worker] .b.t.c.SpringBootTestContextBootstrapper : Found @SpringBootConfiguration com.fastcampus.javaallinone.project3.mycontact.MycontactApplication for test class com.fastcampus.javaallinone.project3.mycontact.service.PersonServiceTest
2021-03-31 19:01:43.413  INFO 7532 --- [    Test worker] .b.t.c.SpringBootTestContextBootstrapper : Loaded default TestExecutionListener class names from location [META-INF/spring.factories]: [org.springframework.boot.test.autoconfigure.restdocs.RestDocsTestExecutionListener, org.springframework.boot.test.autoconfigure.web.client.MockRestServiceServerResetTestExecutionListener, org.springframework.boot.test.autoconfigure.web.servlet.MockMvcPrintOnlyOnFailureTestExecutionListener, org.springframework.boot.test.autoconfigure.web.servlet.WebDriverTestExecutionListener, org.springframework.boot.test.autoconfigure.webservices.client.MockWebServiceServerTestExecutionListener, org.springframework.boot.test.mock.mockito.MockitoTestExecutionListener, org.springframework.boot.test.mock.mockito.ResetMocksTestExecutionListener, org.springframework.test.context.web.ServletTestExecutionListener, org.springframework.test.context.support.DirtiesContextBeforeModesTestExecutionListener, org.springframework.test.context.event.ApplicationEventsTestExecutionListener, org.springframework.test.context.support.DependencyInjectionTestExecutionListener, org.springframework.test.context.support.DirtiesContextTestExecutionListener, org.springframework.test.context.transaction.TransactionalTestExecutionListener, org.springframework.test.context.jdbc.SqlScriptsTestExecutionListener, org.springframework.test.context.event.EventPublishingTestExecutionListener]
2021-03-31 19:01:43.414  INFO 7532 --- [    Test worker] .b.t.c.SpringBootTestContextBootstrapper : Using TestExecutionListeners: [org.springframework.test.context.web.ServletTestExecutionListener@768a5d5e, org.springframework.test.context.support.DirtiesContextBeforeModesTestExecutionListener@180031dc, org.springframework.test.context.event.ApplicationEventsTestExecutionListener@5e625b37, org.springframework.boot.test.mock.mockito.MockitoTestExecutionListener@6ab4b254, org.springframework.boot.test.autoconfigure.SpringBootDependencyInjectionTestExecutionListener@4e7062f1, org.springframework.test.context.support.DirtiesContextTestExecutionListener@57e73432, org.springframework.test.context.transaction.TransactionalTestExecutionListener@1b10661a, org.springframework.test.context.jdbc.SqlScriptsTestExecutionListener@5479513e, org.springframework.test.context.event.EventPublishingTestExecutionListener@19d3d6aa, org.springframework.boot.test.autoconfigure.restdocs.RestDocsTestExecutionListener@77fb2706, org.springframework.boot.test.autoconfigure.web.client.MockRestServiceServerResetTestExecutionListener@6f43af55, org.springframework.boot.test.autoconfigure.web.servlet.MockMvcPrintOnlyOnFailureTestExecutionListener@712df322, org.springframework.boot.test.autoconfigure.web.servlet.WebDriverTestExecutionListener@764c0d2b, org.springframework.boot.test.autoconfigure.webservices.client.MockWebServiceServerTestExecutionListener@58a1c7f3, org.springframework.boot.test.mock.mockito.ResetMocksTestExecutionListener@2aeae2b5]
Hibernate: select person0_.id as id1_0_, person0_.address as address2_0_, person0_.day_of_birthday as day_of_b3_0_, person0_.month_of_birthday as month_of4_0_, person0_.year_of_birthday as year_of_5_0_, person0_.deleted as deleted6_0_, person0_.hobby as hobby7_0_, person0_.job as job8_0_, person0_.name as name9_0_, person0_.phone_number as phone_n10_0_ from person person0_ where ( person0_.deleted = 0) and person0_.name=?
Hibernate: select person0_.id as id1_0_0_, person0_.address as address2_0_0_, person0_.day_of_birthday as day_of_b3_0_0_, person0_.month_of_birthday as month_of4_0_0_, person0_.year_of_birthday as year_of_5_0_0_, person0_.deleted as deleted6_0_0_, person0_.hobby as hobby7_0_0_, person0_.job as job8_0_0_, person0_.name as name9_0_0_, person0_.phone_number as phone_n10_0_0_ from person person0_ where person0_.id=? and ( person0_.deleted = 0)
2021-03-31 19:01:43.455  INFO 7532 --- [    Test worker] c.f.j.p.mycontact.service.PersonService  : person: Person(id=3, name=dennis, hobby=null, address=null, birthday=Birthday(yearOfBirthday=1991, monthOfBirthday=10, dayOfBirthday=15), job=null, phoneNumber=null, deleted=false)
]]></system-out>
  <system-err><![CDATA[]]></system-err>
</testsuite>
