<?xml version="1.0" encoding="UTF-8"?>
<testsuite name="com.fastcampus.javaallinone.project3.mycontact.repository.blockRepositoryTest" tests="1" skipped="0" failures="0" errors="0" timestamp="2021-03-29T06:44:49" hostname="KH-NOTE" time="0.077">
  <properties/>
  <testcase name="crud()" classname="com.fastcampus.javaallinone.project3.mycontact.repository.blockRepositoryTest" time="0.077"/>
  <system-out><![CDATA[2021-03-29 15:44:49.364  INFO 21408 --- [    Test worker] .b.t.c.SpringBootTestContextBootstrapper : Neither @ContextConfiguration nor @ContextHierarchy found for test class [com.fastcampus.javaallinone.project3.mycontact.repository.blockRepositoryTest], using SpringBootContextLoader
2021-03-29 15:44:49.367  INFO 21408 --- [    Test worker] o.s.t.c.support.AbstractContextLoader    : Could not detect default resource locations for test class [com.fastcampus.javaallinone.project3.mycontact.repository.blockRepositoryTest]: no resource found for suffixes {-context.xml, Context.groovy}.
2021-03-29 15:44:49.368  INFO 21408 --- [    Test worker] t.c.s.AnnotationConfigContextLoaderUtils : Could not detect default configuration classes for test class [com.fastcampus.javaallinone.project3.mycontact.repository.blockRepositoryTest]: blockRepositoryTest does not declare any static, non-private, non-final, nested classes annotated with @Configuration.
2021-03-29 15:44:49.419  INFO 21408 --- [    Test worker] .b.t.c.SpringBootTestContextBootstrapper : Found @SpringBootConfiguration com.fastcampus.javaallinone.project3.mycontact.MycontactApplication for test class com.fastcampus.javaallinone.project3.mycontact.repository.blockRepositoryTest
2021-03-29 15:44:49.431  INFO 21408 --- [    Test worker] .b.t.c.SpringBootTestContextBootstrapper : Loaded default TestExecutionListener class names from location [META-INF/spring.factories]: [org.springframework.boot.test.autoconfigure.restdocs.RestDocsTestExecutionListener, org.springframework.boot.test.autoconfigure.web.client.MockRestServiceServerResetTestExecutionListener, org.springframework.boot.test.autoconfigure.web.servlet.MockMvcPrintOnlyOnFailureTestExecutionListener, org.springframework.boot.test.autoconfigure.web.servlet.WebDriverTestExecutionListener, org.springframework.boot.test.autoconfigure.webservices.client.MockWebServiceServerTestExecutionListener, org.springframework.boot.test.mock.mockito.MockitoTestExecutionListener, org.springframework.boot.test.mock.mockito.ResetMocksTestExecutionListener, org.springframework.test.context.web.ServletTestExecutionListener, org.springframework.test.context.support.DirtiesContextBeforeModesTestExecutionListener, org.springframework.test.context.event.ApplicationEventsTestExecutionListener, org.springframework.test.context.support.DependencyInjectionTestExecutionListener, org.springframework.test.context.support.DirtiesContextTestExecutionListener, org.springframework.test.context.transaction.TransactionalTestExecutionListener, org.springframework.test.context.jdbc.SqlScriptsTestExecutionListener, org.springframework.test.context.event.EventPublishingTestExecutionListener]
2021-03-29 15:44:49.433  INFO 21408 --- [    Test worker] .b.t.c.SpringBootTestContextBootstrapper : Using TestExecutionListeners: [org.springframework.test.context.web.ServletTestExecutionListener@5ca4de75, org.springframework.test.context.support.DirtiesContextBeforeModesTestExecutionListener@1d481606, org.springframework.test.context.event.ApplicationEventsTestExecutionListener@1f9c5700, org.springframework.boot.test.mock.mockito.MockitoTestExecutionListener@5cc45670, org.springframework.boot.test.autoconfigure.SpringBootDependencyInjectionTestExecutionListener@26696ceb, org.springframework.test.context.support.DirtiesContextTestExecutionListener@7b4cb606, org.springframework.test.context.transaction.TransactionalTestExecutionListener@615da38, org.springframework.test.context.jdbc.SqlScriptsTestExecutionListener@789c6b5c, org.springframework.test.context.event.EventPublishingTestExecutionListener@15ff5e90, org.springframework.boot.test.autoconfigure.restdocs.RestDocsTestExecutionListener@b9d26af, org.springframework.boot.test.autoconfigure.web.client.MockRestServiceServerResetTestExecutionListener@2371e9fe, org.springframework.boot.test.autoconfigure.web.servlet.MockMvcPrintOnlyOnFailureTestExecutionListener@382cb047, org.springframework.boot.test.autoconfigure.web.servlet.WebDriverTestExecutionListener@57c8620c, org.springframework.boot.test.autoconfigure.webservices.client.MockWebServiceServerTestExecutionListener@35028e04, org.springframework.boot.test.mock.mockito.ResetMocksTestExecutionListener@1910bf43]
Hibernate: insert into block (id, end_date, name, reason, start_date) values (null, ?, ?, ?, ?)
Hibernate: select block0_.id as id1_0_, block0_.end_date as end_date2_0_, block0_.name as name3_0_, block0_.reason as reason4_0_, block0_.start_date as start_da5_0_ from block block0_
]]></system-out>
  <system-err><![CDATA[]]></system-err>
</testsuite>
