<?xml version="1.0" encoding="UTF-8"?>
<testsuite name="com.fastcampus.javaallinone.project3.mycontact.repository.PersonRepositoryTest" tests="2" skipped="0" failures="0" errors="0" timestamp="2021-03-31T10:01:43" hostname="KH-NOTE" time="0.051">
  <properties/>
  <testcase name="findByBirthdatBetween()" classname="com.fastcampus.javaallinone.project3.mycontact.repository.PersonRepositoryTest" time="0.031"/>
  <testcase name="curd()" classname="com.fastcampus.javaallinone.project3.mycontact.repository.PersonRepositoryTest" time="0.018"/>
  <system-out><![CDATA[2021-03-31 19:01:43.318  INFO 7532 --- [    Test worker] .b.t.c.SpringBootTestContextBootstrapper : Neither @ContextConfiguration nor @ContextHierarchy found for test class [com.fastcampus.javaallinone.project3.mycontact.repository.PersonRepositoryTest], using SpringBootContextLoader
2021-03-31 19:01:43.320  INFO 7532 --- [    Test worker] o.s.t.c.support.AbstractContextLoader    : Could not detect default resource locations for test class [com.fastcampus.javaallinone.project3.mycontact.repository.PersonRepositoryTest]: no resource found for suffixes {-context.xml, Context.groovy}.
2021-03-31 19:01:43.320  INFO 7532 --- [    Test worker] t.c.s.AnnotationConfigContextLoaderUtils : Could not detect default configuration classes for test class [com.fastcampus.javaallinone.project3.mycontact.repository.PersonRepositoryTest]: PersonRepositoryTest does not declare any static, non-private, non-final, nested classes annotated with @Configuration.
2021-03-31 19:01:43.334  INFO 7532 --- [    Test worker] .b.t.c.SpringBootTestContextBootstrapper : Found @SpringBootConfiguration com.fastcampus.javaallinone.project3.mycontact.MycontactApplication for test class com.fastcampus.javaallinone.project3.mycontact.repository.PersonRepositoryTest
2021-03-31 19:01:43.336  INFO 7532 --- [    Test worker] .b.t.c.SpringBootTestContextBootstrapper : Loaded default TestExecutionListener class names from location [META-INF/spring.factories]: [org.springframework.boot.test.autoconfigure.restdocs.RestDocsTestExecutionListener, org.springframework.boot.test.autoconfigure.web.client.MockRestServiceServerResetTestExecutionListener, org.springframework.boot.test.autoconfigure.web.servlet.MockMvcPrintOnlyOnFailureTestExecutionListener, org.springframework.boot.test.autoconfigure.web.servlet.WebDriverTestExecutionListener, org.springframework.boot.test.autoconfigure.webservices.client.MockWebServiceServerTestExecutionListener, org.springframework.boot.test.mock.mockito.MockitoTestExecutionListener, org.springframework.boot.test.mock.mockito.ResetMocksTestExecutionListener, org.springframework.test.context.web.ServletTestExecutionListener, org.springframework.test.context.support.DirtiesContextBeforeModesTestExecutionListener, org.springframework.test.context.event.ApplicationEventsTestExecutionListener, org.springframework.test.context.support.DependencyInjectionTestExecutionListener, org.springframework.test.context.support.DirtiesContextTestExecutionListener, org.springframework.test.context.transaction.TransactionalTestExecutionListener, org.springframework.test.context.jdbc.SqlScriptsTestExecutionListener, org.springframework.test.context.event.EventPublishingTestExecutionListener]
2021-03-31 19:01:43.337  INFO 7532 --- [    Test worker] .b.t.c.SpringBootTestContextBootstrapper : Using TestExecutionListeners: [org.springframework.test.context.web.ServletTestExecutionListener@711741c4, org.springframework.test.context.support.DirtiesContextBeforeModesTestExecutionListener@6f919938, org.springframework.test.context.event.ApplicationEventsTestExecutionListener@6c02ac25, org.springframework.boot.test.mock.mockito.MockitoTestExecutionListener@b6681cf, org.springframework.boot.test.autoconfigure.SpringBootDependencyInjectionTestExecutionListener@4034e806, org.springframework.test.context.support.DirtiesContextTestExecutionListener@238ff161, org.springframework.test.context.transaction.TransactionalTestExecutionListener@5a1512b1, org.springframework.test.context.jdbc.SqlScriptsTestExecutionListener@65c298c5, org.springframework.test.context.event.EventPublishingTestExecutionListener@2d138a3, org.springframework.boot.test.autoconfigure.restdocs.RestDocsTestExecutionListener@5e89c561, org.springframework.boot.test.autoconfigure.web.client.MockRestServiceServerResetTestExecutionListener@2c7bd49b, org.springframework.boot.test.autoconfigure.web.servlet.MockMvcPrintOnlyOnFailureTestExecutionListener@5d0e6561, org.springframework.boot.test.autoconfigure.web.servlet.WebDriverTestExecutionListener@56915a43, org.springframework.boot.test.autoconfigure.webservices.client.MockWebServiceServerTestExecutionListener@46232f3d, org.springframework.boot.test.mock.mockito.ResetMocksTestExecutionListener@340ee46e]
2021-03-31 19:01:43.344  INFO 7532 --- [    Test worker] o.s.t.c.transaction.TransactionContext   : Began transaction (1) for test context [DefaultTestContext@5af19752 testClass = PersonRepositoryTest, testInstance = com.fastcampus.javaallinone.project3.mycontact.repository.PersonRepositoryTest@6d946c5d, testMethod = findByBirthdatBetween@PersonRepositoryTest, testException = [null], mergedContextConfiguration = [WebMergedContextConfiguration@7e5896f5 testClass = PersonRepositoryTest, locations = '{}', classes = '{class com.fastcampus.javaallinone.project3.mycontact.MycontactApplication}', contextInitializerClasses = '[]', activeProfiles = '{}', propertySourceLocations = '{}', propertySourceProperties = '{org.springframework.boot.test.context.SpringBootTestContextBootstrapper=true}', contextCustomizers = set[org.springframework.boot.test.autoconfigure.actuate.metrics.MetricsExportContextCustomizerFactory$DisableMetricExportContextCustomizer@166e6c74, org.springframework.boot.test.autoconfigure.properties.PropertyMappingContextCustomizer@0, org.springframework.boot.test.autoconfigure.web.servlet.WebDriverContextCustomizerFactory$Customizer@6cdfbcf3, org.springframework.boot.test.context.filter.ExcludeFilterContextCustomizer@23049dac, org.springframework.boot.test.json.DuplicateJsonObjectContextCustomizerFactory$DuplicateJsonObjectContextCustomizer@7de0b51, org.springframework.boot.test.mock.mockito.MockitoContextCustomizer@0, org.springframework.boot.test.web.client.TestRestTemplateContextCustomizer@18178266, org.springframework.boot.test.context.SpringBootTestArgs@1, org.springframework.boot.test.context.SpringBootTestWebEnvironment@1bdc68a6], resourceBasePath = 'src/main/webapp', contextLoader = 'org.springframework.boot.test.context.SpringBootContextLoader', parent = [null]], attributes = map['org.springframework.test.context.web.ServletTestExecutionListener.activateListener' -> true, 'org.springframework.test.context.web.ServletTestExecutionListener.populatedRequestContextHolder' -> true, 'org.springframework.test.context.web.ServletTestExecutionListener.resetRequestContextHolder' -> true, 'org.springframework.test.context.event.ApplicationEventsTestExecutionListener.recordApplicationEvents' -> false]]; transaction manager [org.springframework.orm.jpa.JpaTransactionManager@1d4f706f]; rollback [true]
Hibernate: select person0_.id as id1_0_, person0_.address as address2_0_, person0_.day_of_birthday as day_of_b3_0_, person0_.month_of_birthday as month_of4_0_, person0_.year_of_birthday as year_of_5_0_, person0_.deleted as deleted6_0_, person0_.hobby as hobby7_0_, person0_.job as job8_0_, person0_.name as name9_0_, person0_.phone_number as phone_n10_0_ from person person0_ where ( person0_.deleted = 0) and person0_.month_of_birthday=?
2021-03-31 19:01:43.373  INFO 7532 --- [    Test worker] o.s.t.c.transaction.TransactionContext   : Rolled back transaction for test: [DefaultTestContext@5af19752 testClass = PersonRepositoryTest, testInstance = com.fastcampus.javaallinone.project3.mycontact.repository.PersonRepositoryTest@6d946c5d, testMethod = findByBirthdatBetween@PersonRepositoryTest, testException = [null], mergedContextConfiguration = [WebMergedContextConfiguration@7e5896f5 testClass = PersonRepositoryTest, locations = '{}', classes = '{class com.fastcampus.javaallinone.project3.mycontact.MycontactApplication}', contextInitializerClasses = '[]', activeProfiles = '{}', propertySourceLocations = '{}', propertySourceProperties = '{org.springframework.boot.test.context.SpringBootTestContextBootstrapper=true}', contextCustomizers = set[org.springframework.boot.test.autoconfigure.actuate.metrics.MetricsExportContextCustomizerFactory$DisableMetricExportContextCustomizer@166e6c74, org.springframework.boot.test.autoconfigure.properties.PropertyMappingContextCustomizer@0, org.springframework.boot.test.autoconfigure.web.servlet.WebDriverContextCustomizerFactory$Customizer@6cdfbcf3, org.springframework.boot.test.context.filter.ExcludeFilterContextCustomizer@23049dac, org.springframework.boot.test.json.DuplicateJsonObjectContextCustomizerFactory$DuplicateJsonObjectContextCustomizer@7de0b51, org.springframework.boot.test.mock.mockito.MockitoContextCustomizer@0, org.springframework.boot.test.web.client.TestRestTemplateContextCustomizer@18178266, org.springframework.boot.test.context.SpringBootTestArgs@1, org.springframework.boot.test.context.SpringBootTestWebEnvironment@1bdc68a6], resourceBasePath = 'src/main/webapp', contextLoader = 'org.springframework.boot.test.context.SpringBootContextLoader', parent = [null]], attributes = map['org.springframework.test.context.web.ServletTestExecutionListener.activateListener' -> true, 'org.springframework.test.context.web.ServletTestExecutionListener.populatedRequestContextHolder' -> true, 'org.springframework.test.context.web.ServletTestExecutionListener.resetRequestContextHolder' -> true, 'org.springframework.test.context.event.ApplicationEventsTestExecutionListener.recordApplicationEvents' -> false]]
2021-03-31 19:01:43.377  INFO 7532 --- [    Test worker] o.s.t.c.transaction.TransactionContext   : Began transaction (1) for test context [DefaultTestContext@5af19752 testClass = PersonRepositoryTest, testInstance = com.fastcampus.javaallinone.project3.mycontact.repository.PersonRepositoryTest@6b552551, testMethod = curd@PersonRepositoryTest, testException = [null], mergedContextConfiguration = [WebMergedContextConfiguration@7e5896f5 testClass = PersonRepositoryTest, locations = '{}', classes = '{class com.fastcampus.javaallinone.project3.mycontact.MycontactApplication}', contextInitializerClasses = '[]', activeProfiles = '{}', propertySourceLocations = '{}', propertySourceProperties = '{org.springframework.boot.test.context.SpringBootTestContextBootstrapper=true}', contextCustomizers = set[org.springframework.boot.test.autoconfigure.actuate.metrics.MetricsExportContextCustomizerFactory$DisableMetricExportContextCustomizer@166e6c74, org.springframework.boot.test.autoconfigure.properties.PropertyMappingContextCustomizer@0, org.springframework.boot.test.autoconfigure.web.servlet.WebDriverContextCustomizerFactory$Customizer@6cdfbcf3, org.springframework.boot.test.context.filter.ExcludeFilterContextCustomizer@23049dac, org.springframework.boot.test.json.DuplicateJsonObjectContextCustomizerFactory$DuplicateJsonObjectContextCustomizer@7de0b51, org.springframework.boot.test.mock.mockito.MockitoContextCustomizer@0, org.springframework.boot.test.web.client.TestRestTemplateContextCustomizer@18178266, org.springframework.boot.test.context.SpringBootTestArgs@1, org.springframework.boot.test.context.SpringBootTestWebEnvironment@1bdc68a6], resourceBasePath = 'src/main/webapp', contextLoader = 'org.springframework.boot.test.context.SpringBootContextLoader', parent = [null]], attributes = map['org.springframework.test.context.web.ServletTestExecutionListener.activateListener' -> true, 'org.springframework.test.context.web.ServletTestExecutionListener.populatedRequestContextHolder' -> true, 'org.springframework.test.context.web.ServletTestExecutionListener.resetRequestContextHolder' -> true, 'org.springframework.test.context.event.ApplicationEventsTestExecutionListener.recordApplicationEvents' -> false]]; transaction manager [org.springframework.orm.jpa.JpaTransactionManager@1d4f706f]; rollback [true]
Hibernate: insert into person (id, address, day_of_birthday, month_of_birthday, year_of_birthday, deleted, hobby, job, name, phone_number) values (null, ?, ?, ?, ?, ?, ?, ?, ?, ?)
Hibernate: select person0_.id as id1_0_, person0_.address as address2_0_, person0_.day_of_birthday as day_of_b3_0_, person0_.month_of_birthday as month_of4_0_, person0_.year_of_birthday as year_of_5_0_, person0_.deleted as deleted6_0_, person0_.hobby as hobby7_0_, person0_.job as job8_0_, person0_.name as name9_0_, person0_.phone_number as phone_n10_0_ from person person0_ where ( person0_.deleted = 0) and person0_.name=?
2021-03-31 19:01:43.393  INFO 7532 --- [    Test worker] o.s.t.c.transaction.TransactionContext   : Rolled back transaction for test: [DefaultTestContext@5af19752 testClass = PersonRepositoryTest, testInstance = com.fastcampus.javaallinone.project3.mycontact.repository.PersonRepositoryTest@6b552551, testMethod = curd@PersonRepositoryTest, testException = [null], mergedContextConfiguration = [WebMergedContextConfiguration@7e5896f5 testClass = PersonRepositoryTest, locations = '{}', classes = '{class com.fastcampus.javaallinone.project3.mycontact.MycontactApplication}', contextInitializerClasses = '[]', activeProfiles = '{}', propertySourceLocations = '{}', propertySourceProperties = '{org.springframework.boot.test.context.SpringBootTestContextBootstrapper=true}', contextCustomizers = set[org.springframework.boot.test.autoconfigure.actuate.metrics.MetricsExportContextCustomizerFactory$DisableMetricExportContextCustomizer@166e6c74, org.springframework.boot.test.autoconfigure.properties.PropertyMappingContextCustomizer@0, org.springframework.boot.test.autoconfigure.web.servlet.WebDriverContextCustomizerFactory$Customizer@6cdfbcf3, org.springframework.boot.test.context.filter.ExcludeFilterContextCustomizer@23049dac, org.springframework.boot.test.json.DuplicateJsonObjectContextCustomizerFactory$DuplicateJsonObjectContextCustomizer@7de0b51, org.springframework.boot.test.mock.mockito.MockitoContextCustomizer@0, org.springframework.boot.test.web.client.TestRestTemplateContextCustomizer@18178266, org.springframework.boot.test.context.SpringBootTestArgs@1, org.springframework.boot.test.context.SpringBootTestWebEnvironment@1bdc68a6], resourceBasePath = 'src/main/webapp', contextLoader = 'org.springframework.boot.test.context.SpringBootContextLoader', parent = [null]], attributes = map['org.springframework.test.context.web.ServletTestExecutionListener.activateListener' -> true, 'org.springframework.test.context.web.ServletTestExecutionListener.populatedRequestContextHolder' -> true, 'org.springframework.test.context.web.ServletTestExecutionListener.resetRequestContextHolder' -> true, 'org.springframework.test.context.event.ApplicationEventsTestExecutionListener.recordApplicationEvents' -> false]]
]]></system-out>
  <system-err><![CDATA[]]></system-err>
</testsuite>
