<?xml version="1.0" encoding="UTF-8"?>
<testsuite name="com.fastcampus.javaallinone.project3.mycontact.controller.PersonControllerTest" tests="1" skipped="0" failures="0" errors="0" timestamp="2021-05-22T15:31:29" hostname="KH-NOTE" time="1.011">
  <properties/>
  <testcase name="getPerson()" classname="com.fastcampus.javaallinone.project3.mycontact.controller.PersonControllerTest" time="1.011"/>
  <system-out><![CDATA[00:31:20.943 [Test worker] DEBUG org.springframework.test.context.BootstrapUtils - Instantiating CacheAwareContextLoaderDelegate from class [org.springframework.test.context.cache.DefaultCacheAwareContextLoaderDelegate]
00:31:20.961 [Test worker] DEBUG org.springframework.test.context.BootstrapUtils - Instantiating BootstrapContext using constructor [public org.springframework.test.context.support.DefaultBootstrapContext(java.lang.Class,org.springframework.test.context.CacheAwareContextLoaderDelegate)]
00:31:21.010 [Test worker] DEBUG org.springframework.test.context.BootstrapUtils - Instantiating TestContextBootstrapper for test class [com.fastcampus.javaallinone.project3.mycontact.controller.PersonControllerTest] from class [org.springframework.boot.test.context.SpringBootTestContextBootstrapper]
00:31:21.029 [Test worker] INFO org.springframework.boot.test.context.SpringBootTestContextBootstrapper - Neither @ContextConfiguration nor @ContextHierarchy found for test class [com.fastcampus.javaallinone.project3.mycontact.controller.PersonControllerTest], using SpringBootContextLoader
00:31:21.037 [Test worker] DEBUG org.springframework.test.context.support.AbstractContextLoader - Did not detect default resource location for test class [com.fastcampus.javaallinone.project3.mycontact.controller.PersonControllerTest]: class path resource [com/fastcampus/javaallinone/project3/mycontact/controller/PersonControllerTest-context.xml] does not exist
00:31:21.039 [Test worker] DEBUG org.springframework.test.context.support.AbstractContextLoader - Did not detect default resource location for test class [com.fastcampus.javaallinone.project3.mycontact.controller.PersonControllerTest]: class path resource [com/fastcampus/javaallinone/project3/mycontact/controller/PersonControllerTestContext.groovy] does not exist
00:31:21.039 [Test worker] INFO org.springframework.test.context.support.AbstractContextLoader - Could not detect default resource locations for test class [com.fastcampus.javaallinone.project3.mycontact.controller.PersonControllerTest]: no resource found for suffixes {-context.xml, Context.groovy}.
00:31:21.042 [Test worker] INFO org.springframework.test.context.support.AnnotationConfigContextLoaderUtils - Could not detect default configuration classes for test class [com.fastcampus.javaallinone.project3.mycontact.controller.PersonControllerTest]: PersonControllerTest does not declare any static, non-private, non-final, nested classes annotated with @Configuration.
00:31:21.108 [Test worker] DEBUG org.springframework.test.context.support.ActiveProfilesUtils - Could not find an 'annotation declaring class' for annotation type [org.springframework.test.context.ActiveProfiles] and class [com.fastcampus.javaallinone.project3.mycontact.controller.PersonControllerTest]
00:31:21.241 [Test worker] DEBUG org.springframework.context.annotation.ClassPathScanningCandidateComponentProvider - Identified candidate component class: file [C:\Users\newon\Desktop\demo\mycontact\build\classes\java\main\com\fastcampus\javaallinone\project3\mycontact\MycontactApplication.class]
00:31:21.243 [Test worker] INFO org.springframework.boot.test.context.SpringBootTestContextBootstrapper - Found @SpringBootConfiguration com.fastcampus.javaallinone.project3.mycontact.MycontactApplication for test class com.fastcampus.javaallinone.project3.mycontact.controller.PersonControllerTest
00:31:21.386 [Test worker] DEBUG org.springframework.boot.test.context.SpringBootTestContextBootstrapper - @TestExecutionListeners is not present for class [com.fastcampus.javaallinone.project3.mycontact.controller.PersonControllerTest]: using defaults.
00:31:21.388 [Test worker] INFO org.springframework.boot.test.context.SpringBootTestContextBootstrapper - Loaded default TestExecutionListener class names from location [META-INF/spring.factories]: [org.springframework.boot.test.autoconfigure.restdocs.RestDocsTestExecutionListener, org.springframework.boot.test.autoconfigure.web.client.MockRestServiceServerResetTestExecutionListener, org.springframework.boot.test.autoconfigure.web.servlet.MockMvcPrintOnlyOnFailureTestExecutionListener, org.springframework.boot.test.autoconfigure.web.servlet.WebDriverTestExecutionListener, org.springframework.boot.test.autoconfigure.webservices.client.MockWebServiceServerTestExecutionListener, org.springframework.boot.test.mock.mockito.MockitoTestExecutionListener, org.springframework.boot.test.mock.mockito.ResetMocksTestExecutionListener, org.springframework.test.context.web.ServletTestExecutionListener, org.springframework.test.context.support.DirtiesContextBeforeModesTestExecutionListener, org.springframework.test.context.event.ApplicationEventsTestExecutionListener, org.springframework.test.context.support.DependencyInjectionTestExecutionListener, org.springframework.test.context.support.DirtiesContextTestExecutionListener, org.springframework.test.context.transaction.TransactionalTestExecutionListener, org.springframework.test.context.jdbc.SqlScriptsTestExecutionListener, org.springframework.test.context.event.EventPublishingTestExecutionListener]
00:31:21.427 [Test worker] INFO org.springframework.boot.test.context.SpringBootTestContextBootstrapper - Using TestExecutionListeners: [org.springframework.test.context.web.ServletTestExecutionListener@43fe703f, org.springframework.test.context.support.DirtiesContextBeforeModesTestExecutionListener@15147873, org.springframework.test.context.event.ApplicationEventsTestExecutionListener@6c82d346, org.springframework.boot.test.mock.mockito.MockitoTestExecutionListener@5169811c, org.springframework.boot.test.autoconfigure.SpringBootDependencyInjectionTestExecutionListener@61a67c86, org.springframework.test.context.support.DirtiesContextTestExecutionListener@57c75721, org.springframework.test.context.transaction.TransactionalTestExecutionListener@2da5a67c, org.springframework.test.context.jdbc.SqlScriptsTestExecutionListener@30d9a3b5, org.springframework.test.context.event.EventPublishingTestExecutionListener@6249ab64, org.springframework.boot.test.autoconfigure.restdocs.RestDocsTestExecutionListener@f5a9653, org.springframework.boot.test.autoconfigure.web.client.MockRestServiceServerResetTestExecutionListener@fcc5782, org.springframework.boot.test.autoconfigure.web.servlet.MockMvcPrintOnlyOnFailureTestExecutionListener@72f589c5, org.springframework.boot.test.autoconfigure.web.servlet.WebDriverTestExecutionListener@5d481e74, org.springframework.boot.test.autoconfigure.webservices.client.MockWebServiceServerTestExecutionListener@6fbe380, org.springframework.boot.test.mock.mockito.ResetMocksTestExecutionListener@6b66c49a]
00:31:21.432 [Test worker] DEBUG org.springframework.test.context.support.AbstractDirtiesContextTestExecutionListener - Before test class: context [DefaultTestContext@2247430 testClass = PersonControllerTest, testInstance = [null], testMethod = [null], testException = [null], mergedContextConfiguration = [WebMergedContextConfiguration@1c110714 testClass = PersonControllerTest, locations = '{}', classes = '{class com.fastcampus.javaallinone.project3.mycontact.MycontactApplication}', contextInitializerClasses = '[]', activeProfiles = '{}', propertySourceLocations = '{}', propertySourceProperties = '{org.springframework.boot.test.context.SpringBootTestContextBootstrapper=true}', contextCustomizers = set[org.springframework.boot.test.autoconfigure.actuate.metrics.MetricsExportContextCustomizerFactory$DisableMetricExportContextCustomizer@673321be, org.springframework.boot.test.autoconfigure.properties.PropertyMappingContextCustomizer@0, org.springframework.boot.test.autoconfigure.web.servlet.WebDriverContextCustomizerFactory$Customizer@2785a222, org.springframework.boot.test.context.filter.ExcludeFilterContextCustomizer@1b930cbf, org.springframework.boot.test.json.DuplicateJsonObjectContextCustomizerFactory$DuplicateJsonObjectContextCustomizer@551ad913, org.springframework.boot.test.mock.mockito.MockitoContextCustomizer@0, org.springframework.boot.test.web.client.TestRestTemplateContextCustomizer@67d01402, org.springframework.boot.test.context.SpringBootTestArgs@1, org.springframework.boot.test.context.SpringBootTestWebEnvironment@19776b91], resourceBasePath = 'src/main/webapp', contextLoader = 'org.springframework.boot.test.context.SpringBootContextLoader', parent = [null]], attributes = map['org.springframework.test.context.web.ServletTestExecutionListener.activateListener' -> true]], class annotated with @DirtiesContext [false] with mode [null].
00:31:21.469 [Test worker] DEBUG org.springframework.test.context.support.TestPropertySourceUtils - Adding inlined properties to environment: {spring.jmx.enabled=false, org.springframework.boot.test.context.SpringBootTestContextBootstrapper=true}

  .   ____          _            __ _ _
 /\\ / ___'_ __ _ _(_)_ __  __ _ \ \ \ \
( ( )\___ | '_ | '_| | '_ \/ _` | \ \ \ \
 \\/  ___)| |_)| | | | | || (_| |  ) ) ) )
  '  |____| .__|_| |_|_| |_\__, | / / / /
 =========|_|==============|___/=/_/_/_/
 :: Spring Boot ::                (v2.4.3)

2021-05-23 00:31:21.879  INFO 11020 --- [    Test worker] c.f.j.p.m.c.PersonControllerTest         : Starting PersonControllerTest using Java 11.0.11 on KH-note with PID 11020 (started by newon in C:\Users\newon\Desktop\demo\mycontact)
2021-05-23 00:31:21.882  INFO 11020 --- [    Test worker] c.f.j.p.m.c.PersonControllerTest         : No active profile set, falling back to default profiles: default
2021-05-23 00:31:23.671  INFO 11020 --- [    Test worker] .s.d.r.c.RepositoryConfigurationDelegate : Bootstrapping Spring Data JPA repositories in DEFAULT mode.
2021-05-23 00:31:23.841  INFO 11020 --- [    Test worker] .s.d.r.c.RepositoryConfigurationDelegate : Finished Spring Data repository scanning in 145 ms. Found 1 JPA repository interfaces.
2021-05-23 00:31:25.181  INFO 11020 --- [    Test worker] com.zaxxer.hikari.HikariDataSource       : HikariPool-1 - Starting...
2021-05-23 00:31:25.614  INFO 11020 --- [    Test worker] com.zaxxer.hikari.HikariDataSource       : HikariPool-1 - Start completed.
2021-05-23 00:31:25.720  INFO 11020 --- [    Test worker] o.hibernate.jpa.internal.util.LogHelper  : HHH000204: Processing PersistenceUnitInfo [name: default]
2021-05-23 00:31:25.821  INFO 11020 --- [    Test worker] org.hibernate.Version                    : HHH000412: Hibernate ORM core version 5.4.28.Final
2021-05-23 00:31:26.089  INFO 11020 --- [    Test worker] o.hibernate.annotations.common.Version   : HCANN000001: Hibernate Commons Annotations {5.1.2.Final}
2021-05-23 00:31:26.316  INFO 11020 --- [    Test worker] org.hibernate.dialect.Dialect            : HHH000400: Using dialect: org.hibernate.dialect.H2Dialect
Hibernate: drop table if exists person CASCADE 
Hibernate: create table person (id bigint generated by default as identity, address varchar(255), day_of_birthday integer, month_of_birthday integer, year_of_birthday integer, deleted boolean default 0 not null, hobby varchar(255), job varchar(255), name varchar(255) not null, phone_number varchar(255), primary key (id))
2021-05-23 00:31:27.225  INFO 11020 --- [    Test worker] o.h.e.t.j.p.i.JtaPlatformInitiator       : HHH000490: Using JtaPlatform implementation: [org.hibernate.engine.transaction.jta.platform.internal.NoJtaPlatform]
2021-05-23 00:31:27.244  INFO 11020 --- [    Test worker] j.LocalContainerEntityManagerFactoryBean : Initialized JPA EntityManagerFactory for persistence unit 'default'
2021-05-23 00:31:28.369  WARN 11020 --- [    Test worker] JpaBaseConfiguration$JpaWebConfiguration : spring.jpa.open-in-view is enabled by default. Therefore, database queries may be performed during view rendering. Explicitly configure spring.jpa.open-in-view to disable this warning
2021-05-23 00:31:28.580  INFO 11020 --- [    Test worker] o.s.s.concurrent.ThreadPoolTaskExecutor  : Initializing ExecutorService 'applicationTaskExecutor'
2021-05-23 00:31:29.427  INFO 11020 --- [    Test worker] c.f.j.p.m.c.PersonControllerTest         : Started PersonControllerTest in 7.946 seconds (JVM running for 11.431)
2021-05-23 00:31:29.505  INFO 11020 --- [    Test worker] o.s.t.c.transaction.TransactionContext   : Began transaction (1) for test context [DefaultTestContext@2247430 testClass = PersonControllerTest, testInstance = com.fastcampus.javaallinone.project3.mycontact.controller.PersonControllerTest@44ae7857, testMethod = getPerson@PersonControllerTest, testException = [null], mergedContextConfiguration = [WebMergedContextConfiguration@1c110714 testClass = PersonControllerTest, locations = '{}', classes = '{class com.fastcampus.javaallinone.project3.mycontact.MycontactApplication}', contextInitializerClasses = '[]', activeProfiles = '{}', propertySourceLocations = '{}', propertySourceProperties = '{org.springframework.boot.test.context.SpringBootTestContextBootstrapper=true}', contextCustomizers = set[org.springframework.boot.test.autoconfigure.actuate.metrics.MetricsExportContextCustomizerFactory$DisableMetricExportContextCustomizer@673321be, org.springframework.boot.test.autoconfigure.properties.PropertyMappingContextCustomizer@0, org.springframework.boot.test.autoconfigure.web.servlet.WebDriverContextCustomizerFactory$Customizer@2785a222, org.springframework.boot.test.context.filter.ExcludeFilterContextCustomizer@1b930cbf, org.springframework.boot.test.json.DuplicateJsonObjectContextCustomizerFactory$DuplicateJsonObjectContextCustomizer@551ad913, org.springframework.boot.test.mock.mockito.MockitoContextCustomizer@0, org.springframework.boot.test.web.client.TestRestTemplateContextCustomizer@67d01402, org.springframework.boot.test.context.SpringBootTestArgs@1, org.springframework.boot.test.context.SpringBootTestWebEnvironment@19776b91], resourceBasePath = 'src/main/webapp', contextLoader = 'org.springframework.boot.test.context.SpringBootContextLoader', parent = [null]], attributes = map['org.springframework.test.context.web.ServletTestExecutionListener.activateListener' -> true, 'org.springframework.test.context.web.ServletTestExecutionListener.populatedRequestContextHolder' -> true, 'org.springframework.test.context.web.ServletTestExecutionListener.resetRequestContextHolder' -> true, 'org.springframework.test.context.event.ApplicationEventsTestExecutionListener.recordApplicationEvents' -> false]]; transaction manager [org.springframework.orm.jpa.JpaTransactionManager@27dd6d9c]; rollback [true]
2021-05-23 00:31:29.846  INFO 11020 --- [    Test worker] o.s.mock.web.MockServletContext          : Initializing Spring TestDispatcherServlet ''
2021-05-23 00:31:29.846  INFO 11020 --- [    Test worker] o.s.t.web.servlet.TestDispatcherServlet  : Initializing Servlet ''
2021-05-23 00:31:29.847  INFO 11020 --- [    Test worker] o.s.t.web.servlet.TestDispatcherServlet  : Completed initialization in 1 ms
Hibernate: select person0_.id as id1_0_0_, person0_.address as address2_0_0_, person0_.day_of_birthday as day_of_b3_0_0_, person0_.month_of_birthday as month_of4_0_0_, person0_.year_of_birthday as year_of_5_0_0_, person0_.deleted as deleted6_0_0_, person0_.hobby as hobby7_0_0_, person0_.job as job8_0_0_, person0_.name as name9_0_0_, person0_.phone_number as phone_n10_0_0_ from person person0_ where person0_.id=? and ( person0_.deleted = 0)
2021-05-23 00:31:30.103  INFO 11020 --- [    Test worker] c.f.j.p.mycontact.service.PersonService  : person: Person(id=1, name=martin, hobby=null, address=null, birthday=Birthday(yearOfBirthday=1991, monthOfBirthday=8, dayOfBirthday=15), job=null, phoneNumber=null, deleted=false)

MockHttpServletRequest:
      HTTP Method = GET
      Request URI = /api/person/1
       Parameters = {}
          Headers = []
             Body = <no character encoding set>
    Session Attrs = {}

Handler:
             Type = com.fastcampus.javaallinone.project3.mycontact.controller.PersonController
           Method = com.fastcampus.javaallinone.project3.mycontact.controller.PersonController#getPerson(Long)

Async:
    Async started = false
     Async result = null

Resolved Exception:
             Type = null

ModelAndView:
        View name = null
             View = null
            Model = null

FlashMap:
       Attributes = null

MockHttpServletResponse:
           Status = 200
    Error message = null
          Headers = [Content-Type:"application/json"]
     Content type = application/json
             Body = {"id":1,"name":"martin","hobby":null,"address":null,"birthday":"1991-08-15","job":null,"phoneNumber":null,"deleted":false,"birthdayToday":false,"age":31}
    Forwarded URL = null
   Redirected URL = null
          Cookies = []
2021-05-23 00:31:30.476  INFO 11020 --- [    Test worker] o.s.t.c.transaction.TransactionContext   : Rolled back transaction for test: [DefaultTestContext@2247430 testClass = PersonControllerTest, testInstance = com.fastcampus.javaallinone.project3.mycontact.controller.PersonControllerTest@44ae7857, testMethod = getPerson@PersonControllerTest, testException = [null], mergedContextConfiguration = [WebMergedContextConfiguration@1c110714 testClass = PersonControllerTest, locations = '{}', classes = '{class com.fastcampus.javaallinone.project3.mycontact.MycontactApplication}', contextInitializerClasses = '[]', activeProfiles = '{}', propertySourceLocations = '{}', propertySourceProperties = '{org.springframework.boot.test.context.SpringBootTestContextBootstrapper=true}', contextCustomizers = set[org.springframework.boot.test.autoconfigure.actuate.metrics.MetricsExportContextCustomizerFactory$DisableMetricExportContextCustomizer@673321be, org.springframework.boot.test.autoconfigure.properties.PropertyMappingContextCustomizer@0, org.springframework.boot.test.autoconfigure.web.servlet.WebDriverContextCustomizerFactory$Customizer@2785a222, org.springframework.boot.test.context.filter.ExcludeFilterContextCustomizer@1b930cbf, org.springframework.boot.test.json.DuplicateJsonObjectContextCustomizerFactory$DuplicateJsonObjectContextCustomizer@551ad913, org.springframework.boot.test.mock.mockito.MockitoContextCustomizer@0, org.springframework.boot.test.web.client.TestRestTemplateContextCustomizer@67d01402, org.springframework.boot.test.context.SpringBootTestArgs@1, org.springframework.boot.test.context.SpringBootTestWebEnvironment@19776b91], resourceBasePath = 'src/main/webapp', contextLoader = 'org.springframework.boot.test.context.SpringBootContextLoader', parent = [null]], attributes = map['org.springframework.test.context.web.ServletTestExecutionListener.activateListener' -> true, 'org.springframework.test.context.web.ServletTestExecutionListener.populatedRequestContextHolder' -> true, 'org.springframework.test.context.web.ServletTestExecutionListener.resetRequestContextHolder' -> true, 'org.springframework.test.context.event.ApplicationEventsTestExecutionListener.recordApplicationEvents' -> false]]
]]></system-out>
  <system-err><![CDATA[]]></system-err>
</testsuite>
