<?xml version="1.0" encoding="UTF-8"?>
<testsuite name="com.fastcampus.javaallinone.project3.mycontact.controller.PersonControllerTest" tests="1" skipped="0" failures="0" errors="0" timestamp="2021-03-27T14:43:07" hostname="KH-NOTE" time="0.586">
  <properties/>
  <testcase name="modifyName()" classname="com.fastcampus.javaallinone.project3.mycontact.controller.PersonControllerTest" time="0.586"/>
  <system-out><![CDATA[23:42:58.318 [Test worker] DEBUG org.springframework.test.context.BootstrapUtils - Instantiating CacheAwareContextLoaderDelegate from class [org.springframework.test.context.cache.DefaultCacheAwareContextLoaderDelegate]
23:42:58.341 [Test worker] DEBUG org.springframework.test.context.BootstrapUtils - Instantiating BootstrapContext using constructor [public org.springframework.test.context.support.DefaultBootstrapContext(java.lang.Class,org.springframework.test.context.CacheAwareContextLoaderDelegate)]
23:42:58.384 [Test worker] DEBUG org.springframework.test.context.BootstrapUtils - Instantiating TestContextBootstrapper for test class [com.fastcampus.javaallinone.project3.mycontact.controller.PersonControllerTest] from class [org.springframework.boot.test.context.SpringBootTestContextBootstrapper]
23:42:58.405 [Test worker] INFO org.springframework.boot.test.context.SpringBootTestContextBootstrapper - Neither @ContextConfiguration nor @ContextHierarchy found for test class [com.fastcampus.javaallinone.project3.mycontact.controller.PersonControllerTest], using SpringBootContextLoader
23:42:58.415 [Test worker] DEBUG org.springframework.test.context.support.AbstractContextLoader - Did not detect default resource location for test class [com.fastcampus.javaallinone.project3.mycontact.controller.PersonControllerTest]: class path resource [com/fastcampus/javaallinone/project3/mycontact/controller/PersonControllerTest-context.xml] does not exist
23:42:58.415 [Test worker] DEBUG org.springframework.test.context.support.AbstractContextLoader - Did not detect default resource location for test class [com.fastcampus.javaallinone.project3.mycontact.controller.PersonControllerTest]: class path resource [com/fastcampus/javaallinone/project3/mycontact/controller/PersonControllerTestContext.groovy] does not exist
23:42:58.416 [Test worker] INFO org.springframework.test.context.support.AbstractContextLoader - Could not detect default resource locations for test class [com.fastcampus.javaallinone.project3.mycontact.controller.PersonControllerTest]: no resource found for suffixes {-context.xml, Context.groovy}.
23:42:58.417 [Test worker] INFO org.springframework.test.context.support.AnnotationConfigContextLoaderUtils - Could not detect default configuration classes for test class [com.fastcampus.javaallinone.project3.mycontact.controller.PersonControllerTest]: PersonControllerTest does not declare any static, non-private, non-final, nested classes annotated with @Configuration.
23:42:58.518 [Test worker] DEBUG org.springframework.test.context.support.ActiveProfilesUtils - Could not find an 'annotation declaring class' for annotation type [org.springframework.test.context.ActiveProfiles] and class [com.fastcampus.javaallinone.project3.mycontact.controller.PersonControllerTest]
23:42:58.677 [Test worker] DEBUG org.springframework.context.annotation.ClassPathScanningCandidateComponentProvider - Identified candidate component class: file [C:\Users\newon\Desktop\demo\mycontact\build\classes\java\main\com\fastcampus\javaallinone\project3\mycontact\MycontactApplication.class]
23:42:58.679 [Test worker] INFO org.springframework.boot.test.context.SpringBootTestContextBootstrapper - Found @SpringBootConfiguration com.fastcampus.javaallinone.project3.mycontact.MycontactApplication for test class com.fastcampus.javaallinone.project3.mycontact.controller.PersonControllerTest
23:42:58.895 [Test worker] DEBUG org.springframework.boot.test.context.SpringBootTestContextBootstrapper - @TestExecutionListeners is not present for class [com.fastcampus.javaallinone.project3.mycontact.controller.PersonControllerTest]: using defaults.
23:42:58.896 [Test worker] INFO org.springframework.boot.test.context.SpringBootTestContextBootstrapper - Loaded default TestExecutionListener class names from location [META-INF/spring.factories]: [org.springframework.boot.test.autoconfigure.restdocs.RestDocsTestExecutionListener, org.springframework.boot.test.autoconfigure.web.client.MockRestServiceServerResetTestExecutionListener, org.springframework.boot.test.autoconfigure.web.servlet.MockMvcPrintOnlyOnFailureTestExecutionListener, org.springframework.boot.test.autoconfigure.web.servlet.WebDriverTestExecutionListener, org.springframework.boot.test.autoconfigure.webservices.client.MockWebServiceServerTestExecutionListener, org.springframework.boot.test.mock.mockito.MockitoTestExecutionListener, org.springframework.boot.test.mock.mockito.ResetMocksTestExecutionListener, org.springframework.test.context.web.ServletTestExecutionListener, org.springframework.test.context.support.DirtiesContextBeforeModesTestExecutionListener, org.springframework.test.context.event.ApplicationEventsTestExecutionListener, org.springframework.test.context.support.DependencyInjectionTestExecutionListener, org.springframework.test.context.support.DirtiesContextTestExecutionListener, org.springframework.test.context.transaction.TransactionalTestExecutionListener, org.springframework.test.context.jdbc.SqlScriptsTestExecutionListener, org.springframework.test.context.event.EventPublishingTestExecutionListener]
23:42:58.922 [Test worker] INFO org.springframework.boot.test.context.SpringBootTestContextBootstrapper - Using TestExecutionListeners: [org.springframework.test.context.web.ServletTestExecutionListener@3a3cbe15, org.springframework.test.context.support.DirtiesContextBeforeModesTestExecutionListener@a197da3, org.springframework.test.context.event.ApplicationEventsTestExecutionListener@38103044, org.springframework.boot.test.mock.mockito.MockitoTestExecutionListener@7241f4bf, org.springframework.boot.test.autoconfigure.SpringBootDependencyInjectionTestExecutionListener@2dd230f4, org.springframework.test.context.support.DirtiesContextTestExecutionListener@6c67b488, org.springframework.test.context.transaction.TransactionalTestExecutionListener@554c2b50, org.springframework.test.context.jdbc.SqlScriptsTestExecutionListener@2855c94a, org.springframework.test.context.event.EventPublishingTestExecutionListener@143c1924, org.springframework.boot.test.autoconfigure.restdocs.RestDocsTestExecutionListener@452e3cdf, org.springframework.boot.test.autoconfigure.web.client.MockRestServiceServerResetTestExecutionListener@710c8981, org.springframework.boot.test.autoconfigure.web.servlet.MockMvcPrintOnlyOnFailureTestExecutionListener@77150173, org.springframework.boot.test.autoconfigure.web.servlet.WebDriverTestExecutionListener@394c38c, org.springframework.boot.test.autoconfigure.webservices.client.MockWebServiceServerTestExecutionListener@3768cfe5, org.springframework.boot.test.mock.mockito.ResetMocksTestExecutionListener@223d0808]
23:42:58.929 [Test worker] DEBUG org.springframework.test.context.support.AbstractDirtiesContextTestExecutionListener - Before test class: context [DefaultTestContext@489820c6 testClass = PersonControllerTest, testInstance = [null], testMethod = [null], testException = [null], mergedContextConfiguration = [WebMergedContextConfiguration@51f115b9 testClass = PersonControllerTest, locations = '{}', classes = '{class com.fastcampus.javaallinone.project3.mycontact.MycontactApplication}', contextInitializerClasses = '[]', activeProfiles = '{}', propertySourceLocations = '{}', propertySourceProperties = '{org.springframework.boot.test.context.SpringBootTestContextBootstrapper=true}', contextCustomizers = set[org.springframework.boot.test.autoconfigure.actuate.metrics.MetricsExportContextCustomizerFactory$DisableMetricExportContextCustomizer@1ce9548, org.springframework.boot.test.autoconfigure.properties.PropertyMappingContextCustomizer@0, org.springframework.boot.test.autoconfigure.web.servlet.WebDriverContextCustomizerFactory$Customizer@e90b0ea, org.springframework.boot.test.context.filter.ExcludeFilterContextCustomizer@1c073911, org.springframework.boot.test.json.DuplicateJsonObjectContextCustomizerFactory$DuplicateJsonObjectContextCustomizer@400a9a10, org.springframework.boot.test.mock.mockito.MockitoContextCustomizer@0, org.springframework.boot.test.web.client.TestRestTemplateContextCustomizer@16fb8fea, org.springframework.boot.test.context.SpringBootTestArgs@1, org.springframework.boot.test.context.SpringBootTestWebEnvironment@1e5b083d], resourceBasePath = 'src/main/webapp', contextLoader = 'org.springframework.boot.test.context.SpringBootContextLoader', parent = [null]], attributes = map['org.springframework.test.context.web.ServletTestExecutionListener.activateListener' -> true]], class annotated with @DirtiesContext [false] with mode [null].
23:42:58.982 [Test worker] DEBUG org.springframework.test.context.support.TestPropertySourceUtils - Adding inlined properties to environment: {spring.jmx.enabled=false, org.springframework.boot.test.context.SpringBootTestContextBootstrapper=true}

  .   ____          _            __ _ _
 /\\ / ___'_ __ _ _(_)_ __  __ _ \ \ \ \
( ( )\___ | '_ | '_| | '_ \/ _` | \ \ \ \
 \\/  ___)| |_)| | | | | || (_| |  ) ) ) )
  '  |____| .__|_| |_|_| |_\__, | / / / /
 =========|_|==============|___/=/_/_/_/
 :: Spring Boot ::                (v2.4.3)

2021-03-27 23:42:59.478  INFO 9116 --- [    Test worker] c.f.j.p.m.c.PersonControllerTest         : Starting PersonControllerTest using Java 15.0.1 on KH-note with PID 9116 (started by newon in C:\Users\newon\Desktop\demo\mycontact)
2021-03-27 23:42:59.481  INFO 9116 --- [    Test worker] c.f.j.p.m.c.PersonControllerTest         : No active profile set, falling back to default profiles: default
2021-03-27 23:43:01.175  INFO 9116 --- [    Test worker] .s.d.r.c.RepositoryConfigurationDelegate : Bootstrapping Spring Data JPA repositories in DEFAULT mode.
2021-03-27 23:43:01.346  INFO 9116 --- [    Test worker] .s.d.r.c.RepositoryConfigurationDelegate : Finished Spring Data repository scanning in 148 ms. Found 2 JPA repository interfaces.
2021-03-27 23:43:02.466  INFO 9116 --- [    Test worker] com.zaxxer.hikari.HikariDataSource       : HikariPool-1 - Starting...
2021-03-27 23:43:02.780  INFO 9116 --- [    Test worker] com.zaxxer.hikari.HikariDataSource       : HikariPool-1 - Start completed.
2021-03-27 23:43:02.908  INFO 9116 --- [    Test worker] o.hibernate.jpa.internal.util.LogHelper  : HHH000204: Processing PersistenceUnitInfo [name: default]
2021-03-27 23:43:03.018  INFO 9116 --- [    Test worker] org.hibernate.Version                    : HHH000412: Hibernate ORM core version 5.4.28.Final
2021-03-27 23:43:03.243  INFO 9116 --- [    Test worker] o.hibernate.annotations.common.Version   : HCANN000001: Hibernate Commons Annotations {5.1.2.Final}
2021-03-27 23:43:03.499  INFO 9116 --- [    Test worker] org.hibernate.dialect.Dialect            : HHH000400: Using dialect: org.hibernate.dialect.H2Dialect
Hibernate: drop table if exists block CASCADE 
Hibernate: drop table if exists person CASCADE 
Hibernate: create table block (id bigint generated by default as identity, end_date date, name varchar(255), reason varchar(255), start_date date, primary key (id))
Hibernate: create table person (id bigint generated by default as identity, address varchar(255), age integer not null, day_of_birthday integer check (day_of_birthday>=1 AND day_of_birthday<=31), month_of_birthday integer check (month_of_birthday>=1 AND month_of_birthday<=12), year_of_birthday integer, blood_type varchar(255) not null, hobby varchar(255), job varchar(255), name varchar(255) not null, phone_number varchar(255), block_id bigint, primary key (id))
Hibernate: alter table person add constraint FK8twkg0bra1qk7s5hqqsq34dpa foreign key (block_id) references block
2021-03-27 23:43:04.508  INFO 9116 --- [    Test worker] o.h.e.t.j.p.i.JtaPlatformInitiator       : HHH000490: Using JtaPlatform implementation: [org.hibernate.engine.transaction.jta.platform.internal.NoJtaPlatform]
2021-03-27 23:43:04.521  INFO 9116 --- [    Test worker] j.LocalContainerEntityManagerFactoryBean : Initialized JPA EntityManagerFactory for persistence unit 'default'
2021-03-27 23:43:05.700  WARN 9116 --- [    Test worker] JpaBaseConfiguration$JpaWebConfiguration : spring.jpa.open-in-view is enabled by default. Therefore, database queries may be performed during view rendering. Explicitly configure spring.jpa.open-in-view to disable this warning
2021-03-27 23:43:06.437  INFO 9116 --- [    Test worker] o.s.s.concurrent.ThreadPoolTaskExecutor  : Initializing ExecutorService 'applicationTaskExecutor'
2021-03-27 23:43:07.629  INFO 9116 --- [    Test worker] c.f.j.p.m.c.PersonControllerTest         : Started PersonControllerTest in 8.636 seconds (JVM running for 10.762)
2021-03-27 23:43:08.037  INFO 9116 --- [    Test worker] o.s.mock.web.MockServletContext          : Initializing Spring TestDispatcherServlet ''
2021-03-27 23:43:08.037  INFO 9116 --- [    Test worker] o.s.t.web.servlet.TestDispatcherServlet  : Initializing Servlet ''
2021-03-27 23:43:08.038  INFO 9116 --- [    Test worker] o.s.t.web.servlet.TestDispatcherServlet  : Completed initialization in 1 ms
Hibernate: select person0_.id as id1_1_0_, person0_.address as address2_1_0_, person0_.age as age3_1_0_, person0_.day_of_birthday as day_of_b4_1_0_, person0_.month_of_birthday as month_of5_1_0_, person0_.year_of_birthday as year_of_6_1_0_, person0_.block_id as block_i12_1_0_, person0_.blood_type as blood_ty7_1_0_, person0_.hobby as hobby8_1_0_, person0_.job as job9_1_0_, person0_.name as name10_1_0_, person0_.phone_number as phone_n11_1_0_, block1_.id as id1_0_1_, block1_.end_date as end_date2_0_1_, block1_.name as name3_0_1_, block1_.reason as reason4_0_1_, block1_.start_date as start_da5_0_1_ from person person0_ left outer join block block1_ on person0_.block_id=block1_.id where person0_.id=?
Hibernate: update person set address=?, age=?, day_of_birthday=?, month_of_birthday=?, year_of_birthday=?, block_id=?, blood_type=?, hobby=?, job=?, name=?, phone_number=? where id=?
Hibernate: select person0_.id as id1_1_, person0_.address as address2_1_, person0_.age as age3_1_, person0_.day_of_birthday as day_of_b4_1_, person0_.month_of_birthday as month_of5_1_, person0_.year_of_birthday as year_of_6_1_, person0_.block_id as block_i12_1_, person0_.blood_type as blood_ty7_1_, person0_.hobby as hobby8_1_, person0_.job as job9_1_, person0_.name as name10_1_, person0_.phone_number as phone_n11_1_ from person person0_
Hibernate: select block0_.id as id1_0_0_, block0_.end_date as end_date2_0_0_, block0_.name as name3_0_0_, block0_.reason as reason4_0_0_, block0_.start_date as start_da5_0_0_ from block block0_ where block0_.id=?
Hibernate: select block0_.id as id1_0_0_, block0_.end_date as end_date2_0_0_, block0_.name as name3_0_0_, block0_.reason as reason4_0_0_, block0_.start_date as start_da5_0_0_ from block block0_ where block0_.id=?
2021-03-27 23:43:08.237  INFO 9116 --- [    Test worker] c.f.j.p.m.controller.PersonController    : person -> [Person(id=1, name=martin22, age=10, hobby=null, bloodType=A, address=null, birthday=Birthday(yearOfBirthday=1991, monthOfBirthday=8, dayOfBirthday=15), job=programmer), Person(id=2, name=david, age=9, hobby=null, bloodType=B, address=null, birthday=Birthday(yearOfBirthday=1992, monthOfBirthday=7, dayOfBirthday=21), job=null), Person(id=3, name=dennis, age=8, hobby=null, bloodType=O, address=null, birthday=Birthday(yearOfBirthday=1991, monthOfBirthday=10, dayOfBirthday=15), job=null), Person(id=4, name=sophia, age=7, hobby=null, bloodType=AB, address=null, birthday=Birthday(yearOfBirthday=1994, monthOfBirthday=8, dayOfBirthday=31), job=null), Person(id=5, name=benny, age=6, hobby=null, bloodType=A, address=null, birthday=Birthday(yearOfBirthday=1995, monthOfBirthday=12, dayOfBirthday=23), job=null)]

MockHttpServletRequest:
      HTTP Method = PATCH
      Request URI = /api/person/1
       Parameters = {name=[martin22]}
          Headers = []
             Body = <no character encoding set>
    Session Attrs = {}

Handler:
             Type = com.fastcampus.javaallinone.project3.mycontact.controller.PersonController
           Method = com.fastcampus.javaallinone.project3.mycontact.controller.PersonController#modifyPerson(Long, String)

Async:
    Async started = false
     Async result = null

Resolved Exception:
             Type = null

ModelAndView:
        View name = null
             View = null
            Model = null

FlashMap:
       Attributes = null

MockHttpServletResponse:
           Status = 200
    Error message = null
          Headers = []
     Content type = null
             Body = 
    Forwarded URL = null
   Redirected URL = null
          Cookies = []
]]></system-out>
  <system-err><![CDATA[]]></system-err>
</testsuite>
