<?xml version="1.0" encoding="UTF-8"?>
<testsuite name="com.fastcampus.javaallinone.project3.mycontact.controller.HelloWorldControllerTest" tests="2" skipped="0" failures="0" errors="0" timestamp="2021-03-31T10:01:43" hostname="KH-NOTE" time="0.101">
  <properties/>
  <testcase name="helloWorld()" classname="com.fastcampus.javaallinone.project3.mycontact.controller.HelloWorldControllerTest" time="0.073"/>
  <testcase name="mockMvcTest()" classname="com.fastcampus.javaallinone.project3.mycontact.controller.HelloWorldControllerTest" time="0.027"/>
  <system-out><![CDATA[2021-03-31 19:01:43.172  INFO 7532 --- [    Test worker] .b.t.c.SpringBootTestContextBootstrapper : Neither @ContextConfiguration nor @ContextHierarchy found for test class [com.fastcampus.javaallinone.project3.mycontact.controller.HelloWorldControllerTest], using SpringBootContextLoader
2021-03-31 19:01:43.176  INFO 7532 --- [    Test worker] o.s.t.c.support.AbstractContextLoader    : Could not detect default resource locations for test class [com.fastcampus.javaallinone.project3.mycontact.controller.HelloWorldControllerTest]: no resource found for suffixes {-context.xml, Context.groovy}.
2021-03-31 19:01:43.177  INFO 7532 --- [    Test worker] t.c.s.AnnotationConfigContextLoaderUtils : Could not detect default configuration classes for test class [com.fastcampus.javaallinone.project3.mycontact.controller.HelloWorldControllerTest]: HelloWorldControllerTest does not declare any static, non-private, non-final, nested classes annotated with @Configuration.
2021-03-31 19:01:43.180  INFO 7532 --- [    Test worker] .b.t.c.SpringBootTestContextBootstrapper : Found @SpringBootConfiguration com.fastcampus.javaallinone.project3.mycontact.MycontactApplication for test class com.fastcampus.javaallinone.project3.mycontact.controller.HelloWorldControllerTest
2021-03-31 19:01:43.182  INFO 7532 --- [    Test worker] .b.t.c.SpringBootTestContextBootstrapper : Loaded default TestExecutionListener class names from location [META-INF/spring.factories]: [org.springframework.boot.test.autoconfigure.restdocs.RestDocsTestExecutionListener, org.springframework.boot.test.autoconfigure.web.client.MockRestServiceServerResetTestExecutionListener, org.springframework.boot.test.autoconfigure.web.servlet.MockMvcPrintOnlyOnFailureTestExecutionListener, org.springframework.boot.test.autoconfigure.web.servlet.WebDriverTestExecutionListener, org.springframework.boot.test.autoconfigure.webservices.client.MockWebServiceServerTestExecutionListener, org.springframework.boot.test.mock.mockito.MockitoTestExecutionListener, org.springframework.boot.test.mock.mockito.ResetMocksTestExecutionListener, org.springframework.test.context.web.ServletTestExecutionListener, org.springframework.test.context.support.DirtiesContextBeforeModesTestExecutionListener, org.springframework.test.context.event.ApplicationEventsTestExecutionListener, org.springframework.test.context.support.DependencyInjectionTestExecutionListener, org.springframework.test.context.support.DirtiesContextTestExecutionListener, org.springframework.test.context.transaction.TransactionalTestExecutionListener, org.springframework.test.context.jdbc.SqlScriptsTestExecutionListener, org.springframework.test.context.event.EventPublishingTestExecutionListener]
2021-03-31 19:01:43.183  INFO 7532 --- [    Test worker] .b.t.c.SpringBootTestContextBootstrapper : Using TestExecutionListeners: [org.springframework.test.context.web.ServletTestExecutionListener@9744e78, org.springframework.test.context.support.DirtiesContextBeforeModesTestExecutionListener@7ad3251f, org.springframework.test.context.event.ApplicationEventsTestExecutionListener@3b5e6981, org.springframework.boot.test.mock.mockito.MockitoTestExecutionListener@750bc18f, org.springframework.boot.test.autoconfigure.SpringBootDependencyInjectionTestExecutionListener@5ea756d8, org.springframework.test.context.support.DirtiesContextTestExecutionListener@3dbf7bce, org.springframework.test.context.transaction.TransactionalTestExecutionListener@75e51f99, org.springframework.test.context.jdbc.SqlScriptsTestExecutionListener@5e49bf13, org.springframework.test.context.event.EventPublishingTestExecutionListener@3a3c3394, org.springframework.boot.test.autoconfigure.restdocs.RestDocsTestExecutionListener@7c1b5e16, org.springframework.boot.test.autoconfigure.web.client.MockRestServiceServerResetTestExecutionListener@21df9fdb, org.springframework.boot.test.autoconfigure.web.servlet.MockMvcPrintOnlyOnFailureTestExecutionListener@327d1dd4, org.springframework.boot.test.autoconfigure.web.servlet.WebDriverTestExecutionListener@6906389c, org.springframework.boot.test.autoconfigure.webservices.client.MockWebServiceServerTestExecutionListener@4f4b3044, org.springframework.boot.test.mock.mockito.ResetMocksTestExecutionListener@12374f31]
HELLO WORLD
2021-03-31 19:01:43.280  INFO 7532 --- [    Test worker] o.s.mock.web.MockServletContext          : Initializing Spring TestDispatcherServlet ''
2021-03-31 19:01:43.280  INFO 7532 --- [    Test worker] o.s.t.web.servlet.TestDispatcherServlet  : Initializing Servlet ''
2021-03-31 19:01:43.280  INFO 7532 --- [    Test worker] o.s.t.web.servlet.TestDispatcherServlet  : Completed initialization in 0 ms

MockHttpServletRequest:
      HTTP Method = GET
      Request URI = /api/helloWorld
       Parameters = {}
          Headers = []
             Body = <no character encoding set>
    Session Attrs = {}

Handler:
             Type = com.fastcampus.javaallinone.project3.mycontact.controller.HelloWorldController
           Method = com.fastcampus.javaallinone.project3.mycontact.controller.HelloWorldController#helloWorld()

Async:
    Async started = false
     Async result = null

Resolved Exception:
             Type = null

ModelAndView:
        View name = null
             View = null
            Model = null

FlashMap:
       Attributes = null

MockHttpServletResponse:
           Status = 200
    Error message = null
          Headers = [Content-Type:"text/plain;charset=ISO-8859-1", Content-Length:"11"]
     Content type = text/plain;charset=ISO-8859-1
             Body = HELLO WORLD
    Forwarded URL = null
   Redirected URL = null
          Cookies = []
]]></system-out>
  <system-err><![CDATA[]]></system-err>
</testsuite>
