<?xml version="1.0" encoding="UTF-8"?>
<testsuite name="com.fastcampus.javaallinone.project3.mycontact.repository.PersonRepositoryTest" tests="4" skipped="0" failures="0" errors="0" timestamp="2021-03-23T09:39:08" hostname="KH-NOTE" time="0.163">
  <properties/>
  <testcase name="findByBloodType()" classname="com.fastcampus.javaallinone.project3.mycontact.repository.PersonRepositoryTest" time="0.027"/>
  <testcase name="findByBirthdatBetween()" classname="com.fastcampus.javaallinone.project3.mycontact.repository.PersonRepositoryTest" time="0.035"/>
  <testcase name="curd()" classname="com.fastcampus.javaallinone.project3.mycontact.repository.PersonRepositoryTest" time="0.078"/>
  <testcase name="ConstructorTest()" classname="com.fastcampus.javaallinone.project3.mycontact.repository.PersonRepositoryTest" time="0.014"/>
  <system-out><![CDATA[2021-03-23 18:39:08.019  INFO 14428 --- [    Test worker] .b.t.c.SpringBootTestContextBootstrapper : Neither @ContextConfiguration nor @ContextHierarchy found for test class [com.fastcampus.javaallinone.project3.mycontact.repository.PersonRepositoryTest], using SpringBootContextLoader
2021-03-23 18:39:08.020  INFO 14428 --- [    Test worker] o.s.t.c.support.AbstractContextLoader    : Could not detect default resource locations for test class [com.fastcampus.javaallinone.project3.mycontact.repository.PersonRepositoryTest]: no resource found for suffixes {-context.xml, Context.groovy}.
2021-03-23 18:39:08.021  INFO 14428 --- [    Test worker] t.c.s.AnnotationConfigContextLoaderUtils : Could not detect default configuration classes for test class [com.fastcampus.javaallinone.project3.mycontact.repository.PersonRepositoryTest]: PersonRepositoryTest does not declare any static, non-private, non-final, nested classes annotated with @Configuration.
2021-03-23 18:39:08.023  INFO 14428 --- [    Test worker] .b.t.c.SpringBootTestContextBootstrapper : Found @SpringBootConfiguration com.fastcampus.javaallinone.project3.mycontact.MycontactApplication for test class com.fastcampus.javaallinone.project3.mycontact.repository.PersonRepositoryTest
2021-03-23 18:39:08.026  INFO 14428 --- [    Test worker] .b.t.c.SpringBootTestContextBootstrapper : Loaded default TestExecutionListener class names from location [META-INF/spring.factories]: [org.springframework.boot.test.autoconfigure.restdocs.RestDocsTestExecutionListener, org.springframework.boot.test.autoconfigure.web.client.MockRestServiceServerResetTestExecutionListener, org.springframework.boot.test.autoconfigure.web.servlet.MockMvcPrintOnlyOnFailureTestExecutionListener, org.springframework.boot.test.autoconfigure.web.servlet.WebDriverTestExecutionListener, org.springframework.boot.test.autoconfigure.webservices.client.MockWebServiceServerTestExecutionListener, org.springframework.boot.test.mock.mockito.MockitoTestExecutionListener, org.springframework.boot.test.mock.mockito.ResetMocksTestExecutionListener, org.springframework.test.context.web.ServletTestExecutionListener, org.springframework.test.context.support.DirtiesContextBeforeModesTestExecutionListener, org.springframework.test.context.event.ApplicationEventsTestExecutionListener, org.springframework.test.context.support.DependencyInjectionTestExecutionListener, org.springframework.test.context.support.DirtiesContextTestExecutionListener, org.springframework.test.context.transaction.TransactionalTestExecutionListener, org.springframework.test.context.jdbc.SqlScriptsTestExecutionListener, org.springframework.test.context.event.EventPublishingTestExecutionListener]
2021-03-23 18:39:08.026  INFO 14428 --- [    Test worker] .b.t.c.SpringBootTestContextBootstrapper : Using TestExecutionListeners: [org.springframework.test.context.web.ServletTestExecutionListener@6da158c5, org.springframework.test.context.support.DirtiesContextBeforeModesTestExecutionListener@7d88bc3c, org.springframework.test.context.event.ApplicationEventsTestExecutionListener@4c97b8b9, org.springframework.boot.test.mock.mockito.MockitoTestExecutionListener@4112cfba, org.springframework.boot.test.autoconfigure.SpringBootDependencyInjectionTestExecutionListener@2692d02d, org.springframework.test.context.support.DirtiesContextTestExecutionListener@1e43f19f, org.springframework.test.context.transaction.TransactionalTestExecutionListener@6f60d09e, org.springframework.test.context.jdbc.SqlScriptsTestExecutionListener@38d8add7, org.springframework.test.context.event.EventPublishingTestExecutionListener@8fb1159, org.springframework.boot.test.autoconfigure.restdocs.RestDocsTestExecutionListener@935c6d0, org.springframework.boot.test.autoconfigure.web.client.MockRestServiceServerResetTestExecutionListener@60b81348, org.springframework.boot.test.autoconfigure.web.servlet.MockMvcPrintOnlyOnFailureTestExecutionListener@1d73ac9d, org.springframework.boot.test.autoconfigure.web.servlet.WebDriverTestExecutionListener@4d5217b3, org.springframework.boot.test.autoconfigure.webservices.client.MockWebServiceServerTestExecutionListener@6a764b8f, org.springframework.boot.test.mock.mockito.ResetMocksTestExecutionListener@4a7427da]
2021-03-23 18:39:08.034  INFO 14428 --- [    Test worker] o.s.t.c.transaction.TransactionContext   : Began transaction (1) for test context [DefaultTestContext@22be192e testClass = PersonRepositoryTest, testInstance = com.fastcampus.javaallinone.project3.mycontact.repository.PersonRepositoryTest@3f0f5455, testMethod = findByBloodType@PersonRepositoryTest, testException = [null], mergedContextConfiguration = [WebMergedContextConfiguration@14a20edd testClass = PersonRepositoryTest, locations = '{}', classes = '{class com.fastcampus.javaallinone.project3.mycontact.MycontactApplication}', contextInitializerClasses = '[]', activeProfiles = '{}', propertySourceLocations = '{}', propertySourceProperties = '{org.springframework.boot.test.context.SpringBootTestContextBootstrapper=true}', contextCustomizers = set[org.springframework.boot.test.autoconfigure.actuate.metrics.MetricsExportContextCustomizerFactory$DisableMetricExportContextCustomizer@1e0a6506, org.springframework.boot.test.autoconfigure.properties.PropertyMappingContextCustomizer@0, org.springframework.boot.test.autoconfigure.web.servlet.WebDriverContextCustomizerFactory$Customizer@7be2281, org.springframework.boot.test.context.filter.ExcludeFilterContextCustomizer@7c99162b, org.springframework.boot.test.json.DuplicateJsonObjectContextCustomizerFactory$DuplicateJsonObjectContextCustomizer@66915ca, org.springframework.boot.test.mock.mockito.MockitoContextCustomizer@0, org.springframework.boot.test.web.client.TestRestTemplateContextCustomizer@653896e1, org.springframework.boot.test.context.SpringBootTestArgs@1, org.springframework.boot.test.context.SpringBootTestWebEnvironment@2b8a7a96], resourceBasePath = 'src/main/webapp', contextLoader = 'org.springframework.boot.test.context.SpringBootContextLoader', parent = [null]], attributes = map['org.springframework.test.context.web.ServletTestExecutionListener.activateListener' -> true, 'org.springframework.test.context.web.ServletTestExecutionListener.populatedRequestContextHolder' -> true, 'org.springframework.test.context.web.ServletTestExecutionListener.resetRequestContextHolder' -> true, 'org.springframework.test.context.event.ApplicationEventsTestExecutionListener.recordApplicationEvents' -> false]]; transaction manager [org.springframework.orm.jpa.JpaTransactionManager@2b5288e3]; rollback [true]
Hibernate: select person0_.id as id1_1_, person0_.address as address2_1_, person0_.age as age3_1_, person0_.day_of_birthday as day_of_b4_1_, person0_.month_of_birthday as month_of5_1_, person0_.year_of_birthday as year_of_6_1_, person0_.block_id as block_i12_1_, person0_.blood_type as blood_ty7_1_, person0_.hobby as hobby8_1_, person0_.job as job9_1_, person0_.name as name10_1_, person0_.phone_number as phone_n11_1_ from person person0_ where person0_.blood_type=?
2021-03-23 18:39:08.055  INFO 14428 --- [    Test worker] o.s.t.c.transaction.TransactionContext   : Rolled back transaction for test: [DefaultTestContext@22be192e testClass = PersonRepositoryTest, testInstance = com.fastcampus.javaallinone.project3.mycontact.repository.PersonRepositoryTest@3f0f5455, testMethod = findByBloodType@PersonRepositoryTest, testException = [null], mergedContextConfiguration = [WebMergedContextConfiguration@14a20edd testClass = PersonRepositoryTest, locations = '{}', classes = '{class com.fastcampus.javaallinone.project3.mycontact.MycontactApplication}', contextInitializerClasses = '[]', activeProfiles = '{}', propertySourceLocations = '{}', propertySourceProperties = '{org.springframework.boot.test.context.SpringBootTestContextBootstrapper=true}', contextCustomizers = set[org.springframework.boot.test.autoconfigure.actuate.metrics.MetricsExportContextCustomizerFactory$DisableMetricExportContextCustomizer@1e0a6506, org.springframework.boot.test.autoconfigure.properties.PropertyMappingContextCustomizer@0, org.springframework.boot.test.autoconfigure.web.servlet.WebDriverContextCustomizerFactory$Customizer@7be2281, org.springframework.boot.test.context.filter.ExcludeFilterContextCustomizer@7c99162b, org.springframework.boot.test.json.DuplicateJsonObjectContextCustomizerFactory$DuplicateJsonObjectContextCustomizer@66915ca, org.springframework.boot.test.mock.mockito.MockitoContextCustomizer@0, org.springframework.boot.test.web.client.TestRestTemplateContextCustomizer@653896e1, org.springframework.boot.test.context.SpringBootTestArgs@1, org.springframework.boot.test.context.SpringBootTestWebEnvironment@2b8a7a96], resourceBasePath = 'src/main/webapp', contextLoader = 'org.springframework.boot.test.context.SpringBootContextLoader', parent = [null]], attributes = map['org.springframework.test.context.web.ServletTestExecutionListener.activateListener' -> true, 'org.springframework.test.context.web.ServletTestExecutionListener.populatedRequestContextHolder' -> true, 'org.springframework.test.context.web.ServletTestExecutionListener.resetRequestContextHolder' -> true, 'org.springframework.test.context.event.ApplicationEventsTestExecutionListener.recordApplicationEvents' -> false]]
2021-03-23 18:39:08.059  INFO 14428 --- [    Test worker] o.s.t.c.transaction.TransactionContext   : Began transaction (1) for test context [DefaultTestContext@22be192e testClass = PersonRepositoryTest, testInstance = com.fastcampus.javaallinone.project3.mycontact.repository.PersonRepositoryTest@4c3741b4, testMethod = findByBirthdatBetween@PersonRepositoryTest, testException = [null], mergedContextConfiguration = [WebMergedContextConfiguration@14a20edd testClass = PersonRepositoryTest, locations = '{}', classes = '{class com.fastcampus.javaallinone.project3.mycontact.MycontactApplication}', contextInitializerClasses = '[]', activeProfiles = '{}', propertySourceLocations = '{}', propertySourceProperties = '{org.springframework.boot.test.context.SpringBootTestContextBootstrapper=true}', contextCustomizers = set[org.springframework.boot.test.autoconfigure.actuate.metrics.MetricsExportContextCustomizerFactory$DisableMetricExportContextCustomizer@1e0a6506, org.springframework.boot.test.autoconfigure.properties.PropertyMappingContextCustomizer@0, org.springframework.boot.test.autoconfigure.web.servlet.WebDriverContextCustomizerFactory$Customizer@7be2281, org.springframework.boot.test.context.filter.ExcludeFilterContextCustomizer@7c99162b, org.springframework.boot.test.json.DuplicateJsonObjectContextCustomizerFactory$DuplicateJsonObjectContextCustomizer@66915ca, org.springframework.boot.test.mock.mockito.MockitoContextCustomizer@0, org.springframework.boot.test.web.client.TestRestTemplateContextCustomizer@653896e1, org.springframework.boot.test.context.SpringBootTestArgs@1, org.springframework.boot.test.context.SpringBootTestWebEnvironment@2b8a7a96], resourceBasePath = 'src/main/webapp', contextLoader = 'org.springframework.boot.test.context.SpringBootContextLoader', parent = [null]], attributes = map['org.springframework.test.context.web.ServletTestExecutionListener.activateListener' -> true, 'org.springframework.test.context.web.ServletTestExecutionListener.populatedRequestContextHolder' -> true, 'org.springframework.test.context.web.ServletTestExecutionListener.resetRequestContextHolder' -> true, 'org.springframework.test.context.event.ApplicationEventsTestExecutionListener.recordApplicationEvents' -> false]]; transaction manager [org.springframework.orm.jpa.JpaTransactionManager@2b5288e3]; rollback [true]
Hibernate: select person0_.id as id1_1_, person0_.address as address2_1_, person0_.age as age3_1_, person0_.day_of_birthday as day_of_b4_1_, person0_.month_of_birthday as month_of5_1_, person0_.year_of_birthday as year_of_6_1_, person0_.block_id as block_i12_1_, person0_.blood_type as blood_ty7_1_, person0_.hobby as hobby8_1_, person0_.job as job9_1_, person0_.name as name10_1_, person0_.phone_number as phone_n11_1_ from person person0_ where person0_.month_of_birthday=?
Hibernate: select block0_.id as id1_0_0_, block0_.end_date as end_date2_0_0_, block0_.name as name3_0_0_, block0_.reason as reason4_0_0_, block0_.start_date as start_da5_0_0_ from block block0_ where block0_.id=?
2021-03-23 18:39:08.091  INFO 14428 --- [    Test worker] o.s.t.c.transaction.TransactionContext   : Rolled back transaction for test: [DefaultTestContext@22be192e testClass = PersonRepositoryTest, testInstance = com.fastcampus.javaallinone.project3.mycontact.repository.PersonRepositoryTest@4c3741b4, testMethod = findByBirthdatBetween@PersonRepositoryTest, testException = [null], mergedContextConfiguration = [WebMergedContextConfiguration@14a20edd testClass = PersonRepositoryTest, locations = '{}', classes = '{class com.fastcampus.javaallinone.project3.mycontact.MycontactApplication}', contextInitializerClasses = '[]', activeProfiles = '{}', propertySourceLocations = '{}', propertySourceProperties = '{org.springframework.boot.test.context.SpringBootTestContextBootstrapper=true}', contextCustomizers = set[org.springframework.boot.test.autoconfigure.actuate.metrics.MetricsExportContextCustomizerFactory$DisableMetricExportContextCustomizer@1e0a6506, org.springframework.boot.test.autoconfigure.properties.PropertyMappingContextCustomizer@0, org.springframework.boot.test.autoconfigure.web.servlet.WebDriverContextCustomizerFactory$Customizer@7be2281, org.springframework.boot.test.context.filter.ExcludeFilterContextCustomizer@7c99162b, org.springframework.boot.test.json.DuplicateJsonObjectContextCustomizerFactory$DuplicateJsonObjectContextCustomizer@66915ca, org.springframework.boot.test.mock.mockito.MockitoContextCustomizer@0, org.springframework.boot.test.web.client.TestRestTemplateContextCustomizer@653896e1, org.springframework.boot.test.context.SpringBootTestArgs@1, org.springframework.boot.test.context.SpringBootTestWebEnvironment@2b8a7a96], resourceBasePath = 'src/main/webapp', contextLoader = 'org.springframework.boot.test.context.SpringBootContextLoader', parent = [null]], attributes = map['org.springframework.test.context.web.ServletTestExecutionListener.activateListener' -> true, 'org.springframework.test.context.web.ServletTestExecutionListener.populatedRequestContextHolder' -> true, 'org.springframework.test.context.web.ServletTestExecutionListener.resetRequestContextHolder' -> true, 'org.springframework.test.context.event.ApplicationEventsTestExecutionListener.recordApplicationEvents' -> false]]
2021-03-23 18:39:08.098  INFO 14428 --- [    Test worker] o.s.t.c.transaction.TransactionContext   : Began transaction (1) for test context [DefaultTestContext@22be192e testClass = PersonRepositoryTest, testInstance = com.fastcampus.javaallinone.project3.mycontact.repository.PersonRepositoryTest@7ec06e0, testMethod = curd@PersonRepositoryTest, testException = [null], mergedContextConfiguration = [WebMergedContextConfiguration@14a20edd testClass = PersonRepositoryTest, locations = '{}', classes = '{class com.fastcampus.javaallinone.project3.mycontact.MycontactApplication}', contextInitializerClasses = '[]', activeProfiles = '{}', propertySourceLocations = '{}', propertySourceProperties = '{org.springframework.boot.test.context.SpringBootTestContextBootstrapper=true}', contextCustomizers = set[org.springframework.boot.test.autoconfigure.actuate.metrics.MetricsExportContextCustomizerFactory$DisableMetricExportContextCustomizer@1e0a6506, org.springframework.boot.test.autoconfigure.properties.PropertyMappingContextCustomizer@0, org.springframework.boot.test.autoconfigure.web.servlet.WebDriverContextCustomizerFactory$Customizer@7be2281, org.springframework.boot.test.context.filter.ExcludeFilterContextCustomizer@7c99162b, org.springframework.boot.test.json.DuplicateJsonObjectContextCustomizerFactory$DuplicateJsonObjectContextCustomizer@66915ca, org.springframework.boot.test.mock.mockito.MockitoContextCustomizer@0, org.springframework.boot.test.web.client.TestRestTemplateContextCustomizer@653896e1, org.springframework.boot.test.context.SpringBootTestArgs@1, org.springframework.boot.test.context.SpringBootTestWebEnvironment@2b8a7a96], resourceBasePath = 'src/main/webapp', contextLoader = 'org.springframework.boot.test.context.SpringBootContextLoader', parent = [null]], attributes = map['org.springframework.test.context.web.ServletTestExecutionListener.activateListener' -> true, 'org.springframework.test.context.web.ServletTestExecutionListener.populatedRequestContextHolder' -> true, 'org.springframework.test.context.web.ServletTestExecutionListener.resetRequestContextHolder' -> true, 'org.springframework.test.context.event.ApplicationEventsTestExecutionListener.recordApplicationEvents' -> false]]; transaction manager [org.springframework.orm.jpa.JpaTransactionManager@2b5288e3]; rollback [true]
Hibernate: insert into person (id, address, age, day_of_birthday, month_of_birthday, year_of_birthday, block_id, blood_type, hobby, job, name, phone_number) values (null, ?, ?, ?, ?, ?, ?, ?, ?, ?, ?, ?)
Hibernate: select person0_.id as id1_1_, person0_.address as address2_1_, person0_.age as age3_1_, person0_.day_of_birthday as day_of_b4_1_, person0_.month_of_birthday as month_of5_1_, person0_.year_of_birthday as year_of_6_1_, person0_.block_id as block_i12_1_, person0_.blood_type as blood_ty7_1_, person0_.hobby as hobby8_1_, person0_.job as job9_1_, person0_.name as name10_1_, person0_.phone_number as phone_n11_1_ from person person0_ where person0_.name=?
2021-03-23 18:39:08.172  INFO 14428 --- [    Test worker] o.s.t.c.transaction.TransactionContext   : Rolled back transaction for test: [DefaultTestContext@22be192e testClass = PersonRepositoryTest, testInstance = com.fastcampus.javaallinone.project3.mycontact.repository.PersonRepositoryTest@7ec06e0, testMethod = curd@PersonRepositoryTest, testException = [null], mergedContextConfiguration = [WebMergedContextConfiguration@14a20edd testClass = PersonRepositoryTest, locations = '{}', classes = '{class com.fastcampus.javaallinone.project3.mycontact.MycontactApplication}', contextInitializerClasses = '[]', activeProfiles = '{}', propertySourceLocations = '{}', propertySourceProperties = '{org.springframework.boot.test.context.SpringBootTestContextBootstrapper=true}', contextCustomizers = set[org.springframework.boot.test.autoconfigure.actuate.metrics.MetricsExportContextCustomizerFactory$DisableMetricExportContextCustomizer@1e0a6506, org.springframework.boot.test.autoconfigure.properties.PropertyMappingContextCustomizer@0, org.springframework.boot.test.autoconfigure.web.servlet.WebDriverContextCustomizerFactory$Customizer@7be2281, org.springframework.boot.test.context.filter.ExcludeFilterContextCustomizer@7c99162b, org.springframework.boot.test.json.DuplicateJsonObjectContextCustomizerFactory$DuplicateJsonObjectContextCustomizer@66915ca, org.springframework.boot.test.mock.mockito.MockitoContextCustomizer@0, org.springframework.boot.test.web.client.TestRestTemplateContextCustomizer@653896e1, org.springframework.boot.test.context.SpringBootTestArgs@1, org.springframework.boot.test.context.SpringBootTestWebEnvironment@2b8a7a96], resourceBasePath = 'src/main/webapp', contextLoader = 'org.springframework.boot.test.context.SpringBootContextLoader', parent = [null]], attributes = map['org.springframework.test.context.web.ServletTestExecutionListener.activateListener' -> true, 'org.springframework.test.context.web.ServletTestExecutionListener.populatedRequestContextHolder' -> true, 'org.springframework.test.context.web.ServletTestExecutionListener.resetRequestContextHolder' -> true, 'org.springframework.test.context.event.ApplicationEventsTestExecutionListener.recordApplicationEvents' -> false]]
2021-03-23 18:39:08.180  INFO 14428 --- [    Test worker] o.s.t.c.transaction.TransactionContext   : Began transaction (1) for test context [DefaultTestContext@22be192e testClass = PersonRepositoryTest, testInstance = com.fastcampus.javaallinone.project3.mycontact.repository.PersonRepositoryTest@66caf691, testMethod = ConstructorTest@PersonRepositoryTest, testException = [null], mergedContextConfiguration = [WebMergedContextConfiguration@14a20edd testClass = PersonRepositoryTest, locations = '{}', classes = '{class com.fastcampus.javaallinone.project3.mycontact.MycontactApplication}', contextInitializerClasses = '[]', activeProfiles = '{}', propertySourceLocations = '{}', propertySourceProperties = '{org.springframework.boot.test.context.SpringBootTestContextBootstrapper=true}', contextCustomizers = set[org.springframework.boot.test.autoconfigure.actuate.metrics.MetricsExportContextCustomizerFactory$DisableMetricExportContextCustomizer@1e0a6506, org.springframework.boot.test.autoconfigure.properties.PropertyMappingContextCustomizer@0, org.springframework.boot.test.autoconfigure.web.servlet.WebDriverContextCustomizerFactory$Customizer@7be2281, org.springframework.boot.test.context.filter.ExcludeFilterContextCustomizer@7c99162b, org.springframework.boot.test.json.DuplicateJsonObjectContextCustomizerFactory$DuplicateJsonObjectContextCustomizer@66915ca, org.springframework.boot.test.mock.mockito.MockitoContextCustomizer@0, org.springframework.boot.test.web.client.TestRestTemplateContextCustomizer@653896e1, org.springframework.boot.test.context.SpringBootTestArgs@1, org.springframework.boot.test.context.SpringBootTestWebEnvironment@2b8a7a96], resourceBasePath = 'src/main/webapp', contextLoader = 'org.springframework.boot.test.context.SpringBootContextLoader', parent = [null]], attributes = map['org.springframework.test.context.web.ServletTestExecutionListener.activateListener' -> true, 'org.springframework.test.context.web.ServletTestExecutionListener.populatedRequestContextHolder' -> true, 'org.springframework.test.context.web.ServletTestExecutionListener.resetRequestContextHolder' -> true, 'org.springframework.test.context.event.ApplicationEventsTestExecutionListener.recordApplicationEvents' -> false]]; transaction manager [org.springframework.orm.jpa.JpaTransactionManager@2b5288e3]; rollback [true]
2021-03-23 18:39:08.190  INFO 14428 --- [    Test worker] o.s.t.c.transaction.TransactionContext   : Rolled back transaction for test: [DefaultTestContext@22be192e testClass = PersonRepositoryTest, testInstance = com.fastcampus.javaallinone.project3.mycontact.repository.PersonRepositoryTest@66caf691, testMethod = ConstructorTest@PersonRepositoryTest, testException = [null], mergedContextConfiguration = [WebMergedContextConfiguration@14a20edd testClass = PersonRepositoryTest, locations = '{}', classes = '{class com.fastcampus.javaallinone.project3.mycontact.MycontactApplication}', contextInitializerClasses = '[]', activeProfiles = '{}', propertySourceLocations = '{}', propertySourceProperties = '{org.springframework.boot.test.context.SpringBootTestContextBootstrapper=true}', contextCustomizers = set[org.springframework.boot.test.autoconfigure.actuate.metrics.MetricsExportContextCustomizerFactory$DisableMetricExportContextCustomizer@1e0a6506, org.springframework.boot.test.autoconfigure.properties.PropertyMappingContextCustomizer@0, org.springframework.boot.test.autoconfigure.web.servlet.WebDriverContextCustomizerFactory$Customizer@7be2281, org.springframework.boot.test.context.filter.ExcludeFilterContextCustomizer@7c99162b, org.springframework.boot.test.json.DuplicateJsonObjectContextCustomizerFactory$DuplicateJsonObjectContextCustomizer@66915ca, org.springframework.boot.test.mock.mockito.MockitoContextCustomizer@0, org.springframework.boot.test.web.client.TestRestTemplateContextCustomizer@653896e1, org.springframework.boot.test.context.SpringBootTestArgs@1, org.springframework.boot.test.context.SpringBootTestWebEnvironment@2b8a7a96], resourceBasePath = 'src/main/webapp', contextLoader = 'org.springframework.boot.test.context.SpringBootContextLoader', parent = [null]], attributes = map['org.springframework.test.context.web.ServletTestExecutionListener.activateListener' -> true, 'org.springframework.test.context.web.ServletTestExecutionListener.populatedRequestContextHolder' -> true, 'org.springframework.test.context.web.ServletTestExecutionListener.resetRequestContextHolder' -> true, 'org.springframework.test.context.event.ApplicationEventsTestExecutionListener.recordApplicationEvents' -> false]]
]]></system-out>
  <system-err><![CDATA[]]></system-err>
</testsuite>
