<?xml version="1.0" encoding="UTF-8"?>
<testsuite name="com.fastcampus.javaallinone.project3.mycontact.controller.PersonControllerTest" tests="6" skipped="0" failures="0" errors="0" timestamp="2021-05-23T08:15:17" hostname="KH-NOTE" time="2.111">
  <properties/>
  <testcase name="deletePerson()" classname="com.fastcampus.javaallinone.project3.mycontact.controller.PersonControllerTest" time="1.073"/>
  <testcase name="modifyPersonIfNameIsDifferent()" classname="com.fastcampus.javaallinone.project3.mycontact.controller.PersonControllerTest" time="0.275"/>
  <testcase name="modifyPerson()" classname="com.fastcampus.javaallinone.project3.mycontact.controller.PersonControllerTest" time="0.293"/>
  <testcase name="getPerson()" classname="com.fastcampus.javaallinone.project3.mycontact.controller.PersonControllerTest" time="0.225"/>
  <testcase name="modifyName()" classname="com.fastcampus.javaallinone.project3.mycontact.controller.PersonControllerTest" time="0.102"/>
  <testcase name="postPerson()" classname="com.fastcampus.javaallinone.project3.mycontact.controller.PersonControllerTest" time="0.128"/>
  <system-out><![CDATA[17:15:07.547 [Test worker] DEBUG org.springframework.test.context.BootstrapUtils - Instantiating CacheAwareContextLoaderDelegate from class [org.springframework.test.context.cache.DefaultCacheAwareContextLoaderDelegate]
17:15:07.566 [Test worker] DEBUG org.springframework.test.context.BootstrapUtils - Instantiating BootstrapContext using constructor [public org.springframework.test.context.support.DefaultBootstrapContext(java.lang.Class,org.springframework.test.context.CacheAwareContextLoaderDelegate)]
17:15:07.630 [Test worker] DEBUG org.springframework.test.context.BootstrapUtils - Instantiating TestContextBootstrapper for test class [com.fastcampus.javaallinone.project3.mycontact.controller.PersonControllerTest] from class [org.springframework.boot.test.context.SpringBootTestContextBootstrapper]
17:15:07.650 [Test worker] INFO org.springframework.boot.test.context.SpringBootTestContextBootstrapper - Neither @ContextConfiguration nor @ContextHierarchy found for test class [com.fastcampus.javaallinone.project3.mycontact.controller.PersonControllerTest], using SpringBootContextLoader
17:15:07.658 [Test worker] DEBUG org.springframework.test.context.support.AbstractContextLoader - Did not detect default resource location for test class [com.fastcampus.javaallinone.project3.mycontact.controller.PersonControllerTest]: class path resource [com/fastcampus/javaallinone/project3/mycontact/controller/PersonControllerTest-context.xml] does not exist
17:15:07.660 [Test worker] DEBUG org.springframework.test.context.support.AbstractContextLoader - Did not detect default resource location for test class [com.fastcampus.javaallinone.project3.mycontact.controller.PersonControllerTest]: class path resource [com/fastcampus/javaallinone/project3/mycontact/controller/PersonControllerTestContext.groovy] does not exist
17:15:07.661 [Test worker] INFO org.springframework.test.context.support.AbstractContextLoader - Could not detect default resource locations for test class [com.fastcampus.javaallinone.project3.mycontact.controller.PersonControllerTest]: no resource found for suffixes {-context.xml, Context.groovy}.
17:15:07.662 [Test worker] INFO org.springframework.test.context.support.AnnotationConfigContextLoaderUtils - Could not detect default configuration classes for test class [com.fastcampus.javaallinone.project3.mycontact.controller.PersonControllerTest]: PersonControllerTest does not declare any static, non-private, non-final, nested classes annotated with @Configuration.
17:15:07.742 [Test worker] DEBUG org.springframework.test.context.support.ActiveProfilesUtils - Could not find an 'annotation declaring class' for annotation type [org.springframework.test.context.ActiveProfiles] and class [com.fastcampus.javaallinone.project3.mycontact.controller.PersonControllerTest]
17:15:07.882 [Test worker] DEBUG org.springframework.context.annotation.ClassPathScanningCandidateComponentProvider - Identified candidate component class: file [C:\Users\newon\Desktop\demo\mycontact\build\classes\java\main\com\fastcampus\javaallinone\project3\mycontact\MycontactApplication.class]
17:15:07.884 [Test worker] INFO org.springframework.boot.test.context.SpringBootTestContextBootstrapper - Found @SpringBootConfiguration com.fastcampus.javaallinone.project3.mycontact.MycontactApplication for test class com.fastcampus.javaallinone.project3.mycontact.controller.PersonControllerTest
17:15:08.044 [Test worker] DEBUG org.springframework.boot.test.context.SpringBootTestContextBootstrapper - @TestExecutionListeners is not present for class [com.fastcampus.javaallinone.project3.mycontact.controller.PersonControllerTest]: using defaults.
17:15:08.045 [Test worker] INFO org.springframework.boot.test.context.SpringBootTestContextBootstrapper - Loaded default TestExecutionListener class names from location [META-INF/spring.factories]: [org.springframework.boot.test.autoconfigure.restdocs.RestDocsTestExecutionListener, org.springframework.boot.test.autoconfigure.web.client.MockRestServiceServerResetTestExecutionListener, org.springframework.boot.test.autoconfigure.web.servlet.MockMvcPrintOnlyOnFailureTestExecutionListener, org.springframework.boot.test.autoconfigure.web.servlet.WebDriverTestExecutionListener, org.springframework.boot.test.autoconfigure.webservices.client.MockWebServiceServerTestExecutionListener, org.springframework.boot.test.mock.mockito.MockitoTestExecutionListener, org.springframework.boot.test.mock.mockito.ResetMocksTestExecutionListener, org.springframework.test.context.web.ServletTestExecutionListener, org.springframework.test.context.support.DirtiesContextBeforeModesTestExecutionListener, org.springframework.test.context.event.ApplicationEventsTestExecutionListener, org.springframework.test.context.support.DependencyInjectionTestExecutionListener, org.springframework.test.context.support.DirtiesContextTestExecutionListener, org.springframework.test.context.transaction.TransactionalTestExecutionListener, org.springframework.test.context.jdbc.SqlScriptsTestExecutionListener, org.springframework.test.context.event.EventPublishingTestExecutionListener]
17:15:08.080 [Test worker] INFO org.springframework.boot.test.context.SpringBootTestContextBootstrapper - Using TestExecutionListeners: [org.springframework.test.context.web.ServletTestExecutionListener@49a74067, org.springframework.test.context.support.DirtiesContextBeforeModesTestExecutionListener@6ac92d83, org.springframework.test.context.event.ApplicationEventsTestExecutionListener@657daafc, org.springframework.boot.test.mock.mockito.MockitoTestExecutionListener@5c61cc5e, org.springframework.boot.test.autoconfigure.SpringBootDependencyInjectionTestExecutionListener@2fb61bcd, org.springframework.test.context.support.DirtiesContextTestExecutionListener@cb08e8d, org.springframework.test.context.transaction.TransactionalTestExecutionListener@492ffad, org.springframework.test.context.jdbc.SqlScriptsTestExecutionListener@56c3d05d, org.springframework.test.context.event.EventPublishingTestExecutionListener@4934d13b, org.springframework.boot.test.autoconfigure.restdocs.RestDocsTestExecutionListener@41f8fa76, org.springframework.boot.test.autoconfigure.web.client.MockRestServiceServerResetTestExecutionListener@52840a73, org.springframework.boot.test.autoconfigure.web.servlet.MockMvcPrintOnlyOnFailureTestExecutionListener@1a0d7946, org.springframework.boot.test.autoconfigure.web.servlet.WebDriverTestExecutionListener@755fde35, org.springframework.boot.test.autoconfigure.webservices.client.MockWebServiceServerTestExecutionListener@73f2b1a2, org.springframework.boot.test.mock.mockito.ResetMocksTestExecutionListener@157ea3d]
17:15:08.085 [Test worker] DEBUG org.springframework.test.context.support.AbstractDirtiesContextTestExecutionListener - Before test class: context [DefaultTestContext@73b70557 testClass = PersonControllerTest, testInstance = [null], testMethod = [null], testException = [null], mergedContextConfiguration = [WebMergedContextConfiguration@6e0caa6 testClass = PersonControllerTest, locations = '{}', classes = '{class com.fastcampus.javaallinone.project3.mycontact.MycontactApplication}', contextInitializerClasses = '[]', activeProfiles = '{}', propertySourceLocations = '{}', propertySourceProperties = '{org.springframework.boot.test.context.SpringBootTestContextBootstrapper=true}', contextCustomizers = set[org.springframework.boot.test.autoconfigure.actuate.metrics.MetricsExportContextCustomizerFactory$DisableMetricExportContextCustomizer@bf8712f, org.springframework.boot.test.autoconfigure.properties.PropertyMappingContextCustomizer@0, org.springframework.boot.test.autoconfigure.web.servlet.WebDriverContextCustomizerFactory$Customizer@7787d5c8, org.springframework.boot.test.context.filter.ExcludeFilterContextCustomizer@1e240007, org.springframework.boot.test.json.DuplicateJsonObjectContextCustomizerFactory$DuplicateJsonObjectContextCustomizer@6aa3136, org.springframework.boot.test.mock.mockito.MockitoContextCustomizer@0, org.springframework.boot.test.web.client.TestRestTemplateContextCustomizer@73b8ae47, org.springframework.boot.test.context.SpringBootTestArgs@1, org.springframework.boot.test.context.SpringBootTestWebEnvironment@3f47e8bc], resourceBasePath = 'src/main/webapp', contextLoader = 'org.springframework.boot.test.context.SpringBootContextLoader', parent = [null]], attributes = map['org.springframework.test.context.web.ServletTestExecutionListener.activateListener' -> true]], class annotated with @DirtiesContext [false] with mode [null].
17:15:08.134 [Test worker] DEBUG org.springframework.test.context.support.TestPropertySourceUtils - Adding inlined properties to environment: {spring.jmx.enabled=false, org.springframework.boot.test.context.SpringBootTestContextBootstrapper=true}

  .   ____          _            __ _ _
 /\\ / ___'_ __ _ _(_)_ __  __ _ \ \ \ \
( ( )\___ | '_ | '_| | '_ \/ _` | \ \ \ \
 \\/  ___)| |_)| | | | | || (_| |  ) ) ) )
  '  |____| .__|_| |_|_| |_\__, | / / / /
 =========|_|==============|___/=/_/_/_/
 :: Spring Boot ::                (v2.4.3)

2021-05-23 17:15:08.612  INFO 10688 --- [    Test worker] c.f.j.p.m.c.PersonControllerTest         : Starting PersonControllerTest using Java 11.0.11 on KH-note with PID 10688 (started by newon in C:\Users\newon\Desktop\demo\mycontact)
2021-05-23 17:15:08.616  INFO 10688 --- [    Test worker] c.f.j.p.m.c.PersonControllerTest         : No active profile set, falling back to default profiles: default
2021-05-23 17:15:10.022  INFO 10688 --- [    Test worker] .s.d.r.c.RepositoryConfigurationDelegate : Bootstrapping Spring Data JPA repositories in DEFAULT mode.
2021-05-23 17:15:10.123  INFO 10688 --- [    Test worker] .s.d.r.c.RepositoryConfigurationDelegate : Finished Spring Data repository scanning in 86 ms. Found 1 JPA repository interfaces.
2021-05-23 17:15:10.915  INFO 10688 --- [    Test worker] com.zaxxer.hikari.HikariDataSource       : HikariPool-1 - Starting...
2021-05-23 17:15:11.284  INFO 10688 --- [    Test worker] com.zaxxer.hikari.HikariDataSource       : HikariPool-1 - Start completed.
2021-05-23 17:15:11.433  INFO 10688 --- [    Test worker] o.hibernate.jpa.internal.util.LogHelper  : HHH000204: Processing PersistenceUnitInfo [name: default]
2021-05-23 17:15:11.580  INFO 10688 --- [    Test worker] org.hibernate.Version                    : HHH000412: Hibernate ORM core version 5.4.28.Final
2021-05-23 17:15:11.854  INFO 10688 --- [    Test worker] o.hibernate.annotations.common.Version   : HCANN000001: Hibernate Commons Annotations {5.1.2.Final}
2021-05-23 17:15:12.193  INFO 10688 --- [    Test worker] org.hibernate.dialect.Dialect            : HHH000400: Using dialect: org.hibernate.dialect.H2Dialect
Hibernate: drop table if exists person CASCADE 
Hibernate: create table person (id bigint generated by default as identity, address varchar(255), day_of_birthday integer, month_of_birthday integer, year_of_birthday integer, deleted boolean default 0 not null, hobby varchar(255), job varchar(255), name varchar(255) not null, phone_number varchar(255), primary key (id))
2021-05-23 17:15:14.569  INFO 10688 --- [    Test worker] o.h.e.t.j.p.i.JtaPlatformInitiator       : HHH000490: Using JtaPlatform implementation: [org.hibernate.engine.transaction.jta.platform.internal.NoJtaPlatform]
2021-05-23 17:15:14.585  INFO 10688 --- [    Test worker] j.LocalContainerEntityManagerFactoryBean : Initialized JPA EntityManagerFactory for persistence unit 'default'
2021-05-23 17:15:16.472  WARN 10688 --- [    Test worker] JpaBaseConfiguration$JpaWebConfiguration : spring.jpa.open-in-view is enabled by default. Therefore, database queries may be performed during view rendering. Explicitly configure spring.jpa.open-in-view to disable this warning
2021-05-23 17:15:16.857  INFO 10688 --- [    Test worker] o.s.s.concurrent.ThreadPoolTaskExecutor  : Initializing ExecutorService 'applicationTaskExecutor'
2021-05-23 17:15:17.840  INFO 10688 --- [    Test worker] c.f.j.p.m.c.PersonControllerTest         : Started PersonControllerTest in 9.694 seconds (JVM running for 12.337)
2021-05-23 17:15:17.935  INFO 10688 --- [    Test worker] o.s.t.c.transaction.TransactionContext   : Began transaction (1) for test context [DefaultTestContext@73b70557 testClass = PersonControllerTest, testInstance = com.fastcampus.javaallinone.project3.mycontact.controller.PersonControllerTest@7ade7075, testMethod = deletePerson@PersonControllerTest, testException = [null], mergedContextConfiguration = [WebMergedContextConfiguration@6e0caa6 testClass = PersonControllerTest, locations = '{}', classes = '{class com.fastcampus.javaallinone.project3.mycontact.MycontactApplication}', contextInitializerClasses = '[]', activeProfiles = '{}', propertySourceLocations = '{}', propertySourceProperties = '{org.springframework.boot.test.context.SpringBootTestContextBootstrapper=true}', contextCustomizers = set[org.springframework.boot.test.autoconfigure.actuate.metrics.MetricsExportContextCustomizerFactory$DisableMetricExportContextCustomizer@bf8712f, org.springframework.boot.test.autoconfigure.properties.PropertyMappingContextCustomizer@0, org.springframework.boot.test.autoconfigure.web.servlet.WebDriverContextCustomizerFactory$Customizer@7787d5c8, org.springframework.boot.test.context.filter.ExcludeFilterContextCustomizer@1e240007, org.springframework.boot.test.json.DuplicateJsonObjectContextCustomizerFactory$DuplicateJsonObjectContextCustomizer@6aa3136, org.springframework.boot.test.mock.mockito.MockitoContextCustomizer@0, org.springframework.boot.test.web.client.TestRestTemplateContextCustomizer@73b8ae47, org.springframework.boot.test.context.SpringBootTestArgs@1, org.springframework.boot.test.context.SpringBootTestWebEnvironment@3f47e8bc], resourceBasePath = 'src/main/webapp', contextLoader = 'org.springframework.boot.test.context.SpringBootContextLoader', parent = [null]], attributes = map['org.springframework.test.context.web.ServletTestExecutionListener.activateListener' -> true, 'org.springframework.test.context.web.ServletTestExecutionListener.populatedRequestContextHolder' -> true, 'org.springframework.test.context.web.ServletTestExecutionListener.resetRequestContextHolder' -> true, 'org.springframework.test.context.event.ApplicationEventsTestExecutionListener.recordApplicationEvents' -> false]]; transaction manager [org.springframework.orm.jpa.JpaTransactionManager@797214f6]; rollback [true]
2021-05-23 17:15:18.353  INFO 10688 --- [    Test worker] o.s.mock.web.MockServletContext          : Initializing Spring TestDispatcherServlet ''
2021-05-23 17:15:18.353  INFO 10688 --- [    Test worker] o.s.t.web.servlet.TestDispatcherServlet  : Initializing Servlet ''
2021-05-23 17:15:18.354  INFO 10688 --- [    Test worker] o.s.t.web.servlet.TestDispatcherServlet  : Completed initialization in 0 ms
Hibernate: select person0_.id as id1_0_0_, person0_.address as address2_0_0_, person0_.day_of_birthday as day_of_b3_0_0_, person0_.month_of_birthday as month_of4_0_0_, person0_.year_of_birthday as year_of_5_0_0_, person0_.deleted as deleted6_0_0_, person0_.hobby as hobby7_0_0_, person0_.job as job8_0_0_, person0_.name as name9_0_0_, person0_.phone_number as phone_n10_0_0_ from person person0_ where person0_.id=? and ( person0_.deleted = 0)

MockHttpServletRequest:
      HTTP Method = DELETE
      Request URI = /api/person/1
       Parameters = {}
          Headers = []
             Body = <no character encoding set>
    Session Attrs = {}

Handler:
             Type = com.fastcampus.javaallinone.project3.mycontact.controller.PersonController
           Method = com.fastcampus.javaallinone.project3.mycontact.controller.PersonController#deletePerson(Long)

Async:
    Async started = false
     Async result = null

Resolved Exception:
             Type = null

ModelAndView:
        View name = null
             View = null
            Model = null

FlashMap:
       Attributes = null

MockHttpServletResponse:
           Status = 200
    Error message = null
          Headers = []
     Content type = null
             Body = 
    Forwarded URL = null
   Redirected URL = null
          Cookies = []
Hibernate: update person set address=?, day_of_birthday=?, month_of_birthday=?, year_of_birthday=?, deleted=?, hobby=?, job=?, name=?, phone_number=? where id=?
Hibernate: select * from Person person where person.deleted = true
2021-05-23 17:15:18.967  INFO 10688 --- [    Test worker] o.s.t.c.transaction.TransactionContext   : Rolled back transaction for test: [DefaultTestContext@73b70557 testClass = PersonControllerTest, testInstance = com.fastcampus.javaallinone.project3.mycontact.controller.PersonControllerTest@7ade7075, testMethod = deletePerson@PersonControllerTest, testException = [null], mergedContextConfiguration = [WebMergedContextConfiguration@6e0caa6 testClass = PersonControllerTest, locations = '{}', classes = '{class com.fastcampus.javaallinone.project3.mycontact.MycontactApplication}', contextInitializerClasses = '[]', activeProfiles = '{}', propertySourceLocations = '{}', propertySourceProperties = '{org.springframework.boot.test.context.SpringBootTestContextBootstrapper=true}', contextCustomizers = set[org.springframework.boot.test.autoconfigure.actuate.metrics.MetricsExportContextCustomizerFactory$DisableMetricExportContextCustomizer@bf8712f, org.springframework.boot.test.autoconfigure.properties.PropertyMappingContextCustomizer@0, org.springframework.boot.test.autoconfigure.web.servlet.WebDriverContextCustomizerFactory$Customizer@7787d5c8, org.springframework.boot.test.context.filter.ExcludeFilterContextCustomizer@1e240007, org.springframework.boot.test.json.DuplicateJsonObjectContextCustomizerFactory$DuplicateJsonObjectContextCustomizer@6aa3136, org.springframework.boot.test.mock.mockito.MockitoContextCustomizer@0, org.springframework.boot.test.web.client.TestRestTemplateContextCustomizer@73b8ae47, org.springframework.boot.test.context.SpringBootTestArgs@1, org.springframework.boot.test.context.SpringBootTestWebEnvironment@3f47e8bc], resourceBasePath = 'src/main/webapp', contextLoader = 'org.springframework.boot.test.context.SpringBootContextLoader', parent = [null]], attributes = map['org.springframework.test.context.web.ServletTestExecutionListener.activateListener' -> true, 'org.springframework.test.context.web.ServletTestExecutionListener.populatedRequestContextHolder' -> true, 'org.springframework.test.context.web.ServletTestExecutionListener.resetRequestContextHolder' -> true, 'org.springframework.test.context.event.ApplicationEventsTestExecutionListener.recordApplicationEvents' -> false]]
2021-05-23 17:15:18.983  INFO 10688 --- [    Test worker] o.s.t.c.transaction.TransactionContext   : Began transaction (1) for test context [DefaultTestContext@73b70557 testClass = PersonControllerTest, testInstance = com.fastcampus.javaallinone.project3.mycontact.controller.PersonControllerTest@2b24532a, testMethod = modifyPersonIfNameIsDifferent@PersonControllerTest, testException = [null], mergedContextConfiguration = [WebMergedContextConfiguration@6e0caa6 testClass = PersonControllerTest, locations = '{}', classes = '{class com.fastcampus.javaallinone.project3.mycontact.MycontactApplication}', contextInitializerClasses = '[]', activeProfiles = '{}', propertySourceLocations = '{}', propertySourceProperties = '{org.springframework.boot.test.context.SpringBootTestContextBootstrapper=true}', contextCustomizers = set[org.springframework.boot.test.autoconfigure.actuate.metrics.MetricsExportContextCustomizerFactory$DisableMetricExportContextCustomizer@bf8712f, org.springframework.boot.test.autoconfigure.properties.PropertyMappingContextCustomizer@0, org.springframework.boot.test.autoconfigure.web.servlet.WebDriverContextCustomizerFactory$Customizer@7787d5c8, org.springframework.boot.test.context.filter.ExcludeFilterContextCustomizer@1e240007, org.springframework.boot.test.json.DuplicateJsonObjectContextCustomizerFactory$DuplicateJsonObjectContextCustomizer@6aa3136, org.springframework.boot.test.mock.mockito.MockitoContextCustomizer@0, org.springframework.boot.test.web.client.TestRestTemplateContextCustomizer@73b8ae47, org.springframework.boot.test.context.SpringBootTestArgs@1, org.springframework.boot.test.context.SpringBootTestWebEnvironment@3f47e8bc], resourceBasePath = 'src/main/webapp', contextLoader = 'org.springframework.boot.test.context.SpringBootContextLoader', parent = [null]], attributes = map['org.springframework.test.context.web.ServletTestExecutionListener.activateListener' -> true, 'org.springframework.test.context.web.ServletTestExecutionListener.populatedRequestContextHolder' -> true, 'org.springframework.test.context.web.ServletTestExecutionListener.resetRequestContextHolder' -> true, 'org.springframework.test.context.event.ApplicationEventsTestExecutionListener.recordApplicationEvents' -> false]]; transaction manager [org.springframework.orm.jpa.JpaTransactionManager@797214f6]; rollback [true]
2021-05-23 17:15:19.013  INFO 10688 --- [    Test worker] o.s.mock.web.MockServletContext          : Initializing Spring TestDispatcherServlet ''
2021-05-23 17:15:19.014  INFO 10688 --- [    Test worker] o.s.t.web.servlet.TestDispatcherServlet  : Initializing Servlet ''
2021-05-23 17:15:19.015  INFO 10688 --- [    Test worker] o.s.t.web.servlet.TestDispatcherServlet  : Completed initialization in 1 ms
Hibernate: select person0_.id as id1_0_0_, person0_.address as address2_0_0_, person0_.day_of_birthday as day_of_b3_0_0_, person0_.month_of_birthday as month_of4_0_0_, person0_.year_of_birthday as year_of_5_0_0_, person0_.deleted as deleted6_0_0_, person0_.hobby as hobby7_0_0_, person0_.job as job8_0_0_, person0_.name as name9_0_0_, person0_.phone_number as phone_n10_0_0_ from person person0_ where person0_.id=? and ( person0_.deleted = 0)
2021-05-23 17:15:19.254  INFO 10688 --- [    Test worker] o.s.t.c.transaction.TransactionContext   : Rolled back transaction for test: [DefaultTestContext@73b70557 testClass = PersonControllerTest, testInstance = com.fastcampus.javaallinone.project3.mycontact.controller.PersonControllerTest@2b24532a, testMethod = modifyPersonIfNameIsDifferent@PersonControllerTest, testException = [null], mergedContextConfiguration = [WebMergedContextConfiguration@6e0caa6 testClass = PersonControllerTest, locations = '{}', classes = '{class com.fastcampus.javaallinone.project3.mycontact.MycontactApplication}', contextInitializerClasses = '[]', activeProfiles = '{}', propertySourceLocations = '{}', propertySourceProperties = '{org.springframework.boot.test.context.SpringBootTestContextBootstrapper=true}', contextCustomizers = set[org.springframework.boot.test.autoconfigure.actuate.metrics.MetricsExportContextCustomizerFactory$DisableMetricExportContextCustomizer@bf8712f, org.springframework.boot.test.autoconfigure.properties.PropertyMappingContextCustomizer@0, org.springframework.boot.test.autoconfigure.web.servlet.WebDriverContextCustomizerFactory$Customizer@7787d5c8, org.springframework.boot.test.context.filter.ExcludeFilterContextCustomizer@1e240007, org.springframework.boot.test.json.DuplicateJsonObjectContextCustomizerFactory$DuplicateJsonObjectContextCustomizer@6aa3136, org.springframework.boot.test.mock.mockito.MockitoContextCustomizer@0, org.springframework.boot.test.web.client.TestRestTemplateContextCustomizer@73b8ae47, org.springframework.boot.test.context.SpringBootTestArgs@1, org.springframework.boot.test.context.SpringBootTestWebEnvironment@3f47e8bc], resourceBasePath = 'src/main/webapp', contextLoader = 'org.springframework.boot.test.context.SpringBootContextLoader', parent = [null]], attributes = map['org.springframework.test.context.web.ServletTestExecutionListener.activateListener' -> true, 'org.springframework.test.context.web.ServletTestExecutionListener.populatedRequestContextHolder' -> true, 'org.springframework.test.context.web.ServletTestExecutionListener.resetRequestContextHolder' -> true, 'org.springframework.test.context.event.ApplicationEventsTestExecutionListener.recordApplicationEvents' -> false]]
2021-05-23 17:15:19.264  INFO 10688 --- [    Test worker] o.s.t.c.transaction.TransactionContext   : Began transaction (1) for test context [DefaultTestContext@73b70557 testClass = PersonControllerTest, testInstance = com.fastcampus.javaallinone.project3.mycontact.controller.PersonControllerTest@3020d10d, testMethod = modifyPerson@PersonControllerTest, testException = [null], mergedContextConfiguration = [WebMergedContextConfiguration@6e0caa6 testClass = PersonControllerTest, locations = '{}', classes = '{class com.fastcampus.javaallinone.project3.mycontact.MycontactApplication}', contextInitializerClasses = '[]', activeProfiles = '{}', propertySourceLocations = '{}', propertySourceProperties = '{org.springframework.boot.test.context.SpringBootTestContextBootstrapper=true}', contextCustomizers = set[org.springframework.boot.test.autoconfigure.actuate.metrics.MetricsExportContextCustomizerFactory$DisableMetricExportContextCustomizer@bf8712f, org.springframework.boot.test.autoconfigure.properties.PropertyMappingContextCustomizer@0, org.springframework.boot.test.autoconfigure.web.servlet.WebDriverContextCustomizerFactory$Customizer@7787d5c8, org.springframework.boot.test.context.filter.ExcludeFilterContextCustomizer@1e240007, org.springframework.boot.test.json.DuplicateJsonObjectContextCustomizerFactory$DuplicateJsonObjectContextCustomizer@6aa3136, org.springframework.boot.test.mock.mockito.MockitoContextCustomizer@0, org.springframework.boot.test.web.client.TestRestTemplateContextCustomizer@73b8ae47, org.springframework.boot.test.context.SpringBootTestArgs@1, org.springframework.boot.test.context.SpringBootTestWebEnvironment@3f47e8bc], resourceBasePath = 'src/main/webapp', contextLoader = 'org.springframework.boot.test.context.SpringBootContextLoader', parent = [null]], attributes = map['org.springframework.test.context.web.ServletTestExecutionListener.activateListener' -> true, 'org.springframework.test.context.web.ServletTestExecutionListener.populatedRequestContextHolder' -> true, 'org.springframework.test.context.web.ServletTestExecutionListener.resetRequestContextHolder' -> true, 'org.springframework.test.context.event.ApplicationEventsTestExecutionListener.recordApplicationEvents' -> false]]; transaction manager [org.springframework.orm.jpa.JpaTransactionManager@797214f6]; rollback [true]
2021-05-23 17:15:19.298  INFO 10688 --- [    Test worker] o.s.mock.web.MockServletContext          : Initializing Spring TestDispatcherServlet ''
2021-05-23 17:15:19.298  INFO 10688 --- [    Test worker] o.s.t.web.servlet.TestDispatcherServlet  : Initializing Servlet ''
2021-05-23 17:15:19.299  INFO 10688 --- [    Test worker] o.s.t.web.servlet.TestDispatcherServlet  : Completed initialization in 1 ms
Hibernate: select person0_.id as id1_0_0_, person0_.address as address2_0_0_, person0_.day_of_birthday as day_of_b3_0_0_, person0_.month_of_birthday as month_of4_0_0_, person0_.year_of_birthday as year_of_5_0_0_, person0_.deleted as deleted6_0_0_, person0_.hobby as hobby7_0_0_, person0_.job as job8_0_0_, person0_.name as name9_0_0_, person0_.phone_number as phone_n10_0_0_ from person person0_ where person0_.id=? and ( person0_.deleted = 0)

MockHttpServletRequest:
      HTTP Method = PUT
      Request URI = /api/person/1
       Parameters = {}
          Headers = [Content-Type:"application/json;charset=UTF-8", Content-Length:"131"]
             Body = {"name":"martin","hobby":"programming","address":"판교","birthday":"2021-05-23","job":"programmer","phoneNumber":"010-1111-2222"}
    Session Attrs = {}

Handler:
             Type = com.fastcampus.javaallinone.project3.mycontact.controller.PersonController
           Method = com.fastcampus.javaallinone.project3.mycontact.controller.PersonController#modifyPerson(Long, PersonDto)

Async:
    Async started = false
     Async result = null

Resolved Exception:
             Type = null

ModelAndView:
        View name = null
             View = null
            Model = null

FlashMap:
       Attributes = null

MockHttpServletResponse:
           Status = 200
    Error message = null
          Headers = []
     Content type = null
             Body = 
    Forwarded URL = null
   Redirected URL = null
          Cookies = []
2021-05-23 17:15:19.553  INFO 10688 --- [    Test worker] o.s.t.c.transaction.TransactionContext   : Rolled back transaction for test: [DefaultTestContext@73b70557 testClass = PersonControllerTest, testInstance = com.fastcampus.javaallinone.project3.mycontact.controller.PersonControllerTest@3020d10d, testMethod = modifyPerson@PersonControllerTest, testException = [null], mergedContextConfiguration = [WebMergedContextConfiguration@6e0caa6 testClass = PersonControllerTest, locations = '{}', classes = '{class com.fastcampus.javaallinone.project3.mycontact.MycontactApplication}', contextInitializerClasses = '[]', activeProfiles = '{}', propertySourceLocations = '{}', propertySourceProperties = '{org.springframework.boot.test.context.SpringBootTestContextBootstrapper=true}', contextCustomizers = set[org.springframework.boot.test.autoconfigure.actuate.metrics.MetricsExportContextCustomizerFactory$DisableMetricExportContextCustomizer@bf8712f, org.springframework.boot.test.autoconfigure.properties.PropertyMappingContextCustomizer@0, org.springframework.boot.test.autoconfigure.web.servlet.WebDriverContextCustomizerFactory$Customizer@7787d5c8, org.springframework.boot.test.context.filter.ExcludeFilterContextCustomizer@1e240007, org.springframework.boot.test.json.DuplicateJsonObjectContextCustomizerFactory$DuplicateJsonObjectContextCustomizer@6aa3136, org.springframework.boot.test.mock.mockito.MockitoContextCustomizer@0, org.springframework.boot.test.web.client.TestRestTemplateContextCustomizer@73b8ae47, org.springframework.boot.test.context.SpringBootTestArgs@1, org.springframework.boot.test.context.SpringBootTestWebEnvironment@3f47e8bc], resourceBasePath = 'src/main/webapp', contextLoader = 'org.springframework.boot.test.context.SpringBootContextLoader', parent = [null]], attributes = map['org.springframework.test.context.web.ServletTestExecutionListener.activateListener' -> true, 'org.springframework.test.context.web.ServletTestExecutionListener.populatedRequestContextHolder' -> true, 'org.springframework.test.context.web.ServletTestExecutionListener.resetRequestContextHolder' -> true, 'org.springframework.test.context.event.ApplicationEventsTestExecutionListener.recordApplicationEvents' -> false]]
2021-05-23 17:15:19.560  INFO 10688 --- [    Test worker] o.s.t.c.transaction.TransactionContext   : Began transaction (1) for test context [DefaultTestContext@73b70557 testClass = PersonControllerTest, testInstance = com.fastcampus.javaallinone.project3.mycontact.controller.PersonControllerTest@2231ff72, testMethod = getPerson@PersonControllerTest, testException = [null], mergedContextConfiguration = [WebMergedContextConfiguration@6e0caa6 testClass = PersonControllerTest, locations = '{}', classes = '{class com.fastcampus.javaallinone.project3.mycontact.MycontactApplication}', contextInitializerClasses = '[]', activeProfiles = '{}', propertySourceLocations = '{}', propertySourceProperties = '{org.springframework.boot.test.context.SpringBootTestContextBootstrapper=true}', contextCustomizers = set[org.springframework.boot.test.autoconfigure.actuate.metrics.MetricsExportContextCustomizerFactory$DisableMetricExportContextCustomizer@bf8712f, org.springframework.boot.test.autoconfigure.properties.PropertyMappingContextCustomizer@0, org.springframework.boot.test.autoconfigure.web.servlet.WebDriverContextCustomizerFactory$Customizer@7787d5c8, org.springframework.boot.test.context.filter.ExcludeFilterContextCustomizer@1e240007, org.springframework.boot.test.json.DuplicateJsonObjectContextCustomizerFactory$DuplicateJsonObjectContextCustomizer@6aa3136, org.springframework.boot.test.mock.mockito.MockitoContextCustomizer@0, org.springframework.boot.test.web.client.TestRestTemplateContextCustomizer@73b8ae47, org.springframework.boot.test.context.SpringBootTestArgs@1, org.springframework.boot.test.context.SpringBootTestWebEnvironment@3f47e8bc], resourceBasePath = 'src/main/webapp', contextLoader = 'org.springframework.boot.test.context.SpringBootContextLoader', parent = [null]], attributes = map['org.springframework.test.context.web.ServletTestExecutionListener.activateListener' -> true, 'org.springframework.test.context.web.ServletTestExecutionListener.populatedRequestContextHolder' -> true, 'org.springframework.test.context.web.ServletTestExecutionListener.resetRequestContextHolder' -> true, 'org.springframework.test.context.event.ApplicationEventsTestExecutionListener.recordApplicationEvents' -> false]]; transaction manager [org.springframework.orm.jpa.JpaTransactionManager@797214f6]; rollback [true]
2021-05-23 17:15:19.590  INFO 10688 --- [    Test worker] o.s.mock.web.MockServletContext          : Initializing Spring TestDispatcherServlet ''
2021-05-23 17:15:19.590  INFO 10688 --- [    Test worker] o.s.t.web.servlet.TestDispatcherServlet  : Initializing Servlet ''
2021-05-23 17:15:19.591  INFO 10688 --- [    Test worker] o.s.t.web.servlet.TestDispatcherServlet  : Completed initialization in 0 ms
Hibernate: select person0_.id as id1_0_0_, person0_.address as address2_0_0_, person0_.day_of_birthday as day_of_b3_0_0_, person0_.month_of_birthday as month_of4_0_0_, person0_.year_of_birthday as year_of_5_0_0_, person0_.deleted as deleted6_0_0_, person0_.hobby as hobby7_0_0_, person0_.job as job8_0_0_, person0_.name as name9_0_0_, person0_.phone_number as phone_n10_0_0_ from person person0_ where person0_.id=? and ( person0_.deleted = 0)
2021-05-23 17:15:19.597  INFO 10688 --- [    Test worker] c.f.j.p.mycontact.service.PersonService  : person: Person(id=1, name=martin, hobby=null, address=null, birthday=Birthday(yearOfBirthday=1991, monthOfBirthday=8, dayOfBirthday=15), job=null, phoneNumber=null, deleted=false)

MockHttpServletRequest:
      HTTP Method = GET
      Request URI = /api/person/1
       Parameters = {}
          Headers = []
             Body = <no character encoding set>
    Session Attrs = {}

Handler:
             Type = com.fastcampus.javaallinone.project3.mycontact.controller.PersonController
           Method = com.fastcampus.javaallinone.project3.mycontact.controller.PersonController#getPerson(Long)

Async:
    Async started = false
     Async result = null

Resolved Exception:
             Type = null

ModelAndView:
        View name = null
             View = null
            Model = null

FlashMap:
       Attributes = null

MockHttpServletResponse:
           Status = 200
    Error message = null
          Headers = [Content-Type:"application/json"]
     Content type = application/json
             Body = {"id":1,"name":"martin","hobby":null,"address":null,"birthday":"1991-08-15","job":null,"phoneNumber":null,"deleted":false,"age":31,"birthdayToday":false}
    Forwarded URL = null
   Redirected URL = null
          Cookies = []
2021-05-23 17:15:19.780  INFO 10688 --- [    Test worker] o.s.t.c.transaction.TransactionContext   : Rolled back transaction for test: [DefaultTestContext@73b70557 testClass = PersonControllerTest, testInstance = com.fastcampus.javaallinone.project3.mycontact.controller.PersonControllerTest@2231ff72, testMethod = getPerson@PersonControllerTest, testException = [null], mergedContextConfiguration = [WebMergedContextConfiguration@6e0caa6 testClass = PersonControllerTest, locations = '{}', classes = '{class com.fastcampus.javaallinone.project3.mycontact.MycontactApplication}', contextInitializerClasses = '[]', activeProfiles = '{}', propertySourceLocations = '{}', propertySourceProperties = '{org.springframework.boot.test.context.SpringBootTestContextBootstrapper=true}', contextCustomizers = set[org.springframework.boot.test.autoconfigure.actuate.metrics.MetricsExportContextCustomizerFactory$DisableMetricExportContextCustomizer@bf8712f, org.springframework.boot.test.autoconfigure.properties.PropertyMappingContextCustomizer@0, org.springframework.boot.test.autoconfigure.web.servlet.WebDriverContextCustomizerFactory$Customizer@7787d5c8, org.springframework.boot.test.context.filter.ExcludeFilterContextCustomizer@1e240007, org.springframework.boot.test.json.DuplicateJsonObjectContextCustomizerFactory$DuplicateJsonObjectContextCustomizer@6aa3136, org.springframework.boot.test.mock.mockito.MockitoContextCustomizer@0, org.springframework.boot.test.web.client.TestRestTemplateContextCustomizer@73b8ae47, org.springframework.boot.test.context.SpringBootTestArgs@1, org.springframework.boot.test.context.SpringBootTestWebEnvironment@3f47e8bc], resourceBasePath = 'src/main/webapp', contextLoader = 'org.springframework.boot.test.context.SpringBootContextLoader', parent = [null]], attributes = map['org.springframework.test.context.web.ServletTestExecutionListener.activateListener' -> true, 'org.springframework.test.context.web.ServletTestExecutionListener.populatedRequestContextHolder' -> true, 'org.springframework.test.context.web.ServletTestExecutionListener.resetRequestContextHolder' -> true, 'org.springframework.test.context.event.ApplicationEventsTestExecutionListener.recordApplicationEvents' -> false]]
2021-05-23 17:15:19.786  INFO 10688 --- [    Test worker] o.s.t.c.transaction.TransactionContext   : Began transaction (1) for test context [DefaultTestContext@73b70557 testClass = PersonControllerTest, testInstance = com.fastcampus.javaallinone.project3.mycontact.controller.PersonControllerTest@5bf65fa7, testMethod = modifyName@PersonControllerTest, testException = [null], mergedContextConfiguration = [WebMergedContextConfiguration@6e0caa6 testClass = PersonControllerTest, locations = '{}', classes = '{class com.fastcampus.javaallinone.project3.mycontact.MycontactApplication}', contextInitializerClasses = '[]', activeProfiles = '{}', propertySourceLocations = '{}', propertySourceProperties = '{org.springframework.boot.test.context.SpringBootTestContextBootstrapper=true}', contextCustomizers = set[org.springframework.boot.test.autoconfigure.actuate.metrics.MetricsExportContextCustomizerFactory$DisableMetricExportContextCustomizer@bf8712f, org.springframework.boot.test.autoconfigure.properties.PropertyMappingContextCustomizer@0, org.springframework.boot.test.autoconfigure.web.servlet.WebDriverContextCustomizerFactory$Customizer@7787d5c8, org.springframework.boot.test.context.filter.ExcludeFilterContextCustomizer@1e240007, org.springframework.boot.test.json.DuplicateJsonObjectContextCustomizerFactory$DuplicateJsonObjectContextCustomizer@6aa3136, org.springframework.boot.test.mock.mockito.MockitoContextCustomizer@0, org.springframework.boot.test.web.client.TestRestTemplateContextCustomizer@73b8ae47, org.springframework.boot.test.context.SpringBootTestArgs@1, org.springframework.boot.test.context.SpringBootTestWebEnvironment@3f47e8bc], resourceBasePath = 'src/main/webapp', contextLoader = 'org.springframework.boot.test.context.SpringBootContextLoader', parent = [null]], attributes = map['org.springframework.test.context.web.ServletTestExecutionListener.activateListener' -> true, 'org.springframework.test.context.web.ServletTestExecutionListener.populatedRequestContextHolder' -> true, 'org.springframework.test.context.web.ServletTestExecutionListener.resetRequestContextHolder' -> true, 'org.springframework.test.context.event.ApplicationEventsTestExecutionListener.recordApplicationEvents' -> false]]; transaction manager [org.springframework.orm.jpa.JpaTransactionManager@797214f6]; rollback [true]
2021-05-23 17:15:19.847  INFO 10688 --- [    Test worker] o.s.mock.web.MockServletContext          : Initializing Spring TestDispatcherServlet ''
2021-05-23 17:15:19.847  INFO 10688 --- [    Test worker] o.s.t.web.servlet.TestDispatcherServlet  : Initializing Servlet ''
2021-05-23 17:15:19.848  INFO 10688 --- [    Test worker] o.s.t.web.servlet.TestDispatcherServlet  : Completed initialization in 1 ms
Hibernate: select person0_.id as id1_0_0_, person0_.address as address2_0_0_, person0_.day_of_birthday as day_of_b3_0_0_, person0_.month_of_birthday as month_of4_0_0_, person0_.year_of_birthday as year_of_5_0_0_, person0_.deleted as deleted6_0_0_, person0_.hobby as hobby7_0_0_, person0_.job as job8_0_0_, person0_.name as name9_0_0_, person0_.phone_number as phone_n10_0_0_ from person person0_ where person0_.id=? and ( person0_.deleted = 0)

MockHttpServletRequest:
      HTTP Method = PATCH
      Request URI = /api/person/1
       Parameters = {name=[martinModified]}
          Headers = []
             Body = <no character encoding set>
    Session Attrs = {}

Handler:
             Type = com.fastcampus.javaallinone.project3.mycontact.controller.PersonController
           Method = com.fastcampus.javaallinone.project3.mycontact.controller.PersonController#modifyPerson(Long, String)

Async:
    Async started = false
     Async result = null

Resolved Exception:
             Type = null

ModelAndView:
        View name = null
             View = null
            Model = null

FlashMap:
       Attributes = null

MockHttpServletResponse:
           Status = 200
    Error message = null
          Headers = []
     Content type = null
             Body = 
    Forwarded URL = null
   Redirected URL = null
          Cookies = []
2021-05-23 17:15:19.885  INFO 10688 --- [    Test worker] o.s.t.c.transaction.TransactionContext   : Rolled back transaction for test: [DefaultTestContext@73b70557 testClass = PersonControllerTest, testInstance = com.fastcampus.javaallinone.project3.mycontact.controller.PersonControllerTest@5bf65fa7, testMethod = modifyName@PersonControllerTest, testException = [null], mergedContextConfiguration = [WebMergedContextConfiguration@6e0caa6 testClass = PersonControllerTest, locations = '{}', classes = '{class com.fastcampus.javaallinone.project3.mycontact.MycontactApplication}', contextInitializerClasses = '[]', activeProfiles = '{}', propertySourceLocations = '{}', propertySourceProperties = '{org.springframework.boot.test.context.SpringBootTestContextBootstrapper=true}', contextCustomizers = set[org.springframework.boot.test.autoconfigure.actuate.metrics.MetricsExportContextCustomizerFactory$DisableMetricExportContextCustomizer@bf8712f, org.springframework.boot.test.autoconfigure.properties.PropertyMappingContextCustomizer@0, org.springframework.boot.test.autoconfigure.web.servlet.WebDriverContextCustomizerFactory$Customizer@7787d5c8, org.springframework.boot.test.context.filter.ExcludeFilterContextCustomizer@1e240007, org.springframework.boot.test.json.DuplicateJsonObjectContextCustomizerFactory$DuplicateJsonObjectContextCustomizer@6aa3136, org.springframework.boot.test.mock.mockito.MockitoContextCustomizer@0, org.springframework.boot.test.web.client.TestRestTemplateContextCustomizer@73b8ae47, org.springframework.boot.test.context.SpringBootTestArgs@1, org.springframework.boot.test.context.SpringBootTestWebEnvironment@3f47e8bc], resourceBasePath = 'src/main/webapp', contextLoader = 'org.springframework.boot.test.context.SpringBootContextLoader', parent = [null]], attributes = map['org.springframework.test.context.web.ServletTestExecutionListener.activateListener' -> true, 'org.springframework.test.context.web.ServletTestExecutionListener.populatedRequestContextHolder' -> true, 'org.springframework.test.context.web.ServletTestExecutionListener.resetRequestContextHolder' -> true, 'org.springframework.test.context.event.ApplicationEventsTestExecutionListener.recordApplicationEvents' -> false]]
2021-05-23 17:15:19.890  INFO 10688 --- [    Test worker] o.s.t.c.transaction.TransactionContext   : Began transaction (1) for test context [DefaultTestContext@73b70557 testClass = PersonControllerTest, testInstance = com.fastcampus.javaallinone.project3.mycontact.controller.PersonControllerTest@71d836f0, testMethod = postPerson@PersonControllerTest, testException = [null], mergedContextConfiguration = [WebMergedContextConfiguration@6e0caa6 testClass = PersonControllerTest, locations = '{}', classes = '{class com.fastcampus.javaallinone.project3.mycontact.MycontactApplication}', contextInitializerClasses = '[]', activeProfiles = '{}', propertySourceLocations = '{}', propertySourceProperties = '{org.springframework.boot.test.context.SpringBootTestContextBootstrapper=true}', contextCustomizers = set[org.springframework.boot.test.autoconfigure.actuate.metrics.MetricsExportContextCustomizerFactory$DisableMetricExportContextCustomizer@bf8712f, org.springframework.boot.test.autoconfigure.properties.PropertyMappingContextCustomizer@0, org.springframework.boot.test.autoconfigure.web.servlet.WebDriverContextCustomizerFactory$Customizer@7787d5c8, org.springframework.boot.test.context.filter.ExcludeFilterContextCustomizer@1e240007, org.springframework.boot.test.json.DuplicateJsonObjectContextCustomizerFactory$DuplicateJsonObjectContextCustomizer@6aa3136, org.springframework.boot.test.mock.mockito.MockitoContextCustomizer@0, org.springframework.boot.test.web.client.TestRestTemplateContextCustomizer@73b8ae47, org.springframework.boot.test.context.SpringBootTestArgs@1, org.springframework.boot.test.context.SpringBootTestWebEnvironment@3f47e8bc], resourceBasePath = 'src/main/webapp', contextLoader = 'org.springframework.boot.test.context.SpringBootContextLoader', parent = [null]], attributes = map['org.springframework.test.context.web.ServletTestExecutionListener.activateListener' -> true, 'org.springframework.test.context.web.ServletTestExecutionListener.populatedRequestContextHolder' -> true, 'org.springframework.test.context.web.ServletTestExecutionListener.resetRequestContextHolder' -> true, 'org.springframework.test.context.event.ApplicationEventsTestExecutionListener.recordApplicationEvents' -> false]]; transaction manager [org.springframework.orm.jpa.JpaTransactionManager@797214f6]; rollback [true]
2021-05-23 17:15:19.930  INFO 10688 --- [    Test worker] o.s.mock.web.MockServletContext          : Initializing Spring TestDispatcherServlet ''
2021-05-23 17:15:19.931  INFO 10688 --- [    Test worker] o.s.t.web.servlet.TestDispatcherServlet  : Initializing Servlet ''
2021-05-23 17:15:19.932  INFO 10688 --- [    Test worker] o.s.t.web.servlet.TestDispatcherServlet  : Completed initialization in 0 ms
Hibernate: insert into person (id, address, day_of_birthday, month_of_birthday, year_of_birthday, deleted, hobby, job, name, phone_number) values (null, ?, ?, ?, ?, ?, ?, ?, ?, ?)

MockHttpServletRequest:
      HTTP Method = POST
      Request URI = /api/person
       Parameters = {}
          Headers = [Content-Type:"application/json;charset=UTF-8", Content-Length:"131"]
             Body = {"name":"martin","hobby":"programming","address":"판교","birthday":"2021-05-23","job":"programmer","phoneNumber":"010-1111-2222"}
    Session Attrs = {}

Handler:
             Type = com.fastcampus.javaallinone.project3.mycontact.controller.PersonController
           Method = com.fastcampus.javaallinone.project3.mycontact.controller.PersonController#postPerson(PersonDto)

Async:
    Async started = false
     Async result = null

Resolved Exception:
             Type = null

ModelAndView:
        View name = null
             View = null
            Model = null

FlashMap:
       Attributes = null

MockHttpServletResponse:
           Status = 201
    Error message = null
          Headers = []
     Content type = null
             Body = 
    Forwarded URL = null
   Redirected URL = null
          Cookies = []
Hibernate: select person0_.id as id1_0_, person0_.address as address2_0_, person0_.day_of_birthday as day_of_b3_0_, person0_.month_of_birthday as month_of4_0_, person0_.year_of_birthday as year_of_5_0_, person0_.deleted as deleted6_0_, person0_.hobby as hobby7_0_, person0_.job as job8_0_, person0_.name as name9_0_, person0_.phone_number as phone_n10_0_ from person person0_ where ( person0_.deleted = 0) order by person0_.id desc
Person(id=6, name=martin, hobby=programming, address=판교, birthday=Birthday(yearOfBirthday=2021, monthOfBirthday=5, dayOfBirthday=23), job=programmer, phoneNumber=010-1111-2222, deleted=false)
2021-05-23 17:15:20.015  INFO 10688 --- [    Test worker] o.s.t.c.transaction.TransactionContext   : Rolled back transaction for test: [DefaultTestContext@73b70557 testClass = PersonControllerTest, testInstance = com.fastcampus.javaallinone.project3.mycontact.controller.PersonControllerTest@71d836f0, testMethod = postPerson@PersonControllerTest, testException = [null], mergedContextConfiguration = [WebMergedContextConfiguration@6e0caa6 testClass = PersonControllerTest, locations = '{}', classes = '{class com.fastcampus.javaallinone.project3.mycontact.MycontactApplication}', contextInitializerClasses = '[]', activeProfiles = '{}', propertySourceLocations = '{}', propertySourceProperties = '{org.springframework.boot.test.context.SpringBootTestContextBootstrapper=true}', contextCustomizers = set[org.springframework.boot.test.autoconfigure.actuate.metrics.MetricsExportContextCustomizerFactory$DisableMetricExportContextCustomizer@bf8712f, org.springframework.boot.test.autoconfigure.properties.PropertyMappingContextCustomizer@0, org.springframework.boot.test.autoconfigure.web.servlet.WebDriverContextCustomizerFactory$Customizer@7787d5c8, org.springframework.boot.test.context.filter.ExcludeFilterContextCustomizer@1e240007, org.springframework.boot.test.json.DuplicateJsonObjectContextCustomizerFactory$DuplicateJsonObjectContextCustomizer@6aa3136, org.springframework.boot.test.mock.mockito.MockitoContextCustomizer@0, org.springframework.boot.test.web.client.TestRestTemplateContextCustomizer@73b8ae47, org.springframework.boot.test.context.SpringBootTestArgs@1, org.springframework.boot.test.context.SpringBootTestWebEnvironment@3f47e8bc], resourceBasePath = 'src/main/webapp', contextLoader = 'org.springframework.boot.test.context.SpringBootContextLoader', parent = [null]], attributes = map['org.springframework.test.context.web.ServletTestExecutionListener.activateListener' -> true, 'org.springframework.test.context.web.ServletTestExecutionListener.populatedRequestContextHolder' -> true, 'org.springframework.test.context.web.ServletTestExecutionListener.resetRequestContextHolder' -> true, 'org.springframework.test.context.event.ApplicationEventsTestExecutionListener.recordApplicationEvents' -> false]]
]]></system-out>
  <system-err><![CDATA[]]></system-err>
</testsuite>
